#
# There is insufficient memory for the Java Runtime Environment to continue.
# Native memory allocation (malloc) failed to allocate 955056 bytes. Error detail: Chunk::new
# Possible reasons:
#   The system is out of physical RAM or swap space
#   This process is running with CompressedOops enabled, and the Java Heap may be blocking the growth of the native heap
# Possible solutions:
#   Reduce memory load on the system
#   Increase physical memory or swap space
#   Check if swap backing store is full
#   Decrease Java heap size (-Xmx/-Xms)
#   Decrease number of Java threads
#   Decrease Java thread stack sizes (-Xss)
#   Set larger code cache with -XX:ReservedCodeCacheSize=
#   JVM is running with Unscaled Compressed Oops mode in which the Java heap is
#     placed in the first 4GB address space. The Java Heap base address is the
#     maximum limit for the native heap growth. Please use -XX:HeapBaseMinAddress
#     to set the Java Heap base and to place the Java Heap above 4GB virtual address.
# This output file may be truncated or incomplete.
#
#  Out of Memory Error (arena.cpp:191), pid=17080, tid=13900
#
# JRE version: OpenJDK Runtime Environment Temurin-17.0.18+8 (17.0.18+8) (build 17.0.18+8)
# Java VM: OpenJDK 64-Bit Server VM Temurin-17.0.18+8 (17.0.18+8, mixed mode, sharing, tiered, compressed oops, compressed class ptrs, g1 gc, windows-amd64)
# No core dump will be written. Minidumps are not enabled by default on client versions of Windows
#

---------------  S U M M A R Y ------------

Command Line: -XX:MaxMetaspaceSize=512m --add-opens=java.base/java.util=ALL-UNNAMED --add-opens=java.base/java.lang=ALL-UNNAMED --add-opens=java.base/java.lang.invoke=ALL-UNNAMED --add-opens=java.prefs/java.util.prefs=ALL-UNNAMED --add-exports=jdk.compiler/com.sun.tools.javac.api=ALL-UNNAMED --add-exports=jdk.compiler/com.sun.tools.javac.util=ALL-UNNAMED --add-opens=java.base/java.nio.charset=ALL-UNNAMED --add-opens=java.base/java.net=ALL-UNNAMED --add-opens=java.base/java.util.concurrent.atomic=ALL-UNNAMED -Xmx2048m -Dfile.encoding=windows-1252 -Duser.country=US -Duser.language=en -Duser.variant -javaagent:D:\gradle-cache\wrapper\dists\gradle-8.10.2-all\7iv73wktx1xtkvlq19urqw1wm\gradle-8.10.2\lib\agents\gradle-instrumentation-agent-8.10.2.jar org.gradle.launcher.daemon.bootstrap.GradleDaemon 8.10.2

Host: Intel(R) Core(TM) i5-6300U CPU @ 2.40GHz, 4 cores, 7G,  Windows 10 , 64 bit Build 19041 (10.0.19041.5915)
Time: Fri Apr  3 23:00:15 2026 Pakistan Standard Time elapsed time: 29.345589 seconds (0d 0h 0m 29s)

---------------  T H R E A D  ---------------

Current thread (0x00000136acf28030):  JavaThread "C2 CompilerThread0" daemon [_thread_in_native, id=13900, stack(0x0000001aeac00000,0x0000001aead00000)]


Current CompileTask:
C2:29345 7394       4       sun.reflect.generics.parser.SignatureParser::parsePackageNameAndSimpleClassTypeSignature (119 bytes)

Stack: [0x0000001aeac00000,0x0000001aead00000]
Native frames: (J=compiled Java code, j=interpreted, Vv=VM code, C=native code)
V  [jvm.dll+0x6846f9]
V  [jvm.dll+0x839ea5]
V  [jvm.dll+0x83b91e]
V  [jvm.dll+0x83bfa3]
V  [jvm.dll+0x248eff]
V  [jvm.dll+0xad496]
V  [jvm.dll+0xadb3c]
V  [jvm.dll+0x2b05df]
V  [jvm.dll+0x58acf5]
V  [jvm.dll+0x222e84]
V  [jvm.dll+0x22327d]
V  [jvm.dll+0x21bfdb]
V  [jvm.dll+0x2190fe]
V  [jvm.dll+0x1a4920]
V  [jvm.dll+0x22989a]
V  [jvm.dll+0x227a4b]
V  [jvm.dll+0x7f0658]
V  [jvm.dll+0x7eaaec]
V  [jvm.dll+0x6835c7]
C  [ucrtbase.dll+0x21bb2]
C  [KERNEL32.DLL+0x17374]
C  [ntdll.dll+0x4cc91]


---------------  P R O C E S S  ---------------

Threads class SMR info:
_java_thread_list=0x00000136ceae4df0, length=52, elements={
0x000001368f2f24e0, 0x00000136acf04fe0, 0x00000136acf05b70, 0x00000136acf1a8e0,
0x00000136acf1b1b0, 0x00000136acf1da90, 0x00000136acf1e360, 0x00000136acf28030,
0x00000136acf340a0, 0x00000136acf7c5a0, 0x00000136acef03f0, 0x00000136cc24b080,
0x00000136cd32d870, 0x00000136cdbbf9c0, 0x00000136ce1f61b0, 0x00000136ce1f8af0,
0x00000136ce035310, 0x00000136ce034e00, 0x00000136ce033ed0, 0x00000136ce032580,
0x00000136ce0343e0, 0x00000136ce035820, 0x00000136ce0348f0, 0x00000136ce032070,
0x00000136ce032a90, 0x00000136ce0339c0, 0x00000136ce0334b0, 0x00000136ce032fa0,
0x00000136cf305750, 0x00000136cf3033e0, 0x00000136cf3038f0, 0x00000136cf304310,
0x00000136cf303e00, 0x00000136cf304820, 0x00000136cf3029c0, 0x00000136cf302ed0,
0x00000136ce95f820, 0x00000136ce95d9c0, 0x00000136ce95e8f0, 0x00000136ce95ee00,
0x00000136ce962fd0, 0x00000136ce95cfa0, 0x00000136ce95f310, 0x00000136ce95ded0,
0x00000136ce961170, 0x00000136ce95fd30, 0x00000136ce960240, 0x00000136ce961680,
0x00000136ce95e3e0, 0x00000136ce960750, 0x00000136ce960c60, 0x00000136ce95ca90
}

Java Threads: ( => current thread )
  0x000001368f2f24e0 JavaThread "main" [_thread_blocked, id=16528, stack(0x0000001ae9f00000,0x0000001aea000000)]
  0x00000136acf04fe0 JavaThread "Reference Handler" daemon [_thread_blocked, id=6648, stack(0x0000001aea600000,0x0000001aea700000)]
  0x00000136acf05b70 JavaThread "Finalizer" daemon [_thread_blocked, id=16312, stack(0x0000001aea700000,0x0000001aea800000)]
  0x00000136acf1a8e0 JavaThread "Signal Dispatcher" daemon [_thread_blocked, id=18008, stack(0x0000001aea800000,0x0000001aea900000)]
  0x00000136acf1b1b0 JavaThread "Attach Listener" daemon [_thread_blocked, id=18128, stack(0x0000001aea900000,0x0000001aeaa00000)]
  0x00000136acf1da90 JavaThread "Service Thread" daemon [_thread_blocked, id=16468, stack(0x0000001aeaa00000,0x0000001aeab00000)]
  0x00000136acf1e360 JavaThread "Monitor Deflation Thread" daemon [_thread_blocked, id=13460, stack(0x0000001aeab00000,0x0000001aeac00000)]
=>0x00000136acf28030 JavaThread "C2 CompilerThread0" daemon [_thread_in_native, id=13900, stack(0x0000001aeac00000,0x0000001aead00000)]
  0x00000136acf340a0 JavaThread "C1 CompilerThread0" daemon [_thread_blocked, id=17948, stack(0x0000001aead00000,0x0000001aeae00000)]
  0x00000136acf7c5a0 JavaThread "Sweeper thread" daemon [_thread_blocked, id=15692, stack(0x0000001aeae00000,0x0000001aeaf00000)]
  0x00000136acef03f0 JavaThread "Common-Cleaner" daemon [_thread_blocked, id=16316, stack(0x0000001aeaf00000,0x0000001aeb000000)]
  0x00000136cc24b080 JavaThread "Notification Thread" daemon [_thread_blocked, id=14708, stack(0x0000001aeb000000,0x0000001aeb100000)]
  0x00000136cd32d870 JavaThread "Daemon health stats" [_thread_blocked, id=7768, stack(0x0000001aeb200000,0x0000001aeb300000)]
  0x00000136cdbbf9c0 JavaThread "Incoming local TCP Connector on port 59204" [_thread_in_native, id=15796, stack(0x0000001aeb600000,0x0000001aeb700000)]
  0x00000136ce1f61b0 JavaThread "Daemon periodic checks" [_thread_blocked, id=9028, stack(0x0000001aeb700000,0x0000001aeb800000)]
  0x00000136ce1f8af0 JavaThread "Daemon" [_thread_blocked, id=17952, stack(0x0000001aeb800000,0x0000001aeb900000)]
  0x00000136ce035310 JavaThread "Handler for socket connection from /127.0.0.1:59204 to /127.0.0.1:59205" [_thread_in_native, id=16788, stack(0x0000001aeb900000,0x0000001aeba00000)]
  0x00000136ce034e00 JavaThread "Cancel handler" [_thread_blocked, id=8888, stack(0x0000001aeba00000,0x0000001aebb00000)]
  0x00000136ce033ed0 JavaThread "Daemon worker" [_thread_in_vm, id=16824, stack(0x0000001aebb00000,0x0000001aebc00000)]
  0x00000136ce032580 JavaThread "Asynchronous log dispatcher for DefaultDaemonConnection: socket connection from /127.0.0.1:59204 to /127.0.0.1:59205" [_thread_blocked, id=15800, stack(0x0000001aebc00000,0x0000001aebd00000)]
  0x00000136ce0343e0 JavaThread "Stdin handler" [_thread_blocked, id=18340, stack(0x0000001aebd00000,0x0000001aebe00000)]
  0x00000136ce035820 JavaThread "Daemon client event forwarder" [_thread_blocked, id=14240, stack(0x0000001aebe00000,0x0000001aebf00000)]
  0x00000136ce0348f0 JavaThread "Cache worker for journal cache (D:\gradle-cache\caches\journal-1)" [_thread_blocked, id=4356, stack(0x0000001aebf00000,0x0000001aec000000)]
  0x00000136ce032070 JavaThread "File lock request listener" [_thread_in_native, id=11692, stack(0x0000001aec000000,0x0000001aec100000)]
  0x00000136ce032a90 JavaThread "Cache worker for file hash cache (D:\gradle-cache\caches\8.10.2\fileHashes)" [_thread_blocked, id=15372, stack(0x0000001aec100000,0x0000001aec200000)]
  0x00000136ce0339c0 JavaThread "Cache worker for file hash cache (E:\varxus\app\h\GlassMarket\android\.gradle\8.10.2\fileHashes)" [_thread_blocked, id=12432, stack(0x0000001aec200000,0x0000001aec300000)]
  0x00000136ce0334b0 JavaThread "Cache worker for Build Output Cleanup Cache (E:\varxus\app\h\GlassMarket\android\.gradle\buildOutputCleanup)" [_thread_blocked, id=1264, stack(0x0000001aec300000,0x0000001aec400000)]
  0x00000136ce032fa0 JavaThread "File watcher server" daemon [_thread_in_native, id=1364, stack(0x0000001aec400000,0x0000001aec500000)]
  0x00000136cf305750 JavaThread "File watcher consumer" daemon [_thread_blocked, id=15656, stack(0x0000001aec500000,0x0000001aec600000)]
  0x00000136cf3033e0 JavaThread "Cache worker for checksums cache (E:\varxus\app\h\GlassMarket\android\.gradle\8.10.2\checksums)" [_thread_blocked, id=3940, stack(0x0000001aec600000,0x0000001aec700000)]
  0x00000136cf3038f0 JavaThread "Cache worker for file content cache (D:\gradle-cache\caches\8.10.2\fileContent)" [_thread_blocked, id=9496, stack(0x0000001aec700000,0x0000001aec800000)]
  0x00000136cf304310 JavaThread "Cache worker for cache directory md-rule (D:\gradle-cache\caches\8.10.2\md-rule)" [_thread_blocked, id=16924, stack(0x0000001aec800000,0x0000001aec900000)]
  0x00000136cf303e00 JavaThread "Cache worker for cache directory md-supplier (D:\gradle-cache\caches\8.10.2\md-supplier)" [_thread_blocked, id=16544, stack(0x0000001aec900000,0x0000001aeca00000)]
  0x00000136cf304820 JavaThread "jar transforms" [_thread_blocked, id=1880, stack(0x0000001aecc00000,0x0000001aecd00000)]
  0x00000136cf3029c0 JavaThread "Cache worker for Build Output Cleanup Cache (E:\varxus\app\h\GlassMarket\node_modules\@react-native\gradle-plugin\.gradle\buildOutputCleanup)" [_thread_blocked, id=13780, stack(0x0000001aecd00000,0x0000001aece00000)]
  0x00000136cf302ed0 JavaThread "Unconstrained build operations" [_thread_blocked, id=16688, stack(0x0000001aece00000,0x0000001aecf00000)]
  0x00000136ce95f820 JavaThread "Unconstrained build operations Thread 2" [_thread_blocked, id=16704, stack(0x0000001aecf00000,0x0000001aed000000)]
  0x00000136ce95d9c0 JavaThread "Unconstrained build operations Thread 3" [_thread_blocked, id=15532, stack(0x0000001aed000000,0x0000001aed100000)]
  0x00000136ce95e8f0 JavaThread "Unconstrained build operations Thread 4" [_thread_blocked, id=15396, stack(0x0000001aed100000,0x0000001aed200000)]
  0x00000136ce95ee00 JavaThread "Unconstrained build operations Thread 5" [_thread_blocked, id=17036, stack(0x0000001aed200000,0x0000001aed300000)]
  0x00000136ce962fd0 JavaThread "Unconstrained build operations Thread 6" [_thread_blocked, id=12508, stack(0x0000001aed300000,0x0000001aed400000)]
  0x00000136ce95cfa0 JavaThread "Unconstrained build operations Thread 7" [_thread_blocked, id=17856, stack(0x0000001aed400000,0x0000001aed500000)]
  0x00000136ce95f310 JavaThread "Unconstrained build operations Thread 8" [_thread_blocked, id=6748, stack(0x0000001aed500000,0x0000001aed600000)]
  0x00000136ce95ded0 JavaThread "Unconstrained build operations Thread 9" [_thread_blocked, id=17728, stack(0x0000001aed600000,0x0000001aed700000)]
  0x00000136ce961170 JavaThread "Unconstrained build operations Thread 10" [_thread_blocked, id=15848, stack(0x0000001aed700000,0x0000001aed800000)]
  0x00000136ce95fd30 JavaThread "Unconstrained build operations Thread 11" [_thread_blocked, id=4704, stack(0x0000001aed800000,0x0000001aed900000)]
  0x00000136ce960240 JavaThread "Unconstrained build operations Thread 12" [_thread_blocked, id=16876, stack(0x0000001aed900000,0x0000001aeda00000)]
  0x00000136ce961680 JavaThread "Unconstrained build operations Thread 13" [_thread_blocked, id=964, stack(0x0000001aeda00000,0x0000001aedb00000)]
  0x00000136ce95e3e0 JavaThread "Unconstrained build operations Thread 14" [_thread_blocked, id=16712, stack(0x0000001aedb00000,0x0000001aedc00000)]
  0x00000136ce960750 JavaThread "Unconstrained build operations Thread 15" [_thread_blocked, id=17312, stack(0x0000001aedc00000,0x0000001aedd00000)]
  0x00000136ce960c60 JavaThread "Memory manager" [_thread_blocked, id=9020, stack(0x0000001aedd00000,0x0000001aede00000)]
  0x00000136ce95ca90 JavaThread "build event listener" [_thread_blocked, id=11568, stack(0x0000001aede00000,0x0000001aedf00000)]

Other Threads:
  0x00000136acf01280 VMThread "VM Thread" [stack: 0x0000001aea500000,0x0000001aea600000] [id=15832]
  0x000001368f2f33b0 WatcherThread [stack: 0x0000001aeb100000,0x0000001aeb200000] [id=15812]
  0x000001368f34c800 GCTaskThread "GC Thread#0" [stack: 0x0000001aea000000,0x0000001aea100000] [id=17992]
  0x00000136cc329690 GCTaskThread "GC Thread#1" [stack: 0x0000001aeb300000,0x0000001aeb400000] [id=15888]
  0x00000136cc329950 GCTaskThread "GC Thread#2" [stack: 0x0000001aeb400000,0x0000001aeb500000] [id=15836]
  0x00000136cce5b6c0 GCTaskThread "GC Thread#3" [stack: 0x0000001aeb500000,0x0000001aeb600000] [id=15548]
  0x000001368f35e670 ConcurrentGCThread "G1 Main Marker" [stack: 0x0000001aea100000,0x0000001aea200000] [id=9856]
  0x000001368f35f740 ConcurrentGCThread "G1 Conc#0" [stack: 0x0000001aea200000,0x0000001aea300000] [id=3900]
  0x00000136acdc20c0 ConcurrentGCThread "G1 Refine#0" [stack: 0x0000001aea300000,0x0000001aea400000] [id=17432]
  0x00000136cf318a20 ConcurrentGCThread "G1 Refine#1" [stack: 0x0000001aeca00000,0x0000001aecb00000] [id=464]
  0x00000136ce2a3560 ConcurrentGCThread "G1 Refine#2" [stack: 0x0000001aecb00000,0x0000001aecc00000] [id=18268]
  0x00000136acdc2900 ConcurrentGCThread "G1 Service" [stack: 0x0000001aea400000,0x0000001aea500000] [id=6904]

Threads with active compile tasks:
C2 CompilerThread0  29417 7394       4       sun.reflect.generics.parser.SignatureParser::parsePackageNameAndSimpleClassTypeSignature (119 bytes)

VM state: not at safepoint (normal execution)

VM Mutex/Monitor currently owned by a thread: None

Heap address: 0x0000000080000000, size: 2048 MB, Compressed Oops mode: 32-bit

CDS archive(s) mapped at: [0x00000136ad000000-0x00000136adbb0000-0x00000136adbb0000), size 12255232, SharedBaseAddress: 0x00000136ad000000, ArchiveRelocationMode: 1.
Compressed class space mapped at: 0x00000136ae000000-0x00000136c8000000, reserved size: 436207616
Narrow klass base: 0x00000136ad000000, Narrow klass shift: 0, Narrow klass range: 0x100000000

GC Precious Log:
 CPUs: 4 total, 4 available
 Memory: 8058M
 Large Page Support: Disabled
 NUMA Support: Disabled
 Compressed Oops: Enabled (32-bit)
 Heap Region Size: 1M
 Heap Min Capacity: 8M
 Heap Initial Capacity: 126M
 Heap Max Capacity: 2G
 Pre-touch: Disabled
 Parallel Workers: 4
 Concurrent Workers: 1
 Concurrent Refinement Workers: 4
 Periodic GC: Disabled

Heap:
 garbage-first heap   total 111616K, used 69386K [0x0000000080000000, 0x0000000100000000)
  region size 1024K, 8 young (8192K), 1 survivors (1024K)
 Metaspace       used 61594K, committed 62272K, reserved 491520K
  class space    used 8737K, committed 9088K, reserved 425984K

Heap Regions: E=young(eden), S=young(survivor), O=old, HS=humongous(starts), HC=humongous(continues), CS=collection set, F=free, OA=open archive, CA=closed archive, TAMS=top-at-mark-start (previous, next)
|   0|0x0000000080000000, 0x0000000080100000, 0x0000000080100000|100%|HS|  |TAMS 0x0000000080100000, 0x0000000080000000| Complete 
|   1|0x0000000080100000, 0x0000000080200000, 0x0000000080200000|100%|HC|  |TAMS 0x0000000080200000, 0x0000000080100000| Complete 
|   2|0x0000000080200000, 0x0000000080300000, 0x0000000080300000|100%|HC|  |TAMS 0x0000000080300000, 0x0000000080200000| Complete 
|   3|0x0000000080300000, 0x0000000080400000, 0x0000000080400000|100%|HC|  |TAMS 0x0000000080400000, 0x0000000080300000| Complete 
|   4|0x0000000080400000, 0x0000000080500000, 0x0000000080500000|100%| O|  |TAMS 0x0000000080500000, 0x0000000080400000| Untracked 
|   5|0x0000000080500000, 0x0000000080600000, 0x0000000080600000|100%| O|  |TAMS 0x0000000080600000, 0x0000000080500000| Untracked 
|   6|0x0000000080600000, 0x0000000080700000, 0x0000000080700000|100%| O|  |TAMS 0x0000000080700000, 0x0000000080600000| Untracked 
|   7|0x0000000080700000, 0x0000000080800000, 0x0000000080800000|100%| O|  |TAMS 0x0000000080800000, 0x0000000080700000| Untracked 
|   8|0x0000000080800000, 0x0000000080900000, 0x0000000080900000|100%|HS|  |TAMS 0x0000000080900000, 0x0000000080800000| Complete 
|   9|0x0000000080900000, 0x0000000080a00000, 0x0000000080a00000|100%| O|  |TAMS 0x0000000080a00000, 0x0000000080900000| Untracked 
|  10|0x0000000080a00000, 0x0000000080b00000, 0x0000000080b00000|100%| O|  |TAMS 0x0000000080b00000, 0x0000000080a00000| Untracked 
|  11|0x0000000080b00000, 0x0000000080c00000, 0x0000000080c00000|100%| O|  |TAMS 0x0000000080c00000, 0x0000000080b00000| Untracked 
|  12|0x0000000080c00000, 0x0000000080d00000, 0x0000000080d00000|100%| O|  |TAMS 0x0000000080d00000, 0x0000000080c00000| Untracked 
|  13|0x0000000080d00000, 0x0000000080e00000, 0x0000000080e00000|100%| O|  |TAMS 0x0000000080e00000, 0x0000000080d00000| Untracked 
|  14|0x0000000080e00000, 0x0000000080f00000, 0x0000000080f00000|100%| O|  |TAMS 0x0000000080f00000, 0x0000000080e00000| Untracked 
|  15|0x0000000080f00000, 0x0000000081000000, 0x0000000081000000|100%| O|  |TAMS 0x0000000081000000, 0x0000000080f00000| Untracked 
|  16|0x0000000081000000, 0x0000000081100000, 0x0000000081100000|100%| O|  |TAMS 0x0000000081100000, 0x0000000081000000| Untracked 
|  17|0x0000000081100000, 0x00000000811b2600, 0x0000000081200000| 69%| O|  |TAMS 0x00000000811b2600, 0x0000000081100000| Untracked 
|  18|0x0000000081200000, 0x0000000081300000, 0x0000000081300000|100%| O|  |TAMS 0x0000000081300000, 0x0000000081200000| Untracked 
|  19|0x0000000081300000, 0x0000000081400000, 0x0000000081400000|100%| O|  |TAMS 0x0000000081400000, 0x0000000081300000| Untracked 
|  20|0x0000000081400000, 0x0000000081500000, 0x0000000081500000|100%| O|  |TAMS 0x0000000081500000, 0x0000000081400000| Untracked 
|  21|0x0000000081500000, 0x0000000081600000, 0x0000000081600000|100%| O|  |TAMS 0x0000000081600000, 0x0000000081500000| Untracked 
|  22|0x0000000081600000, 0x0000000081700000, 0x0000000081700000|100%| O|  |TAMS 0x0000000081700000, 0x0000000081600000| Untracked 
|  23|0x0000000081700000, 0x0000000081800000, 0x0000000081800000|100%| O|  |TAMS 0x0000000081800000, 0x0000000081700000| Untracked 
|  24|0x0000000081800000, 0x0000000081900000, 0x0000000081900000|100%| O|  |TAMS 0x0000000081900000, 0x0000000081800000| Complete 
|  25|0x0000000081900000, 0x0000000081a00000, 0x0000000081a00000|100%| O|  |TAMS 0x0000000081a00000, 0x0000000081900000| Untracked 
|  26|0x0000000081a00000, 0x0000000081b00000, 0x0000000081b00000|100%| O|  |TAMS 0x0000000081b00000, 0x0000000081a00000| Untracked 
|  27|0x0000000081b00000, 0x0000000081c00000, 0x0000000081c00000|100%| O|  |TAMS 0x0000000081c00000, 0x0000000081b00000| Untracked 
|  28|0x0000000081c00000, 0x0000000081d00000, 0x0000000081d00000|100%| O|  |TAMS 0x0000000081d00000, 0x0000000081c00000| Untracked 
|  29|0x0000000081d00000, 0x0000000081d00000, 0x0000000081e00000|  0%| F|  |TAMS 0x0000000081d00000, 0x0000000081d00000| Untracked 
|  30|0x0000000081e00000, 0x0000000081f00000, 0x0000000081f00000|100%| O|  |TAMS 0x0000000081f00000, 0x0000000081e00000| Untracked 
|  31|0x0000000081f00000, 0x0000000082000000, 0x0000000082000000|100%| O|  |TAMS 0x0000000082000000, 0x0000000081f00000| Untracked 
|  32|0x0000000082000000, 0x0000000082100000, 0x0000000082100000|100%| O|  |TAMS 0x0000000082100000, 0x0000000082000000| Untracked 
|  33|0x0000000082100000, 0x0000000082200000, 0x0000000082200000|100%| O|  |TAMS 0x0000000082200000, 0x0000000082100000| Untracked 
|  34|0x0000000082200000, 0x0000000082300000, 0x0000000082300000|100%| O|  |TAMS 0x0000000082300000, 0x0000000082200000| Untracked 
|  35|0x0000000082300000, 0x0000000082400000, 0x0000000082400000|100%| O|  |TAMS 0x0000000082400000, 0x0000000082300000| Untracked 
|  36|0x0000000082400000, 0x0000000082500000, 0x0000000082500000|100%| O|  |TAMS 0x0000000082500000, 0x0000000082400000| Untracked 
|  37|0x0000000082500000, 0x0000000082600000, 0x0000000082600000|100%| O|  |TAMS 0x0000000082600000, 0x0000000082500000| Untracked 
|  38|0x0000000082600000, 0x0000000082700000, 0x0000000082700000|100%| O|  |TAMS 0x0000000082700000, 0x0000000082600000| Untracked 
|  39|0x0000000082700000, 0x0000000082800000, 0x0000000082800000|100%| O|  |TAMS 0x0000000082800000, 0x0000000082700000| Untracked 
|  40|0x0000000082800000, 0x0000000082900000, 0x0000000082900000|100%| O|  |TAMS 0x0000000082900000, 0x0000000082800000| Untracked 
|  41|0x0000000082900000, 0x0000000082a00000, 0x0000000082a00000|100%| O|  |TAMS 0x0000000082a00000, 0x0000000082900000| Untracked 
|  42|0x0000000082a00000, 0x0000000082b00000, 0x0000000082b00000|100%|HS|  |TAMS 0x0000000082b00000, 0x0000000082a00000| Complete 
|  43|0x0000000082b00000, 0x0000000082c00000, 0x0000000082c00000|100%|HC|  |TAMS 0x0000000082c00000, 0x0000000082b00000| Complete 
|  44|0x0000000082c00000, 0x0000000082d00000, 0x0000000082d00000|100%|HS|  |TAMS 0x0000000082d00000, 0x0000000082c00000| Complete 
|  45|0x0000000082d00000, 0x0000000082e00000, 0x0000000082e00000|100%|HC|  |TAMS 0x0000000082e00000, 0x0000000082d00000| Complete 
|  46|0x0000000082e00000, 0x0000000082f00000, 0x0000000082f00000|100%| O|  |TAMS 0x0000000082f00000, 0x0000000082e00000| Untracked 
|  47|0x0000000082f00000, 0x0000000083000000, 0x0000000083000000|100%| O|  |TAMS 0x0000000083000000, 0x0000000082f00000| Untracked 
|  48|0x0000000083000000, 0x0000000083100000, 0x0000000083100000|100%| O|  |TAMS 0x0000000083100000, 0x0000000083000000| Untracked 
|  49|0x0000000083100000, 0x0000000083200000, 0x0000000083200000|100%|HS|  |TAMS 0x0000000083200000, 0x0000000083100000| Complete 
|  50|0x0000000083200000, 0x0000000083300000, 0x0000000083300000|100%|HC|  |TAMS 0x0000000083300000, 0x0000000083200000| Complete 
|  51|0x0000000083300000, 0x0000000083400000, 0x0000000083400000|100%|HC|  |TAMS 0x0000000083400000, 0x0000000083300000| Complete 
|  52|0x0000000083400000, 0x0000000083500000, 0x0000000083500000|100%|HC|  |TAMS 0x0000000083500000, 0x0000000083400000| Complete 
|  53|0x0000000083500000, 0x0000000083600000, 0x0000000083600000|100%|HS|  |TAMS 0x0000000083600000, 0x0000000083500000| Complete 
|  54|0x0000000083600000, 0x0000000083700000, 0x0000000083700000|100%|HC|  |TAMS 0x0000000083700000, 0x0000000083600000| Complete 
|  55|0x0000000083700000, 0x0000000083800000, 0x0000000083800000|100%|HC|  |TAMS 0x0000000083800000, 0x0000000083700000| Complete 
|  56|0x0000000083800000, 0x0000000083900000, 0x0000000083900000|100%|HC|  |TAMS 0x0000000083900000, 0x0000000083800000| Complete 
|  57|0x0000000083900000, 0x0000000083a00000, 0x0000000083a00000|100%| O|  |TAMS 0x0000000083a00000, 0x0000000083900000| Untracked 
|  58|0x0000000083a00000, 0x0000000083b00000, 0x0000000083b00000|100%| O|  |TAMS 0x0000000083b00000, 0x0000000083a00000| Untracked 
|  59|0x0000000083b00000, 0x0000000083c00000, 0x0000000083c00000|100%| O|  |TAMS 0x0000000083c00000, 0x0000000083b00000| Untracked 
|  60|0x0000000083c00000, 0x0000000083d00000, 0x0000000083d00000|100%| O|  |TAMS 0x0000000083d00000, 0x0000000083c00000| Untracked 
|  61|0x0000000083d00000, 0x0000000083e00000, 0x0000000083e00000|100%| O|  |TAMS 0x0000000083e00000, 0x0000000083d00000| Untracked 
|  62|0x0000000083e00000, 0x0000000083e40c00, 0x0000000083f00000| 25%| O|  |TAMS 0x0000000083e40c00, 0x0000000083e00000| Untracked 
|  63|0x0000000083f00000, 0x0000000083f00000, 0x0000000084000000|  0%| F|  |TAMS 0x0000000083f00000, 0x0000000083f00000| Untracked 
|  64|0x0000000084000000, 0x0000000084000000, 0x0000000084100000|  0%| F|  |TAMS 0x0000000084000000, 0x0000000084000000| Untracked 
|  65|0x0000000084100000, 0x0000000084100000, 0x0000000084200000|  0%| F|  |TAMS 0x0000000084100000, 0x0000000084100000| Untracked 
|  66|0x0000000084200000, 0x0000000084200000, 0x0000000084300000|  0%| F|  |TAMS 0x0000000084200000, 0x0000000084200000| Untracked 
|  67|0x0000000084300000, 0x0000000084300000, 0x0000000084400000|  0%| F|  |TAMS 0x0000000084300000, 0x0000000084300000| Untracked 
|  68|0x0000000084400000, 0x0000000084400000, 0x0000000084500000|  0%| F|  |TAMS 0x0000000084400000, 0x0000000084400000| Untracked 
|  69|0x0000000084500000, 0x0000000084500000, 0x0000000084600000|  0%| F|  |TAMS 0x0000000084500000, 0x0000000084500000| Untracked 
|  70|0x0000000084600000, 0x0000000084600000, 0x0000000084700000|  0%| F|  |TAMS 0x0000000084600000, 0x0000000084600000| Untracked 
|  71|0x0000000084700000, 0x0000000084700000, 0x0000000084800000|  0%| F|  |TAMS 0x0000000084700000, 0x0000000084700000| Untracked 
|  72|0x0000000084800000, 0x0000000084800000, 0x0000000084900000|  0%| F|  |TAMS 0x0000000084800000, 0x0000000084800000| Untracked 
|  73|0x0000000084900000, 0x0000000084900000, 0x0000000084a00000|  0%| F|  |TAMS 0x0000000084900000, 0x0000000084900000| Untracked 
|  74|0x0000000084a00000, 0x0000000084a00000, 0x0000000084b00000|  0%| F|  |TAMS 0x0000000084a00000, 0x0000000084a00000| Untracked 
|  75|0x0000000084b00000, 0x0000000084b00000, 0x0000000084c00000|  0%| F|  |TAMS 0x0000000084b00000, 0x0000000084b00000| Untracked 
|  76|0x0000000084c00000, 0x0000000084c00000, 0x0000000084d00000|  0%| F|  |TAMS 0x0000000084c00000, 0x0000000084c00000| Untracked 
|  77|0x0000000084d00000, 0x0000000084d00000, 0x0000000084e00000|  0%| F|  |TAMS 0x0000000084d00000, 0x0000000084d00000| Untracked 
|  78|0x0000000084e00000, 0x0000000084ecf630, 0x0000000084f00000| 81%| S|CS|TAMS 0x0000000084e00000, 0x0000000084e00000| Complete 
|  79|0x0000000084f00000, 0x0000000084f00000, 0x0000000085000000|  0%| F|  |TAMS 0x0000000084f00000, 0x0000000084f00000| Untracked 
|  80|0x0000000085000000, 0x0000000085000000, 0x0000000085100000|  0%| F|  |TAMS 0x0000000085000000, 0x0000000085000000| Untracked 
|  81|0x0000000085100000, 0x0000000085100000, 0x0000000085200000|  0%| F|  |TAMS 0x0000000085100000, 0x0000000085100000| Untracked 
|  82|0x0000000085200000, 0x0000000085200000, 0x0000000085300000|  0%| F|  |TAMS 0x0000000085200000, 0x0000000085200000| Untracked 
|  83|0x0000000085300000, 0x0000000085300000, 0x0000000085400000|  0%| F|  |TAMS 0x0000000085300000, 0x0000000085300000| Untracked 
|  84|0x0000000085400000, 0x0000000085400000, 0x0000000085500000|  0%| F|  |TAMS 0x0000000085400000, 0x0000000085400000| Untracked 
|  85|0x0000000085500000, 0x0000000085500000, 0x0000000085600000|  0%| F|  |TAMS 0x0000000085500000, 0x0000000085500000| Untracked 
|  86|0x0000000085600000, 0x0000000085600000, 0x0000000085700000|  0%| F|  |TAMS 0x0000000085600000, 0x0000000085600000| Untracked 
|  87|0x0000000085700000, 0x0000000085700000, 0x0000000085800000|  0%| F|  |TAMS 0x0000000085700000, 0x0000000085700000| Untracked 
|  88|0x0000000085800000, 0x0000000085800000, 0x0000000085900000|  0%| F|  |TAMS 0x0000000085800000, 0x0000000085800000| Untracked 
|  89|0x0000000085900000, 0x0000000085900000, 0x0000000085a00000|  0%| F|  |TAMS 0x0000000085900000, 0x0000000085900000| Untracked 
|  90|0x0000000085a00000, 0x0000000085a00000, 0x0000000085b00000|  0%| F|  |TAMS 0x0000000085a00000, 0x0000000085a00000| Untracked 
|  91|0x0000000085b00000, 0x0000000085b00000, 0x0000000085c00000|  0%| F|  |TAMS 0x0000000085b00000, 0x0000000085b00000| Untracked 
|  92|0x0000000085c00000, 0x0000000085c00000, 0x0000000085d00000|  0%| F|  |TAMS 0x0000000085c00000, 0x0000000085c00000| Untracked 
|  93|0x0000000085d00000, 0x0000000085d00000, 0x0000000085e00000|  0%| F|  |TAMS 0x0000000085d00000, 0x0000000085d00000| Untracked 
|  94|0x0000000085e00000, 0x0000000085e00000, 0x0000000085f00000|  0%| F|  |TAMS 0x0000000085e00000, 0x0000000085e00000| Untracked 
|  95|0x0000000085f00000, 0x0000000085f00000, 0x0000000086000000|  0%| F|  |TAMS 0x0000000085f00000, 0x0000000085f00000| Untracked 
|  96|0x0000000086000000, 0x0000000086000000, 0x0000000086100000|  0%| F|  |TAMS 0x0000000086000000, 0x0000000086000000| Untracked 
|  97|0x0000000086100000, 0x0000000086100000, 0x0000000086200000|  0%| F|  |TAMS 0x0000000086100000, 0x0000000086100000| Untracked 
|  98|0x0000000086200000, 0x0000000086200000, 0x0000000086300000|  0%| F|  |TAMS 0x0000000086200000, 0x0000000086200000| Untracked 
|  99|0x0000000086300000, 0x0000000086400000, 0x0000000086400000|100%| E|CS|TAMS 0x0000000086300000, 0x0000000086300000| Complete 
| 100|0x0000000086400000, 0x0000000086400000, 0x0000000086500000|  0%| F|  |TAMS 0x0000000086400000, 0x0000000086400000| Untracked 
| 101|0x0000000086500000, 0x0000000086500000, 0x0000000086600000|  0%| F|  |TAMS 0x0000000086500000, 0x0000000086500000| Untracked 
| 102|0x0000000086600000, 0x0000000086600000, 0x0000000086700000|  0%| F|  |TAMS 0x0000000086600000, 0x0000000086600000| Untracked 
| 103|0x0000000086700000, 0x00000000867d7448, 0x0000000086800000| 84%| E|  |TAMS 0x0000000086700000, 0x0000000086700000| Complete 
| 104|0x0000000086800000, 0x0000000086900000, 0x0000000086900000|100%| E|CS|TAMS 0x0000000086800000, 0x0000000086800000| Complete 
| 105|0x0000000086900000, 0x0000000086a00000, 0x0000000086a00000|100%| E|CS|TAMS 0x0000000086900000, 0x0000000086900000| Complete 
| 106|0x0000000086a00000, 0x0000000086b00000, 0x0000000086b00000|100%| E|CS|TAMS 0x0000000086a00000, 0x0000000086a00000| Complete 
| 107|0x0000000086b00000, 0x0000000086c00000, 0x0000000086c00000|100%| E|CS|TAMS 0x0000000086b00000, 0x0000000086b00000| Complete 
| 125|0x0000000087d00000, 0x0000000087e00000, 0x0000000087e00000|100%| E|CS|TAMS 0x0000000087d00000, 0x0000000087d00000| Complete 

Card table byte_map: [0x00000136a6260000,0x00000136a6660000] _byte_map_base: 0x00000136a5e60000

Marking Bits (Prev, Next): (CMBitMap*) 0x000001368f34cd30, (CMBitMap*) 0x000001368f34cd70
 Prev Bits: [0x00000136a6a60000, 0x00000136a8a60000)
 Next Bits: [0x00000136a8a60000, 0x00000136aaa60000)

Polling page: 0x000001368d210000

Metaspace:

Usage:
  Non-class:     51.62 MB used.
      Class:      8.53 MB used.
       Both:     60.15 MB used.

Virtual space:
  Non-class space:       64.00 MB reserved,      51.94 MB ( 81%) committed,  1 nodes.
      Class space:      416.00 MB reserved,       8.88 MB (  2%) committed,  1 nodes.
             Both:      480.00 MB reserved,      60.81 MB ( 13%) committed. 

Chunk freelists:
   Non-Class:  11.27 MB
       Class:  7.16 MB
        Both:  18.43 MB

MaxMetaspaceSize: 512.00 MB
CompressedClassSpaceSize: 416.00 MB
Initial GC threshold: 21.00 MB
Current GC threshold: 100.88 MB
CDS: on
MetaspaceReclaimPolicy: balanced
 - commit_granule_bytes: 65536.
 - commit_granule_words: 8192.
 - virtual_space_node_default_size: 8388608.
 - enlarge_chunks_in_place: 1.
 - new_chunks_are_fully_committed: 0.
 - uncommit_free_chunks: 1.
 - use_allocation_guard: 0.
 - handle_deallocations: 1.


Internal statistics:

num_allocs_failed_limit: 6.
num_arena_births: 812.
num_arena_deaths: 0.
num_vsnodes_births: 2.
num_vsnodes_deaths: 0.
num_space_committed: 973.
num_space_uncommitted: 0.
num_chunks_returned_to_freelist: 6.
num_chunks_taken_from_freelist: 3353.
num_chunk_merges: 6.
num_chunk_splits: 2193.
num_chunks_enlarged: 1471.
num_inconsistent_stats: 0.

CodeHeap 'non-profiled nmethods': size=120000Kb used=3208Kb max_used=3208Kb free=116791Kb
 bounds [0x000001369e930000, 0x000001369ec60000, 0x00000136a5e60000]
CodeHeap 'profiled nmethods': size=120000Kb used=12100Kb max_used=12100Kb free=107899Kb
 bounds [0x0000013696e60000, 0x0000013697a40000, 0x000001369e390000]
CodeHeap 'non-nmethods': size=5760Kb used=2356Kb max_used=2418Kb free=3403Kb
 bounds [0x000001369e390000, 0x000001369e600000, 0x000001369e930000]
 total_blobs=7472 nmethods=6594 adapters=790
 compilation: enabled
              stopped_count=0, restarted_count=0
 full_count=0

Compilation events (20 events):
Event: 28.900 Thread 0x00000136acf340a0 nmethod 7388 0x0000013697a2ba10 code [0x0000013697a2bc20, 0x0000013697a2c0f8]
Event: 28.901 Thread 0x00000136acf340a0 7389       3       org.gradle.internal.serialization.Cached::of (9 bytes)
Event: 28.901 Thread 0x00000136acf340a0 nmethod 7389 0x0000013697a2c290 code [0x0000013697a2c440, 0x0000013697a2c6f8]
Event: 28.901 Thread 0x00000136acf28030 7390       4       java.util.TreeMap::getEntry (77 bytes)
Event: 28.910 Thread 0x00000136acf28030 nmethod 7390 0x000001369ec51990 code [0x000001369ec51b40, 0x000001369ec52138]
Event: 29.138 Thread 0x00000136acf340a0 7391       3       org.gradle.internal.instantiation.generator.ManagedObjectFactory::cachedOwnerDisplayNameOf (10 bytes)
Event: 29.138 Thread 0x00000136acf340a0 nmethod 7391 0x0000013697a2c810 code [0x0000013697a2ca40, 0x0000013697a2d2c8]
Event: 29.138 Thread 0x00000136acf340a0 7392       3       org.gradle.internal.instantiation.generator.ManagedObjectFactory$$Lambda$166/0x00000136ae1d8ae8::<init> (10 bytes)
Event: 29.139 Thread 0x00000136acf340a0 nmethod 7392 0x0000013697a2d590 code [0x0000013697a2d740, 0x0000013697a2d8f8]
Event: 29.174 Thread 0x00000136acf340a0 7393   !   3       org.gradle.internal.instantiation.generator.AsmBackedClassGenerator$ClassBuilderImpl::getAnnotationParameterValue (16 bytes)
Event: 29.175 Thread 0x00000136acf340a0 nmethod 7393 0x0000013697a2d990 code [0x0000013697a2dba0, 0x0000013697a2e188]
Event: 29.176 Thread 0x00000136acf28030 7394       4       sun.reflect.generics.parser.SignatureParser::parsePackageNameAndSimpleClassTypeSignature (119 bytes)
Event: 29.196 Thread 0x00000136acf340a0 7395       3       java.util.ArrayList::listIterator (10 bytes)
Event: 29.196 Thread 0x00000136acf340a0 nmethod 7395 0x0000013697a2e490 code [0x0000013697a2e640, 0x0000013697a2e998]
Event: 29.196 Thread 0x00000136acf340a0 7396       3       java.util.ArrayList$ListItr::<init> (16 bytes)
Event: 29.197 Thread 0x00000136acf340a0 nmethod 7396 0x0000013697a2eb10 code [0x0000013697a2ecc0, 0x0000013697a2ef58]
Event: 29.252 Thread 0x00000136acf340a0 7397       3       com.google.common.collect.ImmutableSet$RegularSetBuilderImpl::rebuildHashTable (80 bytes)
Event: 29.253 Thread 0x00000136acf340a0 nmethod 7397 0x0000013697a2f090 code [0x0000013697a2f2a0, 0x0000013697a2f9e8]
Event: 29.276 Thread 0x00000136acf340a0 7398       3       com.google.common.collect.ImmutableSet$Builder::addAll (8 bytes)
Event: 29.276 Thread 0x00000136acf340a0 nmethod 7398 0x0000013697a2fd10 code [0x0000013697a2ff00, 0x0000013697a30438]

GC Heap History (20 events):
Event: 13.137 GC heap before
{Heap before GC invocations=10 (full 0):
 garbage-first heap   total 86016K, used 64004K [0x0000000080000000, 0x0000000100000000)
  region size 1024K, 34 young (34816K), 4 survivors (4096K)
 Metaspace       used 36678K, committed 37120K, reserved 491520K
  class space    used 5128K, committed 5312K, reserved 425984K
}
Event: 13.144 GC heap after
{Heap after GC invocations=11 (full 0):
 garbage-first heap   total 86016K, used 33742K [0x0000000080000000, 0x0000000100000000)
  region size 1024K, 1 young (1024K), 1 survivors (1024K)
 Metaspace       used 36678K, committed 37120K, reserved 491520K
  class space    used 5128K, committed 5312K, reserved 425984K
}
Event: 14.522 GC heap before
{Heap before GC invocations=11 (full 0):
 garbage-first heap   total 86016K, used 66510K [0x0000000080000000, 0x0000000100000000)
  region size 1024K, 33 young (33792K), 1 survivors (1024K)
 Metaspace       used 39744K, committed 40256K, reserved 491520K
  class space    used 5607K, committed 5888K, reserved 425984K
}
Event: 14.529 GC heap after
{Heap after GC invocations=12 (full 0):
 garbage-first heap   total 103424K, used 35486K [0x0000000080000000, 0x0000000100000000)
  region size 1024K, 3 young (3072K), 3 survivors (3072K)
 Metaspace       used 39744K, committed 40256K, reserved 491520K
  class space    used 5607K, committed 5888K, reserved 425984K
}
Event: 16.550 GC heap before
{Heap before GC invocations=12 (full 0):
 garbage-first heap   total 103424K, used 82590K [0x0000000080000000, 0x0000000100000000)
  region size 1024K, 47 young (48128K), 3 survivors (3072K)
 Metaspace       used 44610K, committed 45184K, reserved 491520K
  class space    used 6261K, committed 6528K, reserved 425984K
}
Event: 16.561 GC heap after
{Heap after GC invocations=13 (full 0):
 garbage-first heap   total 103424K, used 38060K [0x0000000080000000, 0x0000000100000000)
  region size 1024K, 5 young (5120K), 5 survivors (5120K)
 Metaspace       used 44610K, committed 45184K, reserved 491520K
  class space    used 6261K, committed 6528K, reserved 425984K
}
Event: 19.322 GC heap before
{Heap before GC invocations=13 (full 0):
 garbage-first heap   total 103424K, used 82092K [0x0000000080000000, 0x0000000100000000)
  region size 1024K, 48 young (49152K), 5 survivors (5120K)
 Metaspace       used 49764K, committed 50304K, reserved 491520K
  class space    used 6993K, committed 7232K, reserved 425984K
}
Event: 19.337 GC heap after
{Heap after GC invocations=14 (full 0):
 garbage-first heap   total 103424K, used 40297K [0x0000000080000000, 0x0000000100000000)
  region size 1024K, 5 young (5120K), 5 survivors (5120K)
 Metaspace       used 49764K, committed 50304K, reserved 491520K
  class space    used 6993K, committed 7232K, reserved 425984K
}
Event: 21.682 GC heap before
{Heap before GC invocations=14 (full 0):
 garbage-first heap   total 103424K, used 82281K [0x0000000080000000, 0x0000000100000000)
  region size 1024K, 46 young (47104K), 5 survivors (5120K)
 Metaspace       used 52564K, committed 53184K, reserved 491520K
  class space    used 7393K, committed 7680K, reserved 425984K
}
Event: 21.696 GC heap after
{Heap after GC invocations=15 (full 0):
 garbage-first heap   total 103424K, used 44081K [0x0000000080000000, 0x0000000100000000)
  region size 1024K, 6 young (6144K), 6 survivors (6144K)
 Metaspace       used 52564K, committed 53184K, reserved 491520K
  class space    used 7393K, committed 7680K, reserved 425984K
}
Event: 23.782 GC heap before
{Heap before GC invocations=15 (full 0):
 garbage-first heap   total 103424K, used 80945K [0x0000000080000000, 0x0000000100000000)
  region size 1024K, 42 young (43008K), 6 survivors (6144K)
 Metaspace       used 55184K, committed 55808K, reserved 491520K
  class space    used 7822K, committed 8128K, reserved 425984K
}
Event: 23.799 GC heap after
{Heap after GC invocations=16 (full 0):
 garbage-first heap   total 103424K, used 45969K [0x0000000080000000, 0x0000000100000000)
  region size 1024K, 4 young (4096K), 4 survivors (4096K)
 Metaspace       used 55184K, committed 55808K, reserved 491520K
  class space    used 7822K, committed 8128K, reserved 425984K
}
Event: 24.997 GC heap before
{Heap before GC invocations=16 (full 0):
 garbage-first heap   total 103424K, used 76689K [0x0000000080000000, 0x0000000100000000)
  region size 1024K, 31 young (31744K), 4 survivors (4096K)
 Metaspace       used 57737K, committed 58432K, reserved 491520K
  class space    used 8213K, committed 8576K, reserved 425984K
}
Event: 25.008 GC heap after
{Heap after GC invocations=17 (full 0):
 garbage-first heap   total 103424K, used 51817K [0x0000000080000000, 0x0000000100000000)
  region size 1024K, 2 young (2048K), 2 survivors (2048K)
 Metaspace       used 57737K, committed 58432K, reserved 491520K
  class space    used 8213K, committed 8576K, reserved 425984K
}
Event: 27.634 GC heap before
{Heap before GC invocations=18 (full 0):
 garbage-first heap   total 103424K, used 90729K [0x0000000080000000, 0x0000000100000000)
  region size 1024K, 32 young (32768K), 2 survivors (2048K)
 Metaspace       used 59922K, committed 60608K, reserved 491520K
  class space    used 8491K, committed 8832K, reserved 425984K
}
Event: 27.642 GC heap after
{Heap after GC invocations=19 (full 0):
 garbage-first heap   total 103424K, used 62954K [0x0000000080000000, 0x0000000100000000)
  region size 1024K, 4 young (4096K), 4 survivors (4096K)
 Metaspace       used 59922K, committed 60608K, reserved 491520K
  class space    used 8491K, committed 8832K, reserved 425984K
}
Event: 27.685 GC heap before
{Heap before GC invocations=19 (full 0):
 garbage-first heap   total 103424K, used 63978K [0x0000000080000000, 0x0000000100000000)
  region size 1024K, 5 young (5120K), 4 survivors (4096K)
 Metaspace       used 59986K, committed 60672K, reserved 491520K
  class space    used 8498K, committed 8832K, reserved 425984K
}
Event: 27.692 GC heap after
{Heap after GC invocations=20 (full 0):
 garbage-first heap   total 103424K, used 62883K [0x0000000080000000, 0x0000000100000000)
  region size 1024K, 1 young (1024K), 1 survivors (1024K)
 Metaspace       used 59986K, committed 60672K, reserved 491520K
  class space    used 8498K, committed 8832K, reserved 425984K
}
Event: 28.868 GC heap before
{Heap before GC invocations=20 (full 0):
 garbage-first heap   total 103424K, used 83363K [0x0000000080000000, 0x0000000100000000)
  region size 1024K, 22 young (22528K), 1 survivors (1024K)
 Metaspace       used 61224K, committed 61888K, reserved 491520K
  class space    used 8678K, committed 9024K, reserved 425984K
}
Event: 28.871 GC heap after
{Heap after GC invocations=21 (full 0):
 garbage-first heap   total 103424K, used 63242K [0x0000000080000000, 0x0000000100000000)
  region size 1024K, 1 young (1024K), 1 survivors (1024K)
 Metaspace       used 61224K, committed 61888K, reserved 491520K
  class space    used 8678K, committed 9024K, reserved 425984K
}

Dll operation events (15 events):
Event: 0.018 Loaded shared library C:\Program Files\Eclipse Adoptium\jdk-17.0.18.8-hotspot\bin\java.dll
Event: 0.056 Loaded shared library C:\Program Files\Eclipse Adoptium\jdk-17.0.18.8-hotspot\bin\jsvml.dll
Event: 0.157 Loaded shared library C:\Program Files\Eclipse Adoptium\jdk-17.0.18.8-hotspot\bin\zip.dll
Event: 0.162 Loaded shared library C:\Program Files\Eclipse Adoptium\jdk-17.0.18.8-hotspot\bin\instrument.dll
Event: 0.167 Loaded shared library C:\Program Files\Eclipse Adoptium\jdk-17.0.18.8-hotspot\bin\net.dll
Event: 0.170 Loaded shared library C:\Program Files\Eclipse Adoptium\jdk-17.0.18.8-hotspot\bin\nio.dll
Event: 0.173 Loaded shared library C:\Program Files\Eclipse Adoptium\jdk-17.0.18.8-hotspot\bin\zip.dll
Event: 0.607 Loaded shared library C:\Program Files\Eclipse Adoptium\jdk-17.0.18.8-hotspot\bin\jimage.dll
Event: 1.077 Loaded shared library C:\Program Files\Eclipse Adoptium\jdk-17.0.18.8-hotspot\bin\verify.dll
Event: 1.495 Loaded shared library D:\gradle-cache\native\c067742578af261105cb4f569cf0c3c89f3d7b1fecec35dd04571415982c5e48\windows-amd64\native-platform.dll
Event: 1.568 Loaded shared library D:\gradle-cache\native\100fb08df4bc3b14c8652ba06237920a3bd2aa13389f12d3474272988ae205f9\windows-amd64\native-platform-file-events.dll
Event: 3.620 Loaded shared library C:\Program Files\Eclipse Adoptium\jdk-17.0.18.8-hotspot\bin\management.dll
Event: 3.623 Loaded shared library C:\Program Files\Eclipse Adoptium\jdk-17.0.18.8-hotspot\bin\management_ext.dll
Event: 4.044 Loaded shared library C:\Program Files\Eclipse Adoptium\jdk-17.0.18.8-hotspot\bin\extnet.dll
Event: 5.095 Loaded shared library C:\Program Files\Eclipse Adoptium\jdk-17.0.18.8-hotspot\bin\sunmscapi.dll

Deoptimization events (20 events):
Event: 26.826 Thread 0x00000136ce033ed0 DEOPT PACKING pc=0x000001369ec32694 sp=0x0000001aebbf45f0
Event: 26.826 Thread 0x00000136ce033ed0 DEOPT UNPACKING pc=0x000001369e3e69a3 sp=0x0000001aebbf44d8 mode 2
Event: 26.831 Thread 0x00000136ce033ed0 Uncommon trap: trap_request=0xffffffde fr.pc=0x000001369ec32694 relative=0x00000000000005b4
Event: 26.831 Thread 0x00000136ce033ed0 Uncommon trap: reason=class_check action=maybe_recompile pc=0x000001369ec32694 method=kotlin.reflect.jvm.internal.impl.protobuf.CodedInputStream.tryRefillBuffer(I)Z @ 175 c2
Event: 26.831 Thread 0x00000136ce033ed0 DEOPT PACKING pc=0x000001369ec32694 sp=0x0000001aebbf45f0
Event: 26.831 Thread 0x00000136ce033ed0 DEOPT UNPACKING pc=0x000001369e3e69a3 sp=0x0000001aebbf44d8 mode 2
Event: 26.832 Thread 0x00000136ce033ed0 Uncommon trap: trap_request=0xffffffde fr.pc=0x000001369ec32694 relative=0x00000000000005b4
Event: 26.832 Thread 0x00000136ce033ed0 Uncommon trap: reason=class_check action=maybe_recompile pc=0x000001369ec32694 method=kotlin.reflect.jvm.internal.impl.protobuf.CodedInputStream.tryRefillBuffer(I)Z @ 175 c2
Event: 26.832 Thread 0x00000136ce033ed0 DEOPT PACKING pc=0x000001369ec32694 sp=0x0000001aebbf46e0
Event: 26.832 Thread 0x00000136ce033ed0 DEOPT UNPACKING pc=0x000001369e3e69a3 sp=0x0000001aebbf45c8 mode 2
Event: 26.833 Thread 0x00000136ce033ed0 Uncommon trap: trap_request=0xffffffde fr.pc=0x000001369ec32694 relative=0x00000000000005b4
Event: 26.833 Thread 0x00000136ce033ed0 Uncommon trap: reason=class_check action=maybe_recompile pc=0x000001369ec32694 method=kotlin.reflect.jvm.internal.impl.protobuf.CodedInputStream.tryRefillBuffer(I)Z @ 175 c2
Event: 26.833 Thread 0x00000136ce033ed0 DEOPT PACKING pc=0x000001369ec32694 sp=0x0000001aebbf46e0
Event: 26.833 Thread 0x00000136ce033ed0 DEOPT UNPACKING pc=0x000001369e3e69a3 sp=0x0000001aebbf45c8 mode 2
Event: 28.795 Thread 0x00000136ce033ed0 DEOPT PACKING pc=0x0000013697446b5e sp=0x0000001aebbf5400
Event: 28.795 Thread 0x00000136ce033ed0 DEOPT UNPACKING pc=0x000001369e3e7143 sp=0x0000001aebbf48c8 mode 0
Event: 29.143 Thread 0x00000136ce033ed0 Uncommon trap: trap_request=0xffffff45 fr.pc=0x000001369ebe7858 relative=0x00000000000011f8
Event: 29.143 Thread 0x00000136ce033ed0 Uncommon trap: reason=unstable_if action=reinterpret pc=0x000001369ebe7858 method=java.util.regex.Pattern.atom()Ljava/util/regex/Pattern$Node; @ 14 c2
Event: 29.143 Thread 0x00000136ce033ed0 DEOPT PACKING pc=0x000001369ebe7858 sp=0x0000001aebbf4850
Event: 29.143 Thread 0x00000136ce033ed0 DEOPT UNPACKING pc=0x000001369e3e69a3 sp=0x0000001aebbf4818 mode 2

Classes loaded (20 events):
Event: 24.698 Loading class java/time/format/DateTimeFormatterBuilder$WeekBasedFieldPrinterParser
Event: 24.698 Loading class java/time/format/DateTimeFormatterBuilder$WeekBasedFieldPrinterParser done
Event: 24.760 Loading class com/sun/jmx/mbeanserver/StandardMBeanSupport
Event: 24.762 Loading class com/sun/jmx/mbeanserver/StandardMBeanSupport done
Event: 24.762 Loading class com/sun/jmx/mbeanserver/StandardMBeanIntrospector
Event: 24.763 Loading class com/sun/jmx/mbeanserver/StandardMBeanIntrospector done
Event: 25.684 Loading class sun/reflect/misc/MethodUtil
Event: 25.691 Loading class sun/reflect/misc/MethodUtil done
Event: 25.691 Loading class sun/reflect/misc/MethodUtil$1
Event: 25.691 Loading class sun/reflect/misc/MethodUtil$1 done
Event: 25.758 Loading class java/nio/channels/Channels$1
Event: 25.758 Loading class java/nio/channels/Channels$1 done
Event: 26.779 Loading class java/lang/Override
Event: 26.793 Loading class java/lang/Override done
Event: 27.791 Loading class java/util/regex/Pattern$Pos
Event: 27.791 Loading class java/util/regex/Pattern$Pos done
Event: 28.742 Loading class java/util/AbstractList$ListItr
Event: 28.742 Loading class java/util/AbstractList$ListItr done
Event: 29.143 Loading class java/util/regex/Pattern$1
Event: 29.143 Loading class java/util/regex/Pattern$1 done

Classes unloaded (0 events):
No events

Classes redefined (0 events):
No events

Internal exceptions (20 events):
Event: 20.441 Thread 0x00000136ce033ed0 Exception <a 'java/lang/NoSuchMethodError'{0x00000000850809a0}: static Lorg/gradle/api/internal/catalog/AbstractContextAwareModel;.<clinit>()V> (0x00000000850809a0) 
thrown [s\src\hotspot\share\prims\jni.cpp, line 1112]
Event: 20.444 Thread 0x00000136ce033ed0 Exception <a 'java/lang/NoSuchMethodError'{0x000000008509e1d0}: static Lorg/gradle/api/internal/artifacts/dependencies/AbstractVersionConstraint;.<clinit>()V> (0x000000008509e1d0) 
thrown [s\src\hotspot\share\prims\jni.cpp, line 1112]
Event: 20.469 Thread 0x00000136ce033ed0 Exception <a 'java/lang/NoSuchMethodError'{0x0000000084f6d6b8}: static Lorg/gradle/api/internal/catalog/PluginModel;.<clinit>()V> (0x0000000084f6d6b8) 
thrown [s\src\hotspot\share\prims\jni.cpp, line 1112]
Event: 20.474 Thread 0x00000136ce033ed0 Exception <a 'java/lang/NoSuchMethodError'{0x0000000084f88bd8}: static Lorg/gradle/api/internal/catalog/VersionModel;.<clinit>()V> (0x0000000084f88bd8) 
thrown [s\src\hotspot\share\prims\jni.cpp, line 1112]
Event: 20.485 Thread 0x00000136ce033ed0 Exception <a 'java/lang/NoSuchMethodError'{0x0000000084fa2c40}: 'void java.lang.invoke.DirectMethodHandle$Holder.invokeSpecial(java.lang.Object, java.lang.Object, java.lang.Object, int)'> (0x0000000084fa2c40) 
thrown [s\src\hotspot\share\interpreter\linkResolver.cpp, line 759]
Event: 23.336 Thread 0x00000136ce033ed0 Exception <a 'java/lang/NoSuchMethodError'{0x0000000084da1888}: 'void java.lang.invoke.DirectMethodHandle$Holder.invokeVirtual(java.lang.Object, java.lang.Object)'> (0x0000000084da1888) 
thrown [s\src\hotspot\share\interpreter\linkResolver.cpp, line 759]
Event: 24.359 Thread 0x00000136ce033ed0 Exception <a 'java/lang/NoSuchMethodError'{0x0000000085826bf8}: static Lorg/jetbrains/kotlin/gradle/plugin/internal/DefaultConfigurationTimePropertiesAccessorVariantFactory;.<clinit>()V> (0x0000000085826bf8) 
thrown [s\src\hotspot\share\prims\jni.cpp, line 1112]
Event: 24.365 Thread 0x00000136ce033ed0 Exception <a 'java/lang/NoSuchMethodError'{0x000000008584a138}: static Lorg/jetbrains/kotlin/gradle/plugin/internal/DefaultProjectIsolationStartParameterAccessorVariantFactory;.<clinit>()V> (0x000000008584a138) 
thrown [s\src\hotspot\share\prims\jni.cpp, line 1112]
Event: 24.368 Thread 0x00000136ce033ed0 Exception <a 'java/lang/NoSuchMethodError'{0x000000008587cc98}: static Lorg/jetbrains/kotlin/gradle/plugin/internal/DefaultArtifactTypeAttributeAccessorVariantFactory;.<clinit>()V> (0x000000008587cc98) 
thrown [s\src\hotspot\share\prims\jni.cpp, line 1112]
Event: 24.375 Thread 0x00000136ce033ed0 Exception <a 'java/lang/NoSuchMethodError'{0x00000000858af9f0}: static Lorg/jetbrains/kotlin/gradle/plugin/internal/DefaultCompatibilityConventionRegistrar$Factory;.<clinit>()V> (0x00000000858af9f0) 
thrown [s\src\hotspot\share\prims\jni.cpp, line 1112]
Event: 24.382 Thread 0x00000136ce033ed0 Exception <a 'java/lang/NoSuchMethodError'{0x00000000858d3b30}: static Lorg/jetbrains/kotlin/gradle/plugin/internal/DefaultJavaSourceSetsAccessorVariantFactory;.<clinit>()V> (0x00000000858d3b30) 
thrown [s\src\hotspot\share\prims\jni.cpp, line 1112]
Event: 24.388 Thread 0x00000136ce033ed0 Exception <a 'java/lang/NoSuchMethodError'{0x00000000858f7230}: static Lorg/jetbrains/kotlin/gradle/plugin/internal/DefaultIdeaSyncDetectorVariantFactory;.<clinit>()V> (0x00000000858f7230) 
thrown [s\src\hotspot\share\prims\jni.cpp, line 1112]
Event: 24.391 Thread 0x00000136ce033ed0 Exception <a 'java/lang/NoSuchMethodError'{0x000000008571c6b8}: static Lorg/jetbrains/kotlin/gradle/plugin/internal/DefaultKotlinTestReportCompatibilityHelperVariantFactory;.<clinit>()V> (0x000000008571c6b8) 
thrown [s\src\hotspot\share\prims\jni.cpp, line 1112]
Event: 24.395 Thread 0x00000136ce033ed0 Exception <a 'java/lang/NoSuchMethodError'{0x00000000857437d0}: static Lorg/jetbrains/kotlin/gradle/plugin/internal/DefaultMppTestReportHelperVariantFactory;.<clinit>()V> (0x00000000857437d0) 
thrown [s\src\hotspot\share\prims\jni.cpp, line 1112]
Event: 24.398 Thread 0x00000136ce033ed0 Exception <a 'java/lang/NoSuchMethodError'{0x00000000857768e8}: static Lorg/jetbrains/kotlin/gradle/plugin/internal/DefaultConfigurationCacheStartParameterAccessorVariantFactory;.<clinit>()V> (0x00000000857768e8) 
thrown [s\src\hotspot\share\prims\jni.cpp, line 1112]
Event: 24.401 Thread 0x00000136ce033ed0 Exception <a 'java/lang/NoSuchMethodError'{0x000000008579c1b0}: static Lorg/jetbrains/kotlin/gradle/plugin/internal/MavenPluginConfigurator$DefaultMavenPluginConfiguratorVariantFactory;.<clinit>()V> (0x000000008579c1b0) 
thrown [s\src\hotspot\share\prims\jni.cpp, line 1112]
Event: 24.404 Thread 0x00000136ce033ed0 Exception <a 'java/lang/NoSuchMethodError'{0x00000000857bf8f8}: static Lorg/jetbrains/kotlin/gradle/targets/js/nodejs/DefaultUnameExecutorVariantFactory;.<clinit>()V> (0x00000000857bf8f8) 
thrown [s\src\hotspot\share\prims\jni.cpp, line 1112]
Event: 24.407 Thread 0x00000136ce033ed0 Exception <a 'java/lang/NoSuchMethodError'{0x00000000857e3aa0}: static Lorg/jetbrains/kotlin/gradle/plugin/internal/DefaultBasePluginConfigurationVariantFactory;.<clinit>()V> (0x00000000857e3aa0) 
thrown [s\src\hotspot\share\prims\jni.cpp, line 1112]
Event: 24.462 Thread 0x00000136ce033ed0 Exception <a 'java/lang/IncompatibleClassChangeError'{0x00000000856b01d0}: Found class java.lang.Object, but interface was expected> (0x00000000856b01d0) 
thrown [s\src\hotspot\share\interpreter\linkResolver.cpp, line 826]
Event: 25.693 Thread 0x00000136ce033ed0 Implicit null exception at 0x000001369eba6613 to 0x000001369eba832c

VM Operations (20 events):
Event: 25.137 Executing VM operation: G1PauseRemark
Event: 25.149 Executing VM operation: G1PauseRemark done
Event: 25.206 Executing VM operation: G1PauseCleanup
Event: 25.206 Executing VM operation: G1PauseCleanup done
Event: 26.208 Executing VM operation: Cleanup
Event: 26.208 Executing VM operation: Cleanup done
Event: 27.211 Executing VM operation: Cleanup
Event: 27.378 Executing VM operation: Cleanup done
Event: 27.634 Executing VM operation: G1CollectForAllocation
Event: 27.642 Executing VM operation: G1CollectForAllocation done
Event: 27.685 Executing VM operation: G1CollectForAllocation
Event: 27.692 Executing VM operation: G1CollectForAllocation done
Event: 28.693 Executing VM operation: Cleanup
Event: 28.693 Executing VM operation: Cleanup done
Event: 28.868 Executing VM operation: G1CollectForAllocation
Event: 28.872 Executing VM operation: G1CollectForAllocation done
Event: 29.001 Executing VM operation: G1PauseRemark
Event: 29.025 Executing VM operation: G1PauseRemark done
Event: 29.093 Executing VM operation: G1PauseCleanup
Event: 29.093 Executing VM operation: G1PauseCleanup done

Memory protections (0 events):
No events

Nmethod flushes (20 events):
Event: 19.854 Thread 0x00000136acf7c5a0 flushing  nmethod 0x00000136976b5b10
Event: 19.854 Thread 0x00000136acf7c5a0 flushing  nmethod 0x00000136976b7e10
Event: 19.854 Thread 0x00000136acf7c5a0 flushing  nmethod 0x00000136976b8190
Event: 19.854 Thread 0x00000136acf7c5a0 flushing  nmethod 0x00000136976bd390
Event: 19.854 Thread 0x00000136acf7c5a0 flushing  nmethod 0x00000136976c4090
Event: 19.854 Thread 0x00000136acf7c5a0 flushing  nmethod 0x00000136976c4f90
Event: 19.854 Thread 0x00000136acf7c5a0 flushing  nmethod 0x00000136976c7d10
Event: 19.854 Thread 0x00000136acf7c5a0 flushing  nmethod 0x00000136976e1e90
Event: 19.854 Thread 0x00000136acf7c5a0 flushing  nmethod 0x000001369771e790
Event: 19.855 Thread 0x00000136acf7c5a0 flushing  nmethod 0x000001369776cb10
Event: 19.855 Thread 0x00000136acf7c5a0 flushing  nmethod 0x000001369776f390
Event: 19.855 Thread 0x00000136acf7c5a0 flushing  nmethod 0x00000136977c3d90
Event: 19.855 Thread 0x00000136acf7c5a0 flushing  nmethod 0x00000136977ce310
Event: 19.855 Thread 0x00000136acf7c5a0 flushing  nmethod 0x00000136977f8290
Event: 19.855 Thread 0x00000136acf7c5a0 flushing  nmethod 0x0000013697800c90
Event: 19.855 Thread 0x00000136acf7c5a0 flushing  nmethod 0x0000013697808010
Event: 19.855 Thread 0x00000136acf7c5a0 flushing  nmethod 0x0000013697808890
Event: 19.855 Thread 0x00000136acf7c5a0 flushing  nmethod 0x0000013697808b90
Event: 19.855 Thread 0x00000136acf7c5a0 flushing  nmethod 0x0000013697811a90
Event: 19.855 Thread 0x00000136acf7c5a0 flushing  nmethod 0x0000013697814c90

Events (20 events):
Event: 9.952 Thread 0x00000136ce033ed0 Thread added: 0x00000136cf303e00
Event: 11.812 Thread 0x00000136ce033ed0 Thread added: 0x00000136cf304820
Event: 12.732 Thread 0x00000136ce033ed0 Thread added: 0x00000136cf3029c0
Event: 15.421 Thread 0x00000136ce033ed0 Thread added: 0x00000136cf302ed0
Event: 15.422 Thread 0x00000136ce033ed0 Thread added: 0x00000136ce95f820
Event: 15.560 Thread 0x00000136ce033ed0 Thread added: 0x00000136ce95d9c0
Event: 15.563 Thread 0x00000136ce033ed0 Thread added: 0x00000136ce95e8f0
Event: 15.667 Thread 0x00000136ce033ed0 Thread added: 0x00000136ce95ee00
Event: 15.668 Thread 0x00000136ce033ed0 Thread added: 0x00000136ce962fd0
Event: 20.854 Thread 0x00000136ce033ed0 Thread added: 0x00000136ce95cfa0
Event: 20.855 Thread 0x00000136ce033ed0 Thread added: 0x00000136ce95f310
Event: 20.856 Thread 0x00000136ce033ed0 Thread added: 0x00000136ce95ded0
Event: 20.931 Thread 0x00000136ce033ed0 Thread added: 0x00000136ce961170
Event: 20.933 Thread 0x00000136ce033ed0 Thread added: 0x00000136ce95fd30
Event: 20.936 Thread 0x00000136ce033ed0 Thread added: 0x00000136ce960240
Event: 21.228 Thread 0x00000136ce033ed0 Thread added: 0x00000136ce961680
Event: 21.229 Thread 0x00000136ce033ed0 Thread added: 0x00000136ce95e3e0
Event: 21.230 Thread 0x00000136ce033ed0 Thread added: 0x00000136ce960750
Event: 23.265 Thread 0x00000136ce033ed0 Thread added: 0x00000136ce960c60
Event: 24.807 Thread 0x00000136ce033ed0 Thread added: 0x00000136ce95ca90


Dynamic libraries:
0x00007ff6e7580000 - 0x00007ff6e758e000 	C:\Program Files\Eclipse Adoptium\jdk-17.0.18.8-hotspot\bin\java.exe
0x00007ffc9f130000 - 0x00007ffc9f328000 	C:\WINDOWS\SYSTEM32\ntdll.dll
0x00007ffc9df00000 - 0x00007ffc9dfc2000 	C:\WINDOWS\System32\KERNEL32.DLL
0x00007ffc9cc10000 - 0x00007ffc9cf06000 	C:\WINDOWS\System32\KERNELBASE.dll
0x00007ffc9d050000 - 0x00007ffc9d150000 	C:\WINDOWS\System32\ucrtbase.dll
0x00007ffc965a0000 - 0x00007ffc965be000 	C:\Program Files\Eclipse Adoptium\jdk-17.0.18.8-hotspot\bin\VCRUNTIME140.dll
0x00007ffc8a500000 - 0x00007ffc8a518000 	C:\Program Files\Eclipse Adoptium\jdk-17.0.18.8-hotspot\bin\jli.dll
0x00007ffc9d150000 - 0x00007ffc9d2f1000 	C:\WINDOWS\System32\USER32.dll
0x00007ffc8d940000 - 0x00007ffc8dbdb000 	C:\WINDOWS\WinSxS\amd64_microsoft.windows.common-controls_6595b64144ccf1df_6.0.19041.6456_none_60b8a6cb71f64256\COMCTL32.dll
0x00007ffc9d020000 - 0x00007ffc9d042000 	C:\WINDOWS\System32\win32u.dll
0x00007ffc9e480000 - 0x00007ffc9e51e000 	C:\WINDOWS\System32\msvcrt.dll
0x00007ffc9e440000 - 0x00007ffc9e46b000 	C:\WINDOWS\System32\GDI32.dll
0x00007ffc9ca70000 - 0x00007ffc9cb89000 	C:\WINDOWS\System32\gdi32full.dll
0x00007ffc9c9d0000 - 0x00007ffc9ca6d000 	C:\WINDOWS\System32\msvcp_win.dll
0x00007ffc9e090000 - 0x00007ffc9e0bf000 	C:\WINDOWS\System32\IMM32.DLL
0x00007ffc95b40000 - 0x00007ffc95b4c000 	C:\Program Files\Eclipse Adoptium\jdk-17.0.18.8-hotspot\bin\vcruntime140_1.dll
0x00007ffc8a470000 - 0x00007ffc8a4fd000 	C:\Program Files\Eclipse Adoptium\jdk-17.0.18.8-hotspot\bin\msvcp140.dll
0x00007ffc7b1e0000 - 0x00007ffc7be4b000 	C:\Program Files\Eclipse Adoptium\jdk-17.0.18.8-hotspot\bin\server\jvm.dll
0x00007ffc9d420000 - 0x00007ffc9d4d1000 	C:\WINDOWS\System32\ADVAPI32.dll
0x00007ffc9d950000 - 0x00007ffc9d9ef000 	C:\WINDOWS\System32\sechost.dll
0x00007ffc9ef20000 - 0x00007ffc9f040000 	C:\WINDOWS\System32\RPCRT4.dll
0x00007ffc9cff0000 - 0x00007ffc9d017000 	C:\WINDOWS\System32\bcrypt.dll
0x00007ffc9e360000 - 0x00007ffc9e3cb000 	C:\WINDOWS\System32\WS2_32.dll
0x00007ffc9c620000 - 0x00007ffc9c66b000 	C:\WINDOWS\SYSTEM32\POWRPROF.dll
0x00007ffc8dd40000 - 0x00007ffc8dd67000 	C:\WINDOWS\SYSTEM32\WINMM.dll
0x00007ffc90ad0000 - 0x00007ffc90ada000 	C:\WINDOWS\SYSTEM32\VERSION.dll
0x00007ffc9c600000 - 0x00007ffc9c612000 	C:\WINDOWS\SYSTEM32\UMPDC.dll
0x00007ffc9afc0000 - 0x00007ffc9afd2000 	C:\WINDOWS\SYSTEM32\kernel.appcore.dll
0x00007ffc95780000 - 0x00007ffc9578a000 	C:\Program Files\Eclipse Adoptium\jdk-17.0.18.8-hotspot\bin\jimage.dll
0x00007ffc8dd70000 - 0x00007ffc8df71000 	C:\WINDOWS\SYSTEM32\DBGHELP.DLL
0x00007ffc864e0000 - 0x00007ffc86514000 	C:\WINDOWS\SYSTEM32\dbgcore.DLL
0x00007ffc9cf10000 - 0x00007ffc9cf92000 	C:\WINDOWS\System32\bcryptPrimitives.dll
0x00007ffc8a240000 - 0x00007ffc8a24e000 	C:\Program Files\Eclipse Adoptium\jdk-17.0.18.8-hotspot\bin\instrument.dll
0x00007ffc8a440000 - 0x00007ffc8a465000 	C:\Program Files\Eclipse Adoptium\jdk-17.0.18.8-hotspot\bin\java.dll
0x00007ffc7db20000 - 0x00007ffc7dbf7000 	C:\Program Files\Eclipse Adoptium\jdk-17.0.18.8-hotspot\bin\jsvml.dll
0x00007ffc9e520000 - 0x00007ffc9ec90000 	C:\WINDOWS\System32\SHELL32.dll
0x00007ffc99d10000 - 0x00007ffc9a4b5000 	C:\WINDOWS\SYSTEM32\windows.storage.dll
0x00007ffc9d9f0000 - 0x00007ffc9dd44000 	C:\WINDOWS\System32\combase.dll
0x00007ffc9c0a0000 - 0x00007ffc9c0cb000 	C:\WINDOWS\SYSTEM32\Wldp.dll
0x00007ffc9dd50000 - 0x00007ffc9de1d000 	C:\WINDOWS\System32\OLEAUT32.dll
0x00007ffc9f040000 - 0x00007ffc9f0ed000 	C:\WINDOWS\System32\SHCORE.dll
0x00007ffc9dfd0000 - 0x00007ffc9e02b000 	C:\WINDOWS\System32\shlwapi.dll
0x00007ffc9c6f0000 - 0x00007ffc9c714000 	C:\WINDOWS\SYSTEM32\profapi.dll
0x00007ffc8a3d0000 - 0x00007ffc8a3e8000 	C:\Program Files\Eclipse Adoptium\jdk-17.0.18.8-hotspot\bin\zip.dll
0x00007ffc8a420000 - 0x00007ffc8a43a000 	C:\Program Files\Eclipse Adoptium\jdk-17.0.18.8-hotspot\bin\net.dll
0x00007ffc91c20000 - 0x00007ffc91d2a000 	C:\WINDOWS\SYSTEM32\WINHTTP.dll
0x00007ffc9be80000 - 0x00007ffc9beea000 	C:\WINDOWS\system32\mswsock.dll
0x00007ffc8a3f0000 - 0x00007ffc8a406000 	C:\Program Files\Eclipse Adoptium\jdk-17.0.18.8-hotspot\bin\nio.dll
0x00007ffc8af90000 - 0x00007ffc8afa0000 	C:\Program Files\Eclipse Adoptium\jdk-17.0.18.8-hotspot\bin\verify.dll
0x00007ffc871d0000 - 0x00007ffc871f7000 	D:\gradle-cache\native\c067742578af261105cb4f569cf0c3c89f3d7b1fecec35dd04571415982c5e48\windows-amd64\native-platform.dll
0x00007ffc7d7a0000 - 0x00007ffc7d8e4000 	D:\gradle-cache\native\100fb08df4bc3b14c8652ba06237920a3bd2aa13389f12d3474272988ae205f9\windows-amd64\native-platform-file-events.dll
0x00007ffc8eed0000 - 0x00007ffc8eeda000 	C:\Program Files\Eclipse Adoptium\jdk-17.0.18.8-hotspot\bin\management.dll
0x00007ffc8a380000 - 0x00007ffc8a38c000 	C:\Program Files\Eclipse Adoptium\jdk-17.0.18.8-hotspot\bin\management_ext.dll
0x00007ffc9e470000 - 0x00007ffc9e478000 	C:\WINDOWS\System32\PSAPI.DLL
0x00007ffc9c0e0000 - 0x00007ffc9c0f8000 	C:\WINDOWS\SYSTEM32\CRYPTSP.dll
0x00007ffc9b7c0000 - 0x00007ffc9b7f8000 	C:\WINDOWS\system32\rsaenh.dll
0x00007ffc9c670000 - 0x00007ffc9c69e000 	C:\WINDOWS\SYSTEM32\USERENV.dll
0x00007ffc9c010000 - 0x00007ffc9c01c000 	C:\WINDOWS\SYSTEM32\CRYPTBASE.dll
0x00007ffc9bb80000 - 0x00007ffc9bbbb000 	C:\WINDOWS\SYSTEM32\IPHLPAPI.DLL
0x00007ffc9e430000 - 0x00007ffc9e438000 	C:\WINDOWS\System32\NSI.dll
0x00007ffc92860000 - 0x00007ffc92877000 	C:\WINDOWS\SYSTEM32\dhcpcsvc6.DLL
0x00007ffc93080000 - 0x00007ffc9309d000 	C:\WINDOWS\SYSTEM32\dhcpcsvc.DLL
0x00007ffc9bbc0000 - 0x00007ffc9bc8a000 	C:\WINDOWS\SYSTEM32\DNSAPI.dll
0x00007ffc96b60000 - 0x00007ffc96b69000 	C:\Program Files\Eclipse Adoptium\jdk-17.0.18.8-hotspot\bin\extnet.dll
0x00007ffc96b50000 - 0x00007ffc96b5e000 	C:\Program Files\Eclipse Adoptium\jdk-17.0.18.8-hotspot\bin\sunmscapi.dll
0x00007ffc9c870000 - 0x00007ffc9c9cd000 	C:\WINDOWS\System32\CRYPT32.dll
0x00007ffc9c1f0000 - 0x00007ffc9c217000 	C:\WINDOWS\SYSTEM32\ncrypt.dll
0x00007ffc9c1b0000 - 0x00007ffc9c1eb000 	C:\WINDOWS\SYSTEM32\NTASN1.dll
0x00007ffc96540000 - 0x00007ffc96547000 	C:\WINDOWS\system32\wshunix.dll

dbghelp: loaded successfully - version: 4.0.5 - missing functions: none
symbol engine: initialized successfully - sym options: 0x614 - pdb path: .;C:\Program Files\Eclipse Adoptium\jdk-17.0.18.8-hotspot\bin;C:\WINDOWS\SYSTEM32;C:\WINDOWS\WinSxS\amd64_microsoft.windows.common-controls_6595b64144ccf1df_6.0.19041.6456_none_60b8a6cb71f64256;C:\Program Files\Eclipse Adoptium\jdk-17.0.18.8-hotspot\bin\server;D:\gradle-cache\native\c067742578af261105cb4f569cf0c3c89f3d7b1fecec35dd04571415982c5e48\windows-amd64;D:\gradle-cache\native\100fb08df4bc3b14c8652ba06237920a3bd2aa13389f12d3474272988ae205f9\windows-amd64

VM Arguments:
jvm_args: -XX:MaxMetaspaceSize=512m --add-opens=java.base/java.util=ALL-UNNAMED --add-opens=java.base/java.lang=ALL-UNNAMED --add-opens=java.base/java.lang.invoke=ALL-UNNAMED --add-opens=java.prefs/java.util.prefs=ALL-UNNAMED --add-exports=jdk.compiler/com.sun.tools.javac.api=ALL-UNNAMED --add-exports=jdk.compiler/com.sun.tools.javac.util=ALL-UNNAMED --add-opens=java.base/java.nio.charset=ALL-UNNAMED --add-opens=java.base/java.net=ALL-UNNAMED --add-opens=java.base/java.util.concurrent.atomic=ALL-UNNAMED -Xmx2048m -Dfile.encoding=windows-1252 -Duser.country=US -Duser.language=en -Duser.variant -javaagent:D:\gradle-cache\wrapper\dists\gradle-8.10.2-all\7iv73wktx1xtkvlq19urqw1wm\gradle-8.10.2\lib\agents\gradle-instrumentation-agent-8.10.2.jar 
java_command: org.gradle.launcher.daemon.bootstrap.GradleDaemon 8.10.2
java_class_path (initial): D:\gradle-cache\wrapper\dists\gradle-8.10.2-all\7iv73wktx1xtkvlq19urqw1wm\gradle-8.10.2\lib\gradle-daemon-main-8.10.2.jar
Launcher Type: SUN_STANDARD

[Global flags]
     intx CICompilerCount                          = 3                                         {product} {ergonomic}
   size_t CompressedClassSpaceSize                 = 436207616                                 {product} {ergonomic}
     uint ConcGCThreads                            = 1                                         {product} {ergonomic}
     uint G1ConcRefinementThreads                  = 4                                         {product} {ergonomic}
   size_t G1HeapRegionSize                         = 1048576                                   {product} {ergonomic}
    uintx GCDrainStackTargetSize                   = 64                                        {product} {ergonomic}
   size_t InitialHeapSize                          = 132120576                                 {product} {ergonomic}
   size_t MarkStackSize                            = 4194304                                   {product} {ergonomic}
   size_t MaxHeapSize                              = 2147483648                                {product} {command line}
   size_t MaxMetaspaceSize                         = 536870912                                 {product} {command line}
   size_t MaxNewSize                               = 1287651328                                {product} {ergonomic}
   size_t MinHeapDeltaBytes                        = 1048576                                   {product} {ergonomic}
   size_t MinHeapSize                              = 8388608                                   {product} {ergonomic}
    uintx NonNMethodCodeHeapSize                   = 5832780                                {pd product} {ergonomic}
    uintx NonProfiledCodeHeapSize                  = 122912730                              {pd product} {ergonomic}
    uintx ProfiledCodeHeapSize                     = 122912730                              {pd product} {ergonomic}
    uintx ReservedCodeCacheSize                    = 251658240                              {pd product} {ergonomic}
     bool SegmentedCodeCache                       = true                                      {product} {ergonomic}
   size_t SoftMaxHeapSize                          = 2147483648                             {manageable} {ergonomic}
     bool UseCompressedClassPointers               = true                           {product lp64_product} {ergonomic}
     bool UseCompressedOops                        = true                           {product lp64_product} {ergonomic}
     bool UseG1GC                                  = true                                      {product} {ergonomic}
     bool UseLargePagesIndividualAllocation        = false                                  {pd product} {ergonomic}

Logging:
Log output configuration:
 #0: stdout all=warning uptime,level,tags
 #1: stderr all=off uptime,level,tags

Environment Variables:
JAVA_HOME=C:\Program Files\Eclipse Adoptium\jdk-17.0.18.8-hotspot
CLASSPATH=E:\varxus\app\h\GlassMarket\android\\gradle\wrapper\gradle-wrapper.jar
PATH=E:\varxus\app\h\GlassMarket\node_modules\.bin;E:\varxus\app\h\GlassMarket\node_modules\.bin;E:\varxus\app\h\node_modules\.bin;E:\varxus\app\node_modules\.bin;E:\varxus\node_modules\.bin;E:\node_modules\.bin;C:\Users\Sajeel Ahmad\AppData\Roaming\npm\node_modules\npm\node_modules\@npmcli\run-script\lib\node-gyp-bin;C:\Program Files\Eclipse Adoptium\jdk-17.0.18.8-hotspot\bin;C:\Users\Sajeel Ahmad\AppData\Roaming\npm;C:\Users\Sajeel Ahmad\AppData\Roaming\npm;C:\Program Files\nodejs\;C:\Users\Sajeel Ahmad\AppData\Roaming\npm;C:\Program Files\nodejs\;C:\Program Files\Java\jdk-26\bin;D:\Android\Sdk\platform-tools;D:\Android\Sdk\emulator;C:\WINDOWS\system32;C:\WINDOWS;C:\WINDOWS\System32\Wbem;C:\WINDOWS\System32\WindowsPowerShell\v1.0\;C:\WINDOWS\System32\OpenSSH\;C:\Program Files\Git\cmd;C:\Program Files\PostgreSQL\16\bin;C:\Program Files\dotnet\;C:\Program Files\nodejs\;C:\Program Files\PuTTY\;C:\Users\Sajeel Ahmad\AppData\Local\Microsoft\WindowsApps;C:\Users\Sajeel Ahmad\AppData\Local\Programs\Microsoft VS Code\bin;C:\Users\Sajeel Ahmad\AppData\Roaming\npm;C:\Users\Sajeel Ahmad\AppData\Local\Programs\cursor\resources\app\bin;C:\Program Files\Java\jdk-17\bin;D:\Android\Sdk\platform-tools;D:\Android\Sdk\emulator;C:\Users\Sajeel Ahmad\AppData\Local\Microsoft\WindowsApps;;C:\Users\Sajeel Ahmad\AppData\Local\Programs\Microsoft VS Code\bin;D:\Users\Sajeel Ahmad\AppData\Local\Programs\cursor\resources\app\bin;C:\Users\Sajeel Ahmad\AppData\Roaming\npm
USERNAME=Sajeel Ahmad
OS=Windows_NT
PROCESSOR_IDENTIFIER=Intel64 Family 6 Model 78 Stepping 3, GenuineIntel
TMP=C:\Users\SAJEEL~1\AppData\Local\Temp
TEMP=C:\Users\SAJEEL~1\AppData\Local\Temp



Periodic native trim disabled


---------------  S Y S T E M  ---------------

OS:
 Windows 10 , 64 bit Build 19041 (10.0.19041.5915)
OS uptime: 0 days 3:07 hours
Hyper-V role detected

CPU: total 4 (initial active 4) (2 cores per cpu, 2 threads per core) family 6 model 78 stepping 3 microcode 0xcc, cx8, cmov, fxsr, ht, mmx, 3dnowpref, sse, sse2, sse3, ssse3, sse4.1, sse4.2, popcnt, lzcnt, tsc, tscinvbit, avx, avx2, aes, erms, clmul, bmi1, bmi2, rtm, adx, fma, vzeroupper, clflush, clflushopt, hv
Processor Information for all 4 processors :
  Max Mhz: 2496, Current Mhz: 798, Mhz Limit: 798

Memory: 4k page, system-wide physical 8058M (270M free)
TotalPageFile size 13797M (AvailPageFile size 0M)
current process WorkingSet (physical memory assigned to process): 286M, peak: 286M
current process commit charge ("private bytes"): 322M, peak: 323M

vm_info: OpenJDK 64-Bit Server VM (17.0.18+8) for windows-amd64 JRE (17.0.18+8), built on Jan 20 2026 22:28:22 by "admin" with MS VC++ 17.12 (VS2022)

END.
