#
# There is insufficient memory for the Java Runtime Environment to continue.
# Native memory allocation (mmap) failed to map 276824064 bytes. Error detail: G1 virtual space
# Possible reasons:
#   The system is out of physical RAM or swap space
#   This process is running with CompressedOops enabled, and the Java Heap may be blocking the growth of the native heap
# Possible solutions:
#   Reduce memory load on the system
#   Increase physical memory or swap space
#   Check if swap backing store is full
#   Decrease Java heap size (-Xmx/-Xms)
#   Decrease number of Java threads
#   Decrease Java thread stack sizes (-Xss)
#   Set larger code cache with -XX:ReservedCodeCacheSize=
#   JVM is running with Unscaled Compressed Oops mode in which the Java heap is
#     placed in the first 4GB address space. The Java Heap base address is the
#     maximum limit for the native heap growth. Please use -XX:HeapBaseMinAddress
#     to set the Java Heap base and to place the Java Heap above 4GB virtual address.
# This output file may be truncated or incomplete.
#
#  Out of Memory Error (os_windows.cpp:3618), pid=16816, tid=18492
#
# JRE version: OpenJDK Runtime Environment Temurin-17.0.18+8 (17.0.18+8) (build 17.0.18+8)
# Java VM: OpenJDK 64-Bit Server VM Temurin-17.0.18+8 (17.0.18+8, mixed mode, sharing, tiered, compressed oops, compressed class ptrs, g1 gc, windows-amd64)
# No core dump will be written. Minidumps are not enabled by default on client versions of Windows
#

---------------  S U M M A R Y ------------

Command Line: -XX:MaxMetaspaceSize=512m --add-opens=java.base/java.util=ALL-UNNAMED --add-opens=java.base/java.lang=ALL-UNNAMED --add-opens=java.base/java.lang.invoke=ALL-UNNAMED --add-opens=java.prefs/java.util.prefs=ALL-UNNAMED --add-exports=jdk.compiler/com.sun.tools.javac.api=ALL-UNNAMED --add-exports=jdk.compiler/com.sun.tools.javac.util=ALL-UNNAMED --add-opens=java.base/java.nio.charset=ALL-UNNAMED --add-opens=java.base/java.net=ALL-UNNAMED --add-opens=java.base/java.util.concurrent.atomic=ALL-UNNAMED -Xmx2048m -Dfile.encoding=windows-1252 -Duser.country=US -Duser.language=en -Duser.variant -javaagent:D:\gradle-cache\wrapper\dists\gradle-8.10.2-all\7iv73wktx1xtkvlq19urqw1wm\gradle-8.10.2\lib\agents\gradle-instrumentation-agent-8.10.2.jar org.gradle.launcher.daemon.bootstrap.GradleDaemon 8.10.2

Host: Intel(R) Core(TM) i5-6300U CPU @ 2.40GHz, 4 cores, 7G,  Windows 10 , 64 bit Build 19041 (10.0.19041.5915)
Time: Mon Apr 13 19:56:50 2026 Pakistan Standard Time elapsed time: 66.363829 seconds (0d 0h 1m 6s)

---------------  T H R E A D  ---------------

Current thread (0x000002dac8760b40):  VMThread "VM Thread" [stack: 0x000000e194300000,0x000000e194400000] [id=18492]

Stack: [0x000000e194300000,0x000000e194400000]
Native frames: (J=compiled Java code, j=interpreted, Vv=VM code, C=native code)
V  [jvm.dll+0x6846f9]
V  [jvm.dll+0x839ea5]
V  [jvm.dll+0x83b91e]
V  [jvm.dll+0x83bfa3]
V  [jvm.dll+0x248eff]
V  [jvm.dll+0x6814b9]
V  [jvm.dll+0x6762ba]
V  [jvm.dll+0x309257]
V  [jvm.dll+0x310826]
V  [jvm.dll+0x360d9e]
V  [jvm.dll+0x360fdd]
V  [jvm.dll+0x2e02dc]
V  [jvm.dll+0x2de6b2]
V  [jvm.dll+0x2dde4c]
V  [jvm.dll+0x320aeb]
V  [jvm.dll+0x8407bd]
V  [jvm.dll+0x8414f3]
V  [jvm.dll+0x841a1f]
V  [jvm.dll+0x841e05]
V  [jvm.dll+0x841ece]
V  [jvm.dll+0x7eaaec]
V  [jvm.dll+0x6835c7]
C  [ucrtbase.dll+0x21bb2]
C  [KERNEL32.DLL+0x17374]
C  [ntdll.dll+0x4cc91]

VM_Operation (0x000000e1979fc000): G1CollectForAllocation, mode: safepoint, requested by thread 0x000002dac8a12de0


---------------  P R O C E S S  ---------------

Threads class SMR info:
_java_thread_list=0x000002daeb7dd100, length=92, elements={
0x000002daaab40960, 0x000002dac87649a0, 0x000002dac8765730, 0x000002dac877d5b0,
0x000002dac877de80, 0x000002dac8780760, 0x000002dac8782040, 0x000002dac8788150,
0x000002dac878aa70, 0x000002dac87953a0, 0x000002dac898b1b0, 0x000002dac898c5f0,
0x000002dac8988e40, 0x000002dac898bbd0, 0x000002dac898c0e0, 0x000002dac8989860,
0x000002dac898a280, 0x000002dac898a790, 0x000002dae870b010, 0x000002dae8706930,
0x000002dae870e2b0, 0x000002dae8707d70, 0x000002dae8708280, 0x000002dae870a0e0,
0x000002dae8708790, 0x000002dae8708ca0, 0x000002dae870ce70, 0x000002dae870ba30,
0x000002dae87091b0, 0x000002dae870bf40, 0x000002dae870d890, 0x000002dae87096c0,
0x000002dae8709bd0, 0x000002dac8a0ec10, 0x000002dac8a10f80, 0x000002dac8a0dce0,
0x000002dac8a14220, 0x000002dac8a0d2c0, 0x000002dac8a132f0, 0x000002dac8a10050,
0x000002dac8a10a70, 0x000002dac8a11490, 0x000002dac8a0e1f0, 0x000002dac8a13800,
0x000002dac8a119a0, 0x000002dac8a11eb0, 0x000002dac8a123c0, 0x000002dac8a12de0,
0x000002dac8a13d10, 0x000002dac8a14c40, 0x000002daec49e380, 0x000002daec49d960,
0x000002daec49e890, 0x000002daec49de70, 0x000002daec49fcd0, 0x000002daec49c520,
0x000002daec49ca30, 0x000002daec49d450, 0x000002daebf83050, 0x000002daebf853c0,
0x000002daebf858d0, 0x000002daebf807d0, 0x000002daebf83560, 0x000002daebf83a70,
0x000002daebf83f80, 0x000002daebf811f0, 0x000002daebf85de0, 0x000002daebf86800,
0x000002daebf849a0, 0x000002daebf84eb0, 0x000002daebf81700, 0x000002daebf862f0,
0x000002daebf86d10, 0x000002daebf82630, 0x000002daebf82b40, 0x000002daebf7f8a0,
0x000002daebf82120, 0x000002daebf87220, 0x000002daebf81c10, 0x000002daebf7fdb0,
0x000002daebf802c0, 0x000002daede81620, 0x000002daede7f7c0, 0x000002daede7cf40,
0x000002daede80c00, 0x000002daede82550, 0x000002daede7fcd0, 0x000002daede7de70,
0x000002daede7b0e0, 0x000002daede7ca30, 0x000002dae870ab00, 0x000002dae870b520
}

Java Threads: ( => current thread )
  0x000002daaab40960 JavaThread "main" [_thread_blocked, id=11040, stack(0x000000e193d00000,0x000000e193e00000)]
  0x000002dac87649a0 JavaThread "Reference Handler" daemon [_thread_blocked, id=1164, stack(0x000000e194400000,0x000000e194500000)]
  0x000002dac8765730 JavaThread "Finalizer" daemon [_thread_blocked, id=8512, stack(0x000000e194500000,0x000000e194600000)]
  0x000002dac877d5b0 JavaThread "Signal Dispatcher" daemon [_thread_blocked, id=9384, stack(0x000000e194600000,0x000000e194700000)]
  0x000002dac877de80 JavaThread "Attach Listener" daemon [_thread_blocked, id=12836, stack(0x000000e194700000,0x000000e194800000)]
  0x000002dac8780760 JavaThread "Service Thread" daemon [_thread_blocked, id=16452, stack(0x000000e194800000,0x000000e194900000)]
  0x000002dac8782040 JavaThread "Monitor Deflation Thread" daemon [_thread_blocked, id=18264, stack(0x000000e194900000,0x000000e194a00000)]
  0x000002dac8788150 JavaThread "C2 CompilerThread0" daemon [_thread_blocked, id=16156, stack(0x000000e194a00000,0x000000e194b00000)]
  0x000002dac878aa70 JavaThread "C1 CompilerThread0" daemon [_thread_blocked, id=9612, stack(0x000000e194b00000,0x000000e194c00000)]
  0x000002dac87953a0 JavaThread "Sweeper thread" daemon [_thread_blocked, id=3324, stack(0x000000e194c00000,0x000000e194d00000)]
  0x000002dac898b1b0 JavaThread "Common-Cleaner" daemon [_thread_blocked, id=13892, stack(0x000000e194d00000,0x000000e194e00000)]
  0x000002dac898c5f0 JavaThread "Notification Thread" daemon [_thread_blocked, id=2520, stack(0x000000e194e00000,0x000000e194f00000)]
  0x000002dac8988e40 JavaThread "Daemon health stats" [_thread_blocked, id=13240, stack(0x000000e195000000,0x000000e195100000)]
  0x000002dac898bbd0 JavaThread "Incoming local TCP Connector on port 59160" [_thread_in_native, id=17112, stack(0x000000e195400000,0x000000e195500000)]
  0x000002dac898c0e0 JavaThread "Daemon periodic checks" [_thread_blocked, id=17064, stack(0x000000e195500000,0x000000e195600000)]
  0x000002dac8989860 JavaThread "Daemon" [_thread_blocked, id=8232, stack(0x000000e195600000,0x000000e195700000)]
  0x000002dac898a280 JavaThread "Handler for socket connection from /127.0.0.1:59160 to /127.0.0.1:59161" [_thread_in_native, id=512, stack(0x000000e195700000,0x000000e195800000)]
  0x000002dac898a790 JavaThread "Cancel handler" [_thread_blocked, id=17220, stack(0x000000e195800000,0x000000e195900000)]
  0x000002dae870b010 JavaThread "Daemon worker" [_thread_blocked, id=2364, stack(0x000000e195900000,0x000000e195a00000)]
  0x000002dae8706930 JavaThread "Asynchronous log dispatcher for DefaultDaemonConnection: socket connection from /127.0.0.1:59160 to /127.0.0.1:59161" [_thread_blocked, id=13636, stack(0x000000e195a00000,0x000000e195b00000)]
  0x000002dae870e2b0 JavaThread "Stdin handler" [_thread_blocked, id=15112, stack(0x000000e195b00000,0x000000e195c00000)]
  0x000002dae8707d70 JavaThread "Daemon client event forwarder" [_thread_blocked, id=2316, stack(0x000000e195c00000,0x000000e195d00000)]
  0x000002dae8708280 JavaThread "Cache worker for journal cache (D:\gradle-cache\caches\journal-1)" [_thread_blocked, id=6876, stack(0x000000e195d00000,0x000000e195e00000)]
  0x000002dae870a0e0 JavaThread "File lock request listener" [_thread_in_native, id=15376, stack(0x000000e195e00000,0x000000e195f00000)]
  0x000002dae8708790 JavaThread "Cache worker for file hash cache (D:\gradle-cache\caches\8.10.2\fileHashes)" [_thread_blocked, id=14064, stack(0x000000e196000000,0x000000e196100000)]
  0x000002dae8708ca0 JavaThread "Cache worker for file hash cache (E:\varxus\app\h\GlassMarket\android\.gradle\8.10.2\fileHashes)" [_thread_blocked, id=10576, stack(0x000000e196100000,0x000000e196200000)]
  0x000002dae870ce70 JavaThread "Cache worker for Build Output Cleanup Cache (E:\varxus\app\h\GlassMarket\android\.gradle\buildOutputCleanup)" [_thread_blocked, id=12260, stack(0x000000e196200000,0x000000e196300000)]
  0x000002dae870ba30 JavaThread "File watcher server" daemon [_thread_blocked, id=5492, stack(0x000000e196300000,0x000000e196400000)]
  0x000002dae87091b0 JavaThread "File watcher consumer" daemon [_thread_blocked, id=12188, stack(0x000000e196400000,0x000000e196500000)]
  0x000002dae870bf40 JavaThread "Cache worker for checksums cache (E:\varxus\app\h\GlassMarket\android\.gradle\8.10.2\checksums)" [_thread_blocked, id=9344, stack(0x000000e196500000,0x000000e196600000)]
  0x000002dae870d890 JavaThread "Cache worker for file content cache (D:\gradle-cache\caches\8.10.2\fileContent)" [_thread_blocked, id=17468, stack(0x000000e196600000,0x000000e196700000)]
  0x000002dae87096c0 JavaThread "Cache worker for cache directory md-rule (D:\gradle-cache\caches\8.10.2\md-rule)" [_thread_blocked, id=1684, stack(0x000000e196700000,0x000000e196800000)]
  0x000002dae8709bd0 JavaThread "Cache worker for cache directory md-supplier (D:\gradle-cache\caches\8.10.2\md-supplier)" [_thread_blocked, id=9160, stack(0x000000e196800000,0x000000e196900000)]
  0x000002dac8a0ec10 JavaThread "jar transforms" [_thread_blocked, id=2804, stack(0x000000e196b00000,0x000000e196c00000)]
  0x000002dac8a10f80 JavaThread "Cache worker for Build Output Cleanup Cache (E:\varxus\app\h\GlassMarket\node_modules\@react-native\gradle-plugin\.gradle\buildOutputCleanup)" [_thread_blocked, id=2512, stack(0x000000e195f00000,0x000000e196000000)]
  0x000002dac8a0dce0 JavaThread "Unconstrained build operations" [_thread_blocked, id=13140, stack(0x000000e196d00000,0x000000e196e00000)]
  0x000002dac8a14220 JavaThread "Unconstrained build operations Thread 2" [_thread_blocked, id=9948, stack(0x000000e196e00000,0x000000e196f00000)]
  0x000002dac8a0d2c0 JavaThread "Unconstrained build operations Thread 3" [_thread_blocked, id=15504, stack(0x000000e196f00000,0x000000e197000000)]
  0x000002dac8a132f0 JavaThread "Unconstrained build operations Thread 4" [_thread_blocked, id=16348, stack(0x000000e197000000,0x000000e197100000)]
  0x000002dac8a10050 JavaThread "Unconstrained build operations Thread 5" [_thread_blocked, id=15572, stack(0x000000e197100000,0x000000e197200000)]
  0x000002dac8a10a70 JavaThread "Unconstrained build operations Thread 6" [_thread_blocked, id=12412, stack(0x000000e197200000,0x000000e197300000)]
  0x000002dac8a11490 JavaThread "Unconstrained build operations Thread 7" [_thread_blocked, id=6156, stack(0x000000e197300000,0x000000e197400000)]
  0x000002dac8a0e1f0 JavaThread "Unconstrained build operations Thread 8" [_thread_blocked, id=7144, stack(0x000000e197400000,0x000000e197500000)]
  0x000002dac8a13800 JavaThread "Unconstrained build operations Thread 9" [_thread_blocked, id=1504, stack(0x000000e197500000,0x000000e197600000)]
  0x000002dac8a119a0 JavaThread "Unconstrained build operations Thread 10" [_thread_blocked, id=10836, stack(0x000000e197600000,0x000000e197700000)]
  0x000002dac8a11eb0 JavaThread "Unconstrained build operations Thread 11" [_thread_blocked, id=20368, stack(0x000000e197700000,0x000000e197800000)]
  0x000002dac8a123c0 JavaThread "Unconstrained build operations Thread 12" [_thread_blocked, id=3948, stack(0x000000e197800000,0x000000e197900000)]
  0x000002dac8a12de0 JavaThread "Unconstrained build operations Thread 13" [_thread_blocked, id=20156, stack(0x000000e197900000,0x000000e197a00000)]
  0x000002dac8a13d10 JavaThread "Unconstrained build operations Thread 14" [_thread_blocked, id=17240, stack(0x000000e197a00000,0x000000e197b00000)]
  0x000002dac8a14c40 JavaThread "Unconstrained build operations Thread 15" [_thread_blocked, id=2580, stack(0x000000e197b00000,0x000000e197c00000)]
  0x000002daec49e380 JavaThread "Memory manager" [_thread_blocked, id=13956, stack(0x000000e197c00000,0x000000e197d00000)]
  0x000002daec49d960 JavaThread "build event listener" [_thread_blocked, id=9356, stack(0x000000e197d00000,0x000000e197e00000)]
  0x000002daec49e890 JavaThread "ForkJoinPool.commonPool-worker-1" daemon [_thread_blocked, id=3572, stack(0x000000e197e00000,0x000000e197f00000)]
  0x000002daec49de70 JavaThread "ForkJoinPool.commonPool-worker-2" daemon [_thread_blocked, id=18008, stack(0x000000e197f00000,0x000000e198000000)]
  0x000002daec49fcd0 JavaThread "ForkJoinPool.commonPool-worker-3" daemon [_thread_blocked, id=12048, stack(0x000000e198000000,0x000000e198100000)]
  0x000002daec49c520 JavaThread "included builds" [_thread_blocked, id=17256, stack(0x000000e198100000,0x000000e198200000)]
  0x000002daec49ca30 JavaThread "Execution worker" [_thread_blocked, id=19104, stack(0x000000e198200000,0x000000e198300000)]
  0x000002daec49d450 JavaThread "Execution worker Thread 2" [_thread_blocked, id=20056, stack(0x000000e198300000,0x000000e198400000)]
  0x000002daebf83050 JavaThread "Execution worker Thread 3" [_thread_blocked, id=1256, stack(0x000000e198400000,0x000000e198500000)]
  0x000002daebf853c0 JavaThread "Cache worker for execution history cache (E:\varxus\app\h\GlassMarket\node_modules\@react-native\gradle-plugin\.gradle\8.10.2\executionHistory)" [_thread_blocked, id=19060, stack(0x000000e198500000,0x000000e198600000)]
  0x000002daebf858d0 JavaThread "Unconstrained build operations Thread 16" [_thread_blocked, id=1460, stack(0x000000e198800000,0x000000e198900000)]
  0x000002daebf807d0 JavaThread "Unconstrained build operations Thread 17" [_thread_blocked, id=10472, stack(0x000000e198900000,0x000000e198a00000)]
  0x000002daebf83560 JavaThread "Unconstrained build operations Thread 18" [_thread_blocked, id=3680, stack(0x000000e198a00000,0x000000e198b00000)]
  0x000002daebf83a70 JavaThread "Unconstrained build operations Thread 19" [_thread_blocked, id=4908, stack(0x000000e198b00000,0x000000e198c00000)]
  0x000002daebf83f80 JavaThread "Unconstrained build operations Thread 20" [_thread_blocked, id=18260, stack(0x000000e198c00000,0x000000e198d00000)]
  0x000002daebf811f0 JavaThread "Unconstrained build operations Thread 21" [_thread_blocked, id=11304, stack(0x000000e198d00000,0x000000e198e00000)]
  0x000002daebf85de0 JavaThread "Unconstrained build operations Thread 22" [_thread_blocked, id=15756, stack(0x000000e198e00000,0x000000e198f00000)]
  0x000002daebf86800 JavaThread "Unconstrained build operations Thread 23" [_thread_blocked, id=20016, stack(0x000000e198f00000,0x000000e199000000)]
  0x000002daebf849a0 JavaThread "Unconstrained build operations Thread 24" [_thread_blocked, id=19768, stack(0x000000e199000000,0x000000e199100000)]
  0x000002daebf84eb0 JavaThread "Unconstrained build operations Thread 25" [_thread_blocked, id=19900, stack(0x000000e199100000,0x000000e199200000)]
  0x000002daebf81700 JavaThread "Unconstrained build operations Thread 26" [_thread_blocked, id=17584, stack(0x000000e199200000,0x000000e199300000)]
  0x000002daebf862f0 JavaThread "Unconstrained build operations Thread 27" [_thread_blocked, id=20420, stack(0x000000e199300000,0x000000e199400000)]
  0x000002daebf86d10 JavaThread "Unconstrained build operations Thread 28" [_thread_blocked, id=14620, stack(0x000000e199400000,0x000000e199500000)]
  0x000002daebf82630 JavaThread "Unconstrained build operations Thread 29" [_thread_blocked, id=16180, stack(0x000000e199500000,0x000000e199600000)]
  0x000002daebf82b40 JavaThread "Unconstrained build operations Thread 30" [_thread_blocked, id=7160, stack(0x000000e199600000,0x000000e199700000)]
  0x000002daebf7f8a0 JavaThread "Unconstrained build operations Thread 31" [_thread_blocked, id=16668, stack(0x000000e199700000,0x000000e199800000)]
  0x000002daebf82120 JavaThread "Unconstrained build operations Thread 32" [_thread_blocked, id=15068, stack(0x000000e199800000,0x000000e199900000)]
  0x000002daebf87220 JavaThread "Unconstrained build operations Thread 33" [_thread_blocked, id=6212, stack(0x000000e199900000,0x000000e199a00000)]
  0x000002daebf81c10 JavaThread "Unconstrained build operations Thread 34" [_thread_blocked, id=19220, stack(0x000000e199a00000,0x000000e199b00000)]
  0x000002daebf7fdb0 JavaThread "Unconstrained build operations Thread 35" [_thread_blocked, id=4212, stack(0x000000e199b00000,0x000000e199c00000)]
  0x000002daebf802c0 JavaThread "Unconstrained build operations Thread 36" [_thread_blocked, id=17224, stack(0x000000e199c00000,0x000000e199d00000)]
  0x000002daede81620 JavaThread "jar transforms Thread 2" [_thread_blocked, id=12132, stack(0x000000e199d00000,0x000000e199e00000)]
  0x000002daede7f7c0 JavaThread "jar transforms Thread 3" [_thread_blocked, id=10468, stack(0x000000e199e00000,0x000000e199f00000)]
  0x000002daede7cf40 JavaThread "Unconstrained build operations Thread 37" [_thread_blocked, id=9288, stack(0x000000e199f00000,0x000000e19a000000)]
  0x000002daede80c00 JavaThread "Unconstrained build operations Thread 38" [_thread_blocked, id=1428, stack(0x000000e19a000000,0x000000e19a100000)]
  0x000002daede82550 JavaThread "Unconstrained build operations Thread 39" [_thread_blocked, id=12172, stack(0x000000e19a100000,0x000000e19a200000)]
  0x000002daede7fcd0 JavaThread "Unconstrained build operations Thread 40" [_thread_blocked, id=10032, stack(0x000000e19a200000,0x000000e19a300000)]
  0x000002daede7de70 JavaThread "jar transforms Thread 4" [_thread_blocked, id=2832, stack(0x000000e19a300000,0x000000e19a400000)]
  0x000002daede7b0e0 JavaThread "build event listener" [_thread_blocked, id=14244, stack(0x000000e196c00000,0x000000e196d00000)]
  0x000002daede7ca30 JavaThread "Exec process" [_thread_blocked, id=18516, stack(0x000000e19a400000,0x000000e19a500000)]
  0x000002dae870ab00 JavaThread "Exec process Thread 2" [_thread_blocked, id=12316, stack(0x000000e19a500000,0x000000e19a600000)]
  0x000002dae870b520 JavaThread "Exec process Thread 3" [_thread_blocked, id=6988, stack(0x000000e19a600000,0x000000e19a700000)]

Other Threads:
=>0x000002dac8760b40 VMThread "VM Thread" [stack: 0x000000e194300000,0x000000e194400000] [id=18492]
  0x000002dac8a26e40 WatcherThread [stack: 0x000000e194f00000,0x000000e195000000] [id=18024]
  0x000002daaab9dbd0 GCTaskThread "GC Thread#0" [stack: 0x000000e193e00000,0x000000e193f00000] [id=6388]
  0x000002dac8c0a580 GCTaskThread "GC Thread#1" [stack: 0x000000e195100000,0x000000e195200000] [id=5796]
  0x000002dac8c0a840 GCTaskThread "GC Thread#2" [stack: 0x000000e195200000,0x000000e195300000] [id=16172]
  0x000002dae8c1a950 GCTaskThread "GC Thread#3" [stack: 0x000000e195300000,0x000000e195400000] [id=19556]
  0x000002daaabafa40 ConcurrentGCThread "G1 Main Marker" [stack: 0x000000e193f00000,0x000000e194000000] [id=13900]
  0x000002daaabb0b10 ConcurrentGCThread "G1 Conc#0" [stack: 0x000000e194000000,0x000000e194100000] [id=16196]
  0x000002daaabf2830 ConcurrentGCThread "G1 Refine#0" [stack: 0x000000e194100000,0x000000e194200000] [id=992]
  0x000002dae8940ee0 ConcurrentGCThread "G1 Refine#1" [stack: 0x000000e196900000,0x000000e196a00000] [id=2192]
  0x000002daea529ec0 ConcurrentGCThread "G1 Refine#2" [stack: 0x000000e196a00000,0x000000e196b00000] [id=16916]
  0x000002dac8622320 ConcurrentGCThread "G1 Service" [stack: 0x000000e194200000,0x000000e194300000] [id=8024]

Threads with active compile tasks:
C2 CompilerThread0  66431 14687       4       java.util.LinkedList::listIterator (15 bytes)
C1 CompilerThread0  66431 14714       3       org.gradle.internal.resources.DefaultResourceLockCoordinationService$AcquireLocks::<init> (15 bytes)

VM state: at safepoint (normal execution)

VM Mutex/Monitor currently owned by a thread:  ([mutex/lock_event])
[0x000002daaab3c210] Threads_lock - owner thread: 0x000002dac8760b40
[0x000002daaab3da40] Heap_lock - owner thread: 0x000002dac8a12de0

Heap address: 0x0000000080000000, size: 2048 MB, Compressed Oops mode: 32-bit

CDS archive(s) mapped at: [0x000002dac9000000-0x000002dac9bb0000-0x000002dac9bb0000), size 12255232, SharedBaseAddress: 0x000002dac9000000, ArchiveRelocationMode: 1.
Compressed class space mapped at: 0x000002daca000000-0x000002dae4000000, reserved size: 436207616
Narrow klass base: 0x000002dac9000000, Narrow klass shift: 0, Narrow klass range: 0x100000000

GC Precious Log:
 CPUs: 4 total, 4 available
 Memory: 8058M
 Large Page Support: Disabled
 NUMA Support: Disabled
 Compressed Oops: Enabled (32-bit)
 Heap Region Size: 1M
 Heap Min Capacity: 8M
 Heap Initial Capacity: 126M
 Heap Max Capacity: 2G
 Pre-touch: Disabled
 Parallel Workers: 4
 Concurrent Workers: 1
 Concurrent Refinement Workers: 4
 Periodic GC: Disabled

Heap:
 garbage-first heap   total 270336K, used 185602K [0x0000000080000000, 0x0000000100000000)
  region size 1024K, 7 young (7168K), 7 survivors (7168K)
 Metaspace       used 100371K, committed 101632K, reserved 557056K
  class space    used 14035K, committed 14592K, reserved 425984K

Heap Regions: E=young(eden), S=young(survivor), O=old, HS=humongous(starts), HC=humongous(continues), CS=collection set, F=free, OA=open archive, CA=closed archive, TAMS=top-at-mark-start (previous, next)
|   0|0x0000000080000000, 0x0000000080100000, 0x0000000080100000|100%|HS|  |TAMS 0x0000000080100000, 0x0000000080000000| Complete 
|   1|0x0000000080100000, 0x0000000080200000, 0x0000000080200000|100%|HC|  |TAMS 0x0000000080200000, 0x0000000080100000| Complete 
|   2|0x0000000080200000, 0x0000000080300000, 0x0000000080300000|100%|HC|  |TAMS 0x0000000080300000, 0x0000000080200000| Complete 
|   3|0x0000000080300000, 0x0000000080400000, 0x0000000080400000|100%|HC|  |TAMS 0x0000000080400000, 0x0000000080300000| Complete 
|   4|0x0000000080400000, 0x0000000080500000, 0x0000000080500000|100%| O|  |TAMS 0x0000000080500000, 0x0000000080400000| Untracked 
|   5|0x0000000080500000, 0x0000000080600000, 0x0000000080600000|100%| O|  |TAMS 0x0000000080600000, 0x0000000080500000| Untracked 
|   6|0x0000000080600000, 0x0000000080700000, 0x0000000080700000|100%| O|  |TAMS 0x0000000080700000, 0x0000000080600000| Untracked 
|   7|0x0000000080700000, 0x0000000080800000, 0x0000000080800000|100%| O|  |TAMS 0x0000000080800000, 0x0000000080700000| Untracked 
|   8|0x0000000080800000, 0x0000000080900000, 0x0000000080900000|100%|HS|  |TAMS 0x0000000080900000, 0x0000000080800000| Complete 
|   9|0x0000000080900000, 0x0000000080a00000, 0x0000000080a00000|100%| O|  |TAMS 0x0000000080a00000, 0x0000000080900000| Untracked 
|  10|0x0000000080a00000, 0x0000000080b00000, 0x0000000080b00000|100%| O|  |TAMS 0x0000000080b00000, 0x0000000080a00000| Untracked 
|  11|0x0000000080b00000, 0x0000000080c00000, 0x0000000080c00000|100%| O|  |TAMS 0x0000000080c00000, 0x0000000080b00000| Untracked 
|  12|0x0000000080c00000, 0x0000000080d00000, 0x0000000080d00000|100%| O|  |TAMS 0x0000000080d00000, 0x0000000080c00000| Untracked 
|  13|0x0000000080d00000, 0x0000000080e00000, 0x0000000080e00000|100%| O|  |TAMS 0x0000000080e00000, 0x0000000080d00000| Untracked 
|  14|0x0000000080e00000, 0x0000000080f00000, 0x0000000080f00000|100%| O|  |TAMS 0x0000000080f00000, 0x0000000080e00000| Untracked 
|  15|0x0000000080f00000, 0x0000000081000000, 0x0000000081000000|100%| O|  |TAMS 0x0000000081000000, 0x0000000080f00000| Untracked 
|  16|0x0000000081000000, 0x0000000081100000, 0x0000000081100000|100%| O|  |TAMS 0x0000000081100000, 0x0000000081000000| Untracked 
|  17|0x0000000081100000, 0x00000000811bf200, 0x0000000081200000| 74%| O|  |TAMS 0x00000000811bf200, 0x0000000081100000| Untracked 
|  18|0x0000000081200000, 0x0000000081300000, 0x0000000081300000|100%| O|  |TAMS 0x0000000081300000, 0x0000000081200000| Untracked 
|  19|0x0000000081300000, 0x0000000081400000, 0x0000000081400000|100%| O|  |TAMS 0x0000000081400000, 0x0000000081300000| Untracked 
|  20|0x0000000081400000, 0x0000000081500000, 0x0000000081500000|100%| O|  |TAMS 0x0000000081500000, 0x0000000081400000| Untracked 
|  21|0x0000000081500000, 0x0000000081600000, 0x0000000081600000|100%| O|  |TAMS 0x0000000081600000, 0x0000000081500000| Untracked 
|  22|0x0000000081600000, 0x0000000081700000, 0x0000000081700000|100%| O|  |TAMS 0x0000000081700000, 0x0000000081600000| Untracked 
|  23|0x0000000081700000, 0x0000000081800000, 0x0000000081800000|100%| O|  |TAMS 0x0000000081800000, 0x0000000081700000| Untracked 
|  24|0x0000000081800000, 0x0000000081900000, 0x0000000081900000|100%| O|  |TAMS 0x0000000081900000, 0x0000000081800000| Untracked 
|  25|0x0000000081900000, 0x0000000081a00000, 0x0000000081a00000|100%| O|  |TAMS 0x0000000081a00000, 0x0000000081900000| Untracked 
|  26|0x0000000081a00000, 0x0000000081b00000, 0x0000000081b00000|100%| O|  |TAMS 0x0000000081b00000, 0x0000000081a00000| Untracked 
|  27|0x0000000081b00000, 0x0000000081c00000, 0x0000000081c00000|100%| O|  |TAMS 0x0000000081c00000, 0x0000000081b00000| Untracked 
|  28|0x0000000081c00000, 0x0000000081d00000, 0x0000000081d00000|100%| O|  |TAMS 0x0000000081d00000, 0x0000000081c00000| Untracked 
|  29|0x0000000081d00000, 0x0000000081e00000, 0x0000000081e00000|100%| O|  |TAMS 0x0000000081e00000, 0x0000000081d00000| Untracked 
|  30|0x0000000081e00000, 0x0000000081f00000, 0x0000000081f00000|100%| O|  |TAMS 0x0000000081f00000, 0x0000000081e00000| Untracked 
|  31|0x0000000081f00000, 0x0000000082000000, 0x0000000082000000|100%| O|  |TAMS 0x0000000082000000, 0x0000000081f00000| Untracked 
|  32|0x0000000082000000, 0x0000000082100000, 0x0000000082100000|100%| O|  |TAMS 0x0000000082100000, 0x0000000082000000| Untracked 
|  33|0x0000000082100000, 0x0000000082200000, 0x0000000082200000|100%| O|  |TAMS 0x0000000082200000, 0x0000000082100000| Untracked 
|  34|0x0000000082200000, 0x0000000082300000, 0x0000000082300000|100%| O|  |TAMS 0x0000000082300000, 0x0000000082200000| Untracked 
|  35|0x0000000082300000, 0x0000000082400000, 0x0000000082400000|100%| O|  |TAMS 0x0000000082400000, 0x0000000082300000| Untracked 
|  36|0x0000000082400000, 0x0000000082500000, 0x0000000082500000|100%| O|  |TAMS 0x0000000082500000, 0x0000000082400000| Untracked 
|  37|0x0000000082500000, 0x0000000082600000, 0x0000000082600000|100%| O|  |TAMS 0x0000000082600000, 0x0000000082500000| Untracked 
|  38|0x0000000082600000, 0x0000000082700000, 0x0000000082700000|100%| O|  |TAMS 0x0000000082600000, 0x0000000082600000| Untracked 
|  39|0x0000000082700000, 0x0000000082800000, 0x0000000082800000|100%| O|  |TAMS 0x0000000082800000, 0x0000000082700000| Untracked 
|  40|0x0000000082800000, 0x0000000082900000, 0x0000000082900000|100%| O|  |TAMS 0x0000000082900000, 0x0000000082800000| Untracked 
|  41|0x0000000082900000, 0x0000000082a00000, 0x0000000082a00000|100%| O|  |TAMS 0x0000000082900000, 0x0000000082900000| Untracked 
|  42|0x0000000082a00000, 0x0000000082b00000, 0x0000000082b00000|100%| O|  |TAMS 0x0000000082b00000, 0x0000000082a00000| Untracked 
|  43|0x0000000082b00000, 0x0000000082c00000, 0x0000000082c00000|100%| O|  |TAMS 0x0000000082c00000, 0x0000000082b00000| Untracked 
|  44|0x0000000082c00000, 0x0000000082d00000, 0x0000000082d00000|100%|HS|  |TAMS 0x0000000082d00000, 0x0000000082c00000| Complete 
|  45|0x0000000082d00000, 0x0000000082e00000, 0x0000000082e00000|100%|HC|  |TAMS 0x0000000082e00000, 0x0000000082d00000| Complete 
|  46|0x0000000082e00000, 0x0000000082f00000, 0x0000000082f00000|100%|HS|  |TAMS 0x0000000082f00000, 0x0000000082e00000| Complete 
|  47|0x0000000082f00000, 0x0000000083000000, 0x0000000083000000|100%|HC|  |TAMS 0x0000000083000000, 0x0000000082f00000| Complete 
|  48|0x0000000083000000, 0x0000000083100000, 0x0000000083100000|100%|HS|  |TAMS 0x0000000083100000, 0x0000000083000000| Complete 
|  49|0x0000000083100000, 0x0000000083200000, 0x0000000083200000|100%|HC|  |TAMS 0x0000000083200000, 0x0000000083100000| Complete 
|  50|0x0000000083200000, 0x0000000083300000, 0x0000000083300000|100%|HC|  |TAMS 0x0000000083300000, 0x0000000083200000| Complete 
|  51|0x0000000083300000, 0x0000000083400000, 0x0000000083400000|100%|HC|  |TAMS 0x0000000083400000, 0x0000000083300000| Complete 
|  52|0x0000000083400000, 0x0000000083500000, 0x0000000083500000|100%|HS|  |TAMS 0x0000000083500000, 0x0000000083400000| Complete 
|  53|0x0000000083500000, 0x0000000083600000, 0x0000000083600000|100%|HC|  |TAMS 0x0000000083600000, 0x0000000083500000| Complete 
|  54|0x0000000083600000, 0x0000000083700000, 0x0000000083700000|100%|HC|  |TAMS 0x0000000083700000, 0x0000000083600000| Complete 
|  55|0x0000000083700000, 0x0000000083800000, 0x0000000083800000|100%|HC|  |TAMS 0x0000000083800000, 0x0000000083700000| Complete 
|  56|0x0000000083800000, 0x0000000083900000, 0x0000000083900000|100%| O|  |TAMS 0x0000000083800000, 0x0000000083800000| Untracked 
|  57|0x0000000083900000, 0x0000000083a00000, 0x0000000083a00000|100%| O|  |TAMS 0x0000000083a00000, 0x0000000083900000| Untracked 
|  58|0x0000000083a00000, 0x0000000083b00000, 0x0000000083b00000|100%| O|  |TAMS 0x0000000083b00000, 0x0000000083a00000| Untracked 
|  59|0x0000000083b00000, 0x0000000083c00000, 0x0000000083c00000|100%| O|  |TAMS 0x0000000083c00000, 0x0000000083b00000| Untracked 
|  60|0x0000000083c00000, 0x0000000083d00000, 0x0000000083d00000|100%| O|  |TAMS 0x0000000083d00000, 0x0000000083c00000| Untracked 
|  61|0x0000000083d00000, 0x0000000083e00000, 0x0000000083e00000|100%| O|  |TAMS 0x0000000083e00000, 0x0000000083d00000| Untracked 
|  62|0x0000000083e00000, 0x0000000083f00000, 0x0000000083f00000|100%| O|  |TAMS 0x0000000083f00000, 0x0000000083e00000| Untracked 
|  63|0x0000000083f00000, 0x0000000084000000, 0x0000000084000000|100%| O|  |TAMS 0x0000000084000000, 0x0000000083f00000| Untracked 
|  64|0x0000000084000000, 0x0000000084100000, 0x0000000084100000|100%| O|  |TAMS 0x0000000084100000, 0x0000000084000000| Untracked 
|  65|0x0000000084100000, 0x0000000084200000, 0x0000000084200000|100%| O|  |TAMS 0x0000000084200000, 0x0000000084100000| Untracked 
|  66|0x0000000084200000, 0x0000000084300000, 0x0000000084300000|100%| O|  |TAMS 0x0000000084300000, 0x0000000084200000| Untracked 
|  67|0x0000000084300000, 0x0000000084400000, 0x0000000084400000|100%| O|  |TAMS 0x0000000084400000, 0x0000000084300000| Untracked 
|  68|0x0000000084400000, 0x0000000084500000, 0x0000000084500000|100%| O|  |TAMS 0x0000000084500000, 0x0000000084400000| Untracked 
|  69|0x0000000084500000, 0x0000000084600000, 0x0000000084600000|100%| O|  |TAMS 0x0000000084600000, 0x0000000084500000| Untracked 
|  70|0x0000000084600000, 0x0000000084700000, 0x0000000084700000|100%| O|  |TAMS 0x0000000084700000, 0x0000000084600000| Untracked 
|  71|0x0000000084700000, 0x0000000084800000, 0x0000000084800000|100%| O|  |TAMS 0x0000000084800000, 0x0000000084700000| Untracked 
|  72|0x0000000084800000, 0x0000000084900000, 0x0000000084900000|100%| O|  |TAMS 0x0000000084900000, 0x0000000084800000| Untracked 
|  73|0x0000000084900000, 0x0000000084a00000, 0x0000000084a00000|100%| O|  |TAMS 0x0000000084a00000, 0x0000000084900000| Untracked 
|  74|0x0000000084a00000, 0x0000000084b00000, 0x0000000084b00000|100%| O|  |TAMS 0x0000000084b00000, 0x0000000084a00000| Untracked 
|  75|0x0000000084b00000, 0x0000000084c00000, 0x0000000084c00000|100%| O|  |TAMS 0x0000000084c00000, 0x0000000084b00000| Untracked 
|  76|0x0000000084c00000, 0x0000000084d00000, 0x0000000084d00000|100%| O|  |TAMS 0x0000000084d00000, 0x0000000084c00000| Untracked 
|  77|0x0000000084d00000, 0x0000000084e00000, 0x0000000084e00000|100%| O|  |TAMS 0x0000000084e00000, 0x0000000084d00000| Untracked 
|  78|0x0000000084e00000, 0x0000000084f00000, 0x0000000084f00000|100%|HS|  |TAMS 0x0000000084f00000, 0x0000000084e00000| Complete 
|  79|0x0000000084f00000, 0x0000000085000000, 0x0000000085000000|100%|HS|  |TAMS 0x0000000085000000, 0x0000000084f00000| Complete 
|  80|0x0000000085000000, 0x0000000085100000, 0x0000000085100000|100%|HS|  |TAMS 0x0000000085100000, 0x0000000085000000| Complete 
|  81|0x0000000085100000, 0x0000000085200000, 0x0000000085200000|100%|HS|  |TAMS 0x0000000085200000, 0x0000000085100000| Complete 
|  82|0x0000000085200000, 0x0000000085300000, 0x0000000085300000|100%| O|  |TAMS 0x0000000085300000, 0x0000000085200000| Untracked 
|  83|0x0000000085300000, 0x0000000085400000, 0x0000000085400000|100%|HS|  |TAMS 0x0000000085400000, 0x0000000085300000| Complete 
|  84|0x0000000085400000, 0x0000000085500000, 0x0000000085500000|100%|HS|  |TAMS 0x0000000085500000, 0x0000000085400000| Complete 
|  85|0x0000000085500000, 0x0000000085600000, 0x0000000085600000|100%| O|  |TAMS 0x0000000085600000, 0x0000000085500000| Untracked 
|  86|0x0000000085600000, 0x0000000085700000, 0x0000000085700000|100%| O|  |TAMS 0x0000000085700000, 0x0000000085600000| Untracked 
|  87|0x0000000085700000, 0x0000000085800000, 0x0000000085800000|100%| O|  |TAMS 0x0000000085800000, 0x0000000085700000| Untracked 
|  88|0x0000000085800000, 0x0000000085900000, 0x0000000085900000|100%|HS|  |TAMS 0x0000000085900000, 0x0000000085800000| Complete 
|  89|0x0000000085900000, 0x0000000085a00000, 0x0000000085a00000|100%| O|  |TAMS 0x0000000085a00000, 0x0000000085900000| Untracked 
|  90|0x0000000085a00000, 0x0000000085b00000, 0x0000000085b00000|100%| O|  |TAMS 0x0000000085b00000, 0x0000000085a00000| Untracked 
|  91|0x0000000085b00000, 0x0000000085c00000, 0x0000000085c00000|100%| O|  |TAMS 0x0000000085c00000, 0x0000000085b00000| Untracked 
|  92|0x0000000085c00000, 0x0000000085d00000, 0x0000000085d00000|100%| O|  |TAMS 0x0000000085d00000, 0x0000000085c00000| Untracked 
|  93|0x0000000085d00000, 0x0000000085e00000, 0x0000000085e00000|100%| O|  |TAMS 0x0000000085e00000, 0x0000000085d00000| Untracked 
|  94|0x0000000085e00000, 0x0000000085f00000, 0x0000000085f00000|100%| O|  |TAMS 0x0000000085f00000, 0x0000000085e00000| Untracked 
|  95|0x0000000085f00000, 0x0000000086000000, 0x0000000086000000|100%| O|  |TAMS 0x0000000086000000, 0x0000000085f00000| Untracked 
|  96|0x0000000086000000, 0x0000000086100000, 0x0000000086100000|100%| O|  |TAMS 0x0000000086100000, 0x0000000086000000| Untracked 
|  97|0x0000000086100000, 0x0000000086200000, 0x0000000086200000|100%| O|  |TAMS 0x0000000086200000, 0x0000000086100000| Untracked 
|  98|0x0000000086200000, 0x0000000086300000, 0x0000000086300000|100%| O|  |TAMS 0x0000000086200000, 0x0000000086200000| Untracked 
|  99|0x0000000086300000, 0x0000000086400000, 0x0000000086400000|100%| O|  |TAMS 0x0000000086400000, 0x0000000086300000| Untracked 
| 100|0x0000000086400000, 0x0000000086500000, 0x0000000086500000|100%| O|  |TAMS 0x0000000086500000, 0x0000000086400000| Untracked 
| 101|0x0000000086500000, 0x0000000086600000, 0x0000000086600000|100%| O|  |TAMS 0x0000000086600000, 0x0000000086500000| Untracked 
| 102|0x0000000086600000, 0x0000000086700000, 0x0000000086700000|100%|HS|  |TAMS 0x0000000086700000, 0x0000000086600000| Complete 
| 103|0x0000000086700000, 0x0000000086800000, 0x0000000086800000|100%|HC|  |TAMS 0x0000000086800000, 0x0000000086700000| Complete 
| 104|0x0000000086800000, 0x0000000086900000, 0x0000000086900000|100%| O|  |TAMS 0x0000000086900000, 0x0000000086800000| Untracked 
| 105|0x0000000086900000, 0x0000000086a00000, 0x0000000086a00000|100%| O|  |TAMS 0x0000000086a00000, 0x0000000086900000| Untracked 
| 106|0x0000000086a00000, 0x0000000086b00000, 0x0000000086b00000|100%| O|  |TAMS 0x0000000086b00000, 0x0000000086a00000| Untracked 
| 107|0x0000000086b00000, 0x0000000086c00000, 0x0000000086c00000|100%| O|  |TAMS 0x0000000086bd0600, 0x0000000086b00000| Untracked 
| 108|0x0000000086c00000, 0x0000000086d00000, 0x0000000086d00000|100%| O|  |TAMS 0x0000000086c00000, 0x0000000086c00000| Untracked 
| 109|0x0000000086d00000, 0x0000000086e00000, 0x0000000086e00000|100%| O|  |TAMS 0x0000000086d00000, 0x0000000086d00000| Untracked 
| 110|0x0000000086e00000, 0x0000000086f00000, 0x0000000086f00000|100%| O|  |TAMS 0x0000000086e00000, 0x0000000086e00000| Untracked 
| 111|0x0000000086f00000, 0x0000000087000000, 0x0000000087000000|100%| O|  |TAMS 0x0000000086f00000, 0x0000000086f00000| Untracked 
| 112|0x0000000087000000, 0x0000000087100000, 0x0000000087100000|100%| O|  |TAMS 0x0000000087000000, 0x0000000087000000| Untracked 
| 113|0x0000000087100000, 0x0000000087200000, 0x0000000087200000|100%| O|  |TAMS 0x0000000087100000, 0x0000000087100000| Untracked 
| 114|0x0000000087200000, 0x0000000087300000, 0x0000000087300000|100%| O|  |TAMS 0x0000000087200000, 0x0000000087200000| Untracked 
| 115|0x0000000087300000, 0x0000000087400000, 0x0000000087400000|100%| O|  |TAMS 0x0000000087300000, 0x0000000087300000| Untracked 
| 116|0x0000000087400000, 0x0000000087500000, 0x0000000087500000|100%| O|  |TAMS 0x0000000087400000, 0x0000000087400000| Untracked 
| 117|0x0000000087500000, 0x0000000087600000, 0x0000000087600000|100%| O|  |TAMS 0x0000000087500000, 0x0000000087500000| Untracked 
| 118|0x0000000087600000, 0x0000000087700000, 0x0000000087700000|100%| O|  |TAMS 0x0000000087600000, 0x0000000087600000| Untracked 
| 119|0x0000000087700000, 0x0000000087800000, 0x0000000087800000|100%| O|  |TAMS 0x0000000087700000, 0x0000000087700000| Untracked 
| 120|0x0000000087800000, 0x0000000087900000, 0x0000000087900000|100%| O|  |TAMS 0x0000000087800000, 0x0000000087800000| Untracked 
| 121|0x0000000087900000, 0x0000000087a00000, 0x0000000087a00000|100%| O|  |TAMS 0x0000000087900000, 0x0000000087900000| Untracked 
| 122|0x0000000087a00000, 0x0000000087b00000, 0x0000000087b00000|100%| O|  |TAMS 0x0000000087a00000, 0x0000000087a00000| Untracked 
| 123|0x0000000087b00000, 0x0000000087c00000, 0x0000000087c00000|100%| O|  |TAMS 0x0000000087b00000, 0x0000000087b00000| Untracked 
| 124|0x0000000087c00000, 0x0000000087d00000, 0x0000000087d00000|100%| O|  |TAMS 0x0000000087c00000, 0x0000000087c00000| Untracked 
| 125|0x0000000087d00000, 0x0000000087e00000, 0x0000000087e00000|100%| O|  |TAMS 0x0000000087d00000, 0x0000000087d00000| Untracked 
| 126|0x0000000087e00000, 0x0000000087f00000, 0x0000000087f00000|100%| O|  |TAMS 0x0000000087e00000, 0x0000000087e00000| Untracked 
| 127|0x0000000087f00000, 0x0000000088000000, 0x0000000088000000|100%| O|  |TAMS 0x0000000087f00000, 0x0000000087f00000| Untracked 
| 128|0x0000000088000000, 0x0000000088100000, 0x0000000088100000|100%| O|  |TAMS 0x0000000088000000, 0x0000000088000000| Untracked 
| 129|0x0000000088100000, 0x0000000088200000, 0x0000000088200000|100%| O|  |TAMS 0x0000000088100000, 0x0000000088100000| Untracked 
| 130|0x0000000088200000, 0x0000000088300000, 0x0000000088300000|100%| O|  |TAMS 0x0000000088200000, 0x0000000088200000| Untracked 
| 131|0x0000000088300000, 0x0000000088400000, 0x0000000088400000|100%|HS|  |TAMS 0x0000000088300000, 0x0000000088300000| Complete 
| 132|0x0000000088400000, 0x0000000088500000, 0x0000000088500000|100%|HS|  |TAMS 0x0000000088400000, 0x0000000088400000| Complete 
| 133|0x0000000088500000, 0x0000000088600000, 0x0000000088600000|100%|HS|  |TAMS 0x0000000088500000, 0x0000000088500000| Complete 
| 134|0x0000000088600000, 0x0000000088700000, 0x0000000088700000|100%|HC|  |TAMS 0x0000000088600000, 0x0000000088600000| Complete 
| 135|0x0000000088700000, 0x0000000088800000, 0x0000000088800000|100%| O|  |TAMS 0x0000000088700000, 0x0000000088700000| Untracked 
| 136|0x0000000088800000, 0x0000000088900000, 0x0000000088900000|100%| O|  |TAMS 0x0000000088800000, 0x0000000088800000| Untracked 
| 137|0x0000000088900000, 0x0000000088a00000, 0x0000000088a00000|100%| O|  |TAMS 0x0000000088900000, 0x0000000088900000| Untracked 
| 138|0x0000000088a00000, 0x0000000088b00000, 0x0000000088b00000|100%| O|  |TAMS 0x0000000088a00000, 0x0000000088a00000| Untracked 
| 139|0x0000000088b00000, 0x0000000088c00000, 0x0000000088c00000|100%| O|  |TAMS 0x0000000088b00000, 0x0000000088b00000| Untracked 
| 140|0x0000000088c00000, 0x0000000088d00000, 0x0000000088d00000|100%| O|  |TAMS 0x0000000088c00000, 0x0000000088c00000| Untracked 
| 141|0x0000000088d00000, 0x0000000088e00000, 0x0000000088e00000|100%| O|  |TAMS 0x0000000088d00000, 0x0000000088d00000| Untracked 
| 142|0x0000000088e00000, 0x0000000088f00000, 0x0000000088f00000|100%| O|  |TAMS 0x0000000088e00000, 0x0000000088e00000| Untracked 
| 143|0x0000000088f00000, 0x0000000089000000, 0x0000000089000000|100%| O|  |TAMS 0x0000000088f00000, 0x0000000088f00000| Untracked 
| 144|0x0000000089000000, 0x0000000089100000, 0x0000000089100000|100%| O|  |TAMS 0x0000000089000000, 0x0000000089000000| Untracked 
| 145|0x0000000089100000, 0x0000000089200000, 0x0000000089200000|100%| O|  |TAMS 0x0000000089100000, 0x0000000089100000| Untracked 
| 146|0x0000000089200000, 0x0000000089300000, 0x0000000089300000|100%| O|  |TAMS 0x0000000089200000, 0x0000000089200000| Untracked 
| 147|0x0000000089300000, 0x0000000089400000, 0x0000000089400000|100%| O|  |TAMS 0x0000000089300000, 0x0000000089300000| Untracked 
| 148|0x0000000089400000, 0x0000000089500000, 0x0000000089500000|100%| O|  |TAMS 0x0000000089400000, 0x0000000089400000| Untracked 
| 149|0x0000000089500000, 0x0000000089600000, 0x0000000089600000|100%| O|  |TAMS 0x0000000089500000, 0x0000000089500000| Untracked 
| 150|0x0000000089600000, 0x0000000089700000, 0x0000000089700000|100%| O|  |TAMS 0x0000000089600000, 0x0000000089600000| Untracked 
| 151|0x0000000089700000, 0x0000000089800000, 0x0000000089800000|100%| O|  |TAMS 0x0000000089700000, 0x0000000089700000| Untracked 
| 152|0x0000000089800000, 0x0000000089900000, 0x0000000089900000|100%| O|  |TAMS 0x0000000089800000, 0x0000000089800000| Untracked 
| 153|0x0000000089900000, 0x0000000089a00000, 0x0000000089a00000|100%|HS|  |TAMS 0x0000000089900000, 0x0000000089900000| Complete 
| 154|0x0000000089a00000, 0x0000000089b00000, 0x0000000089b00000|100%|HS|  |TAMS 0x0000000089a00000, 0x0000000089a00000| Complete 
| 155|0x0000000089b00000, 0x0000000089c00000, 0x0000000089c00000|100%| O|  |TAMS 0x0000000089b00000, 0x0000000089b00000| Untracked 
| 156|0x0000000089c00000, 0x0000000089d00000, 0x0000000089d00000|100%| O|  |TAMS 0x0000000089c00000, 0x0000000089c00000| Untracked 
| 157|0x0000000089d00000, 0x0000000089e00000, 0x0000000089e00000|100%| O|  |TAMS 0x0000000089d00000, 0x0000000089d00000| Untracked 
| 158|0x0000000089e00000, 0x0000000089f00000, 0x0000000089f00000|100%| O|  |TAMS 0x0000000089e00000, 0x0000000089e00000| Untracked 
| 159|0x0000000089f00000, 0x000000008a000000, 0x000000008a000000|100%| O|  |TAMS 0x0000000089f00000, 0x0000000089f00000| Untracked 
| 160|0x000000008a000000, 0x000000008a100000, 0x000000008a100000|100%| O|  |TAMS 0x000000008a000000, 0x000000008a000000| Untracked 
| 161|0x000000008a100000, 0x000000008a200000, 0x000000008a200000|100%| O|  |TAMS 0x000000008a100000, 0x000000008a100000| Untracked 
| 162|0x000000008a200000, 0x000000008a300000, 0x000000008a300000|100%| O|  |TAMS 0x000000008a200000, 0x000000008a200000| Untracked 
| 163|0x000000008a300000, 0x000000008a400000, 0x000000008a400000|100%| O|  |TAMS 0x000000008a300000, 0x000000008a300000| Untracked 
| 164|0x000000008a400000, 0x000000008a500000, 0x000000008a500000|100%| O|  |TAMS 0x000000008a400000, 0x000000008a400000| Untracked 
| 165|0x000000008a500000, 0x000000008a600000, 0x000000008a600000|100%| O|  |TAMS 0x000000008a500000, 0x000000008a500000| Untracked 
| 166|0x000000008a600000, 0x000000008a700000, 0x000000008a700000|100%| O|  |TAMS 0x000000008a600000, 0x000000008a600000| Untracked 
| 167|0x000000008a700000, 0x000000008a800000, 0x000000008a800000|100%|HS|  |TAMS 0x000000008a700000, 0x000000008a700000| Complete 
| 168|0x000000008a800000, 0x000000008a900000, 0x000000008a900000|100%| O|  |TAMS 0x000000008a800000, 0x000000008a800000| Untracked 
| 169|0x000000008a900000, 0x000000008aa00000, 0x000000008aa00000|100%| O|  |TAMS 0x000000008a900000, 0x000000008a900000| Untracked 
| 170|0x000000008aa00000, 0x000000008ab00000, 0x000000008ab00000|100%| O|  |TAMS 0x000000008aa00000, 0x000000008aa00000| Untracked 
| 171|0x000000008ab00000, 0x000000008ac00000, 0x000000008ac00000|100%| O|  |TAMS 0x000000008ab00000, 0x000000008ab00000| Untracked 
| 172|0x000000008ac00000, 0x000000008ad00000, 0x000000008ad00000|100%| O|  |TAMS 0x000000008ac00000, 0x000000008ac00000| Untracked 
| 173|0x000000008ad00000, 0x000000008ae00000, 0x000000008ae00000|100%| O|  |TAMS 0x000000008ad00000, 0x000000008ad00000| Untracked 
| 174|0x000000008ae00000, 0x000000008ae81800, 0x000000008af00000| 50%| O|  |TAMS 0x000000008ae00000, 0x000000008ae00000| Untracked 
| 175|0x000000008af00000, 0x000000008af00000, 0x000000008b000000|  0%| F|  |TAMS 0x000000008af00000, 0x000000008af00000| Untracked 
| 176|0x000000008b000000, 0x000000008b000000, 0x000000008b100000|  0%| F|  |TAMS 0x000000008b000000, 0x000000008b000000| Untracked 
| 177|0x000000008b100000, 0x000000008b100000, 0x000000008b200000|  0%| F|  |TAMS 0x000000008b100000, 0x000000008b100000| Untracked 
| 178|0x000000008b200000, 0x000000008b200000, 0x000000008b300000|  0%| F|  |TAMS 0x000000008b200000, 0x000000008b200000| Untracked 
| 179|0x000000008b300000, 0x000000008b300000, 0x000000008b400000|  0%| F|  |TAMS 0x000000008b300000, 0x000000008b300000| Untracked 
| 180|0x000000008b400000, 0x000000008b400000, 0x000000008b500000|  0%| F|  |TAMS 0x000000008b400000, 0x000000008b400000| Untracked 
| 181|0x000000008b500000, 0x000000008b500000, 0x000000008b600000|  0%| F|  |TAMS 0x000000008b500000, 0x000000008b500000| Untracked 
| 182|0x000000008b600000, 0x000000008b600000, 0x000000008b700000|  0%| F|  |TAMS 0x000000008b600000, 0x000000008b600000| Untracked 
| 183|0x000000008b700000, 0x000000008b700000, 0x000000008b800000|  0%| F|  |TAMS 0x000000008b700000, 0x000000008b700000| Untracked 
| 184|0x000000008b800000, 0x000000008b800000, 0x000000008b900000|  0%| F|  |TAMS 0x000000008b800000, 0x000000008b800000| Untracked 
| 185|0x000000008b900000, 0x000000008b900000, 0x000000008ba00000|  0%| F|  |TAMS 0x000000008b900000, 0x000000008b900000| Untracked 
| 186|0x000000008ba00000, 0x000000008ba00000, 0x000000008bb00000|  0%| F|  |TAMS 0x000000008ba00000, 0x000000008ba00000| Untracked 
| 187|0x000000008bb00000, 0x000000008bb00000, 0x000000008bc00000|  0%| F|  |TAMS 0x000000008bb00000, 0x000000008bb00000| Untracked 
| 188|0x000000008bc00000, 0x000000008bc00000, 0x000000008bd00000|  0%| F|  |TAMS 0x000000008bc00000, 0x000000008bc00000| Untracked 
| 189|0x000000008bd00000, 0x000000008bd00000, 0x000000008be00000|  0%| F|  |TAMS 0x000000008bd00000, 0x000000008bd00000| Untracked 
| 190|0x000000008be00000, 0x000000008be00000, 0x000000008bf00000|  0%| F|  |TAMS 0x000000008be00000, 0x000000008be00000| Untracked 
| 191|0x000000008bf00000, 0x000000008bf00000, 0x000000008c000000|  0%| F|  |TAMS 0x000000008bf00000, 0x000000008bf00000| Untracked 
| 192|0x000000008c000000, 0x000000008c000000, 0x000000008c100000|  0%| F|  |TAMS 0x000000008c000000, 0x000000008c000000| Untracked 
| 193|0x000000008c100000, 0x000000008c100000, 0x000000008c200000|  0%| F|  |TAMS 0x000000008c100000, 0x000000008c100000| Untracked 
| 194|0x000000008c200000, 0x000000008c200000, 0x000000008c300000|  0%| F|  |TAMS 0x000000008c200000, 0x000000008c200000| Untracked 
| 195|0x000000008c300000, 0x000000008c300000, 0x000000008c400000|  0%| F|  |TAMS 0x000000008c300000, 0x000000008c300000| Untracked 
| 196|0x000000008c400000, 0x000000008c400000, 0x000000008c500000|  0%| F|  |TAMS 0x000000008c400000, 0x000000008c400000| Untracked 
| 197|0x000000008c500000, 0x000000008c500000, 0x000000008c600000|  0%| F|  |TAMS 0x000000008c500000, 0x000000008c500000| Untracked 
| 198|0x000000008c600000, 0x000000008c600000, 0x000000008c700000|  0%| F|  |TAMS 0x000000008c600000, 0x000000008c600000| Untracked 
| 199|0x000000008c700000, 0x000000008c700000, 0x000000008c800000|  0%| F|  |TAMS 0x000000008c700000, 0x000000008c700000| Untracked 
| 200|0x000000008c800000, 0x000000008c800000, 0x000000008c900000|  0%| F|  |TAMS 0x000000008c800000, 0x000000008c800000| Untracked 
| 201|0x000000008c900000, 0x000000008c900000, 0x000000008ca00000|  0%| F|  |TAMS 0x000000008c900000, 0x000000008c900000| Untracked 
| 202|0x000000008ca00000, 0x000000008ca00000, 0x000000008cb00000|  0%| F|  |TAMS 0x000000008ca00000, 0x000000008ca00000| Untracked 
| 203|0x000000008cb00000, 0x000000008cb00000, 0x000000008cc00000|  0%| F|  |TAMS 0x000000008cb00000, 0x000000008cb00000| Untracked 
| 204|0x000000008cc00000, 0x000000008cc00000, 0x000000008cd00000|  0%| F|  |TAMS 0x000000008cc00000, 0x000000008cc00000| Untracked 
| 205|0x000000008cd00000, 0x000000008cd00000, 0x000000008ce00000|  0%| F|  |TAMS 0x000000008cd00000, 0x000000008cd00000| Untracked 
| 206|0x000000008ce00000, 0x000000008ce00000, 0x000000008cf00000|  0%| F|  |TAMS 0x000000008ce00000, 0x000000008ce00000| Untracked 
| 207|0x000000008cf00000, 0x000000008cf00000, 0x000000008d000000|  0%| F|  |TAMS 0x000000008cf00000, 0x000000008cf00000| Untracked 
| 208|0x000000008d000000, 0x000000008d000000, 0x000000008d100000|  0%| F|  |TAMS 0x000000008d000000, 0x000000008d000000| Untracked 
| 209|0x000000008d100000, 0x000000008d100000, 0x000000008d200000|  0%| F|  |TAMS 0x000000008d100000, 0x000000008d100000| Untracked 
| 210|0x000000008d200000, 0x000000008d200000, 0x000000008d300000|  0%| F|  |TAMS 0x000000008d200000, 0x000000008d200000| Untracked 
| 211|0x000000008d300000, 0x000000008d300000, 0x000000008d400000|  0%| F|  |TAMS 0x000000008d300000, 0x000000008d300000| Untracked 
| 212|0x000000008d400000, 0x000000008d400000, 0x000000008d500000|  0%| F|  |TAMS 0x000000008d400000, 0x000000008d400000| Untracked 
| 213|0x000000008d500000, 0x000000008d600000, 0x000000008d600000|100%| S|CS|TAMS 0x000000008d500000, 0x000000008d500000| Complete 
| 214|0x000000008d600000, 0x000000008d700000, 0x000000008d700000|100%| S|CS|TAMS 0x000000008d600000, 0x000000008d600000| Complete 
| 215|0x000000008d700000, 0x000000008d800000, 0x000000008d800000|100%| S|CS|TAMS 0x000000008d700000, 0x000000008d700000| Complete 
| 216|0x000000008d800000, 0x000000008d900000, 0x000000008d900000|100%| S|CS|TAMS 0x000000008d800000, 0x000000008d800000| Complete 
| 217|0x000000008d900000, 0x000000008da00000, 0x000000008da00000|100%| S|CS|TAMS 0x000000008d900000, 0x000000008d900000| Complete 
| 218|0x000000008da00000, 0x000000008db00000, 0x000000008db00000|100%| S|CS|TAMS 0x000000008da00000, 0x000000008da00000| Complete 
| 219|0x000000008db00000, 0x000000008dc00000, 0x000000008dc00000|100%| S|CS|TAMS 0x000000008db00000, 0x000000008db00000| Complete 
| 220|0x000000008dc00000, 0x000000008dc00000, 0x000000008dd00000|  0%| F|  |TAMS 0x000000008dc00000, 0x000000008dc00000| Untracked 
| 221|0x000000008dd00000, 0x000000008dd00000, 0x000000008de00000|  0%| F|  |TAMS 0x000000008dd00000, 0x000000008dd00000| Untracked 
| 222|0x000000008de00000, 0x000000008de00000, 0x000000008df00000|  0%| F|  |TAMS 0x000000008de00000, 0x000000008de00000| Untracked 
| 223|0x000000008df00000, 0x000000008df00000, 0x000000008e000000|  0%| F|  |TAMS 0x000000008df00000, 0x000000008df00000| Untracked 
| 224|0x000000008e000000, 0x000000008e000000, 0x000000008e100000|  0%| F|  |TAMS 0x000000008e000000, 0x000000008e000000| Untracked 
| 225|0x000000008e100000, 0x000000008e100000, 0x000000008e200000|  0%| F|  |TAMS 0x000000008e100000, 0x000000008e100000| Untracked 
| 226|0x000000008e200000, 0x000000008e200000, 0x000000008e300000|  0%| F|  |TAMS 0x000000008e200000, 0x000000008e200000| Untracked 
| 227|0x000000008e300000, 0x000000008e300000, 0x000000008e400000|  0%| F|  |TAMS 0x000000008e300000, 0x000000008e300000| Untracked 
| 228|0x000000008e400000, 0x000000008e400000, 0x000000008e500000|  0%| F|  |TAMS 0x000000008e400000, 0x000000008e400000| Untracked 
| 229|0x000000008e500000, 0x000000008e500000, 0x000000008e600000|  0%| F|  |TAMS 0x000000008e500000, 0x000000008e500000| Untracked 
| 230|0x000000008e600000, 0x000000008e600000, 0x000000008e700000|  0%| F|  |TAMS 0x000000008e600000, 0x000000008e600000| Untracked 
| 231|0x000000008e700000, 0x000000008e700000, 0x000000008e800000|  0%| F|  |TAMS 0x000000008e700000, 0x000000008e700000| Untracked 
| 232|0x000000008e800000, 0x000000008e800000, 0x000000008e900000|  0%| F|  |TAMS 0x000000008e800000, 0x000000008e800000| Untracked 
| 233|0x000000008e900000, 0x000000008e900000, 0x000000008ea00000|  0%| F|  |TAMS 0x000000008e900000, 0x000000008e900000| Untracked 
| 234|0x000000008ea00000, 0x000000008ea00000, 0x000000008eb00000|  0%| F|  |TAMS 0x000000008ea00000, 0x000000008ea00000| Untracked 
| 235|0x000000008eb00000, 0x000000008eb00000, 0x000000008ec00000|  0%| F|  |TAMS 0x000000008eb00000, 0x000000008eb00000| Untracked 
| 236|0x000000008ec00000, 0x000000008ec00000, 0x000000008ed00000|  0%| F|  |TAMS 0x000000008ec00000, 0x000000008ec00000| Untracked 
| 237|0x000000008ed00000, 0x000000008ed00000, 0x000000008ee00000|  0%| F|  |TAMS 0x000000008ed00000, 0x000000008ed00000| Untracked 
| 238|0x000000008ee00000, 0x000000008ee00000, 0x000000008ef00000|  0%| F|  |TAMS 0x000000008ee00000, 0x000000008ee00000| Untracked 
| 239|0x000000008ef00000, 0x000000008ef00000, 0x000000008f000000|  0%| F|  |TAMS 0x000000008ef00000, 0x000000008ef00000| Untracked 
| 240|0x000000008f000000, 0x000000008f000000, 0x000000008f100000|  0%| F|  |TAMS 0x000000008f000000, 0x000000008f000000| Untracked 
| 241|0x000000008f100000, 0x000000008f100000, 0x000000008f200000|  0%| F|  |TAMS 0x000000008f100000, 0x000000008f100000| Untracked 
| 242|0x000000008f200000, 0x000000008f200000, 0x000000008f300000|  0%| F|  |TAMS 0x000000008f200000, 0x000000008f200000| Untracked 
| 243|0x000000008f300000, 0x000000008f300000, 0x000000008f400000|  0%| F|  |TAMS 0x000000008f300000, 0x000000008f300000| Untracked 
| 244|0x000000008f400000, 0x000000008f400000, 0x000000008f500000|  0%| F|  |TAMS 0x000000008f400000, 0x000000008f400000| Untracked 
| 245|0x000000008f500000, 0x000000008f500000, 0x000000008f600000|  0%| F|  |TAMS 0x000000008f500000, 0x000000008f500000| Untracked 
| 246|0x000000008f600000, 0x000000008f600000, 0x000000008f700000|  0%| F|  |TAMS 0x000000008f600000, 0x000000008f600000| Untracked 
| 247|0x000000008f700000, 0x000000008f700000, 0x000000008f800000|  0%| F|  |TAMS 0x000000008f700000, 0x000000008f700000| Untracked 
| 248|0x000000008f800000, 0x000000008f800000, 0x000000008f900000|  0%| F|  |TAMS 0x000000008f800000, 0x000000008f800000| Untracked 
| 249|0x000000008f900000, 0x000000008f900000, 0x000000008fa00000|  0%| F|  |TAMS 0x000000008f900000, 0x000000008f900000| Untracked 
| 250|0x000000008fa00000, 0x000000008fa00000, 0x000000008fb00000|  0%| F|  |TAMS 0x000000008fa00000, 0x000000008fa00000| Untracked 
| 251|0x000000008fb00000, 0x000000008fb00000, 0x000000008fc00000|  0%| F|  |TAMS 0x000000008fb00000, 0x000000008fb00000| Untracked 
| 252|0x000000008fc00000, 0x000000008fc00000, 0x000000008fd00000|  0%| F|  |TAMS 0x000000008fc00000, 0x000000008fc00000| Untracked 
| 253|0x000000008fd00000, 0x000000008fd00000, 0x000000008fe00000|  0%| F|  |TAMS 0x000000008fd00000, 0x000000008fd00000| Untracked 
| 254|0x000000008fe00000, 0x000000008fe00000, 0x000000008ff00000|  0%| F|  |TAMS 0x000000008fe00000, 0x000000008fe00000| Untracked 
| 255|0x000000008ff00000, 0x000000008ff00000, 0x0000000090000000|  0%| F|  |TAMS 0x000000008ff00000, 0x000000008ff00000| Untracked 
| 256|0x0000000090000000, 0x0000000090000000, 0x0000000090100000|  0%| F|  |TAMS 0x0000000090000000, 0x0000000090000000| Untracked 
| 257|0x0000000090100000, 0x0000000090100000, 0x0000000090200000|  0%| F|  |TAMS 0x0000000090100000, 0x0000000090100000| Untracked 
| 258|0x0000000090200000, 0x0000000090200000, 0x0000000090300000|  0%| F|  |TAMS 0x0000000090200000, 0x0000000090200000| Untracked 
| 259|0x0000000090300000, 0x0000000090300000, 0x0000000090400000|  0%| F|  |TAMS 0x0000000090300000, 0x0000000090300000| Untracked 
| 260|0x0000000090400000, 0x0000000090400000, 0x0000000090500000|  0%| F|  |TAMS 0x0000000090400000, 0x0000000090400000| Untracked 
| 261|0x0000000090500000, 0x0000000090500000, 0x0000000090600000|  0%| F|  |TAMS 0x0000000090500000, 0x0000000090500000| Untracked 
| 262|0x0000000090600000, 0x0000000090600000, 0x0000000090700000|  0%| F|  |TAMS 0x0000000090600000, 0x0000000090600000| Untracked 
| 263|0x0000000090700000, 0x0000000090700000, 0x0000000090800000|  0%| F|  |TAMS 0x0000000090700000, 0x0000000090700000| Untracked 

Card table byte_map: [0x000002dac1ab0000,0x000002dac1eb0000] _byte_map_base: 0x000002dac16b0000

Marking Bits (Prev, Next): (CMBitMap*) 0x000002daaab9e100, (CMBitMap*) 0x000002daaab9e140
 Prev Bits: [0x000002dac22b0000, 0x000002dac42b0000)
 Next Bits: [0x000002dac42b0000, 0x000002dac62b0000)

Polling page: 0x000002daa8aa0000

Metaspace:

Usage:
  Non-class:     84.31 MB used.
      Class:     13.71 MB used.
       Both:     98.02 MB used.

Virtual space:
  Non-class space:      128.00 MB reserved,      85.00 MB ( 66%) committed,  2 nodes.
      Class space:      416.00 MB reserved,      14.25 MB (  3%) committed,  1 nodes.
             Both:      544.00 MB reserved,      99.25 MB ( 18%) committed. 

Chunk freelists:
   Non-Class:  10.22 MB
       Class:  1.68 MB
        Both:  11.90 MB

MaxMetaspaceSize: 512.00 MB
CompressedClassSpaceSize: 416.00 MB
Initial GC threshold: 21.00 MB
Current GC threshold: 144.38 MB
CDS: on
MetaspaceReclaimPolicy: balanced
 - commit_granule_bytes: 65536.
 - commit_granule_words: 8192.
 - virtual_space_node_default_size: 8388608.
 - enlarge_chunks_in_place: 1.
 - new_chunks_are_fully_committed: 0.
 - uncommit_free_chunks: 1.
 - use_allocation_guard: 0.
 - handle_deallocations: 1.


Internal statistics:

num_allocs_failed_limit: 6.
num_arena_births: 1442.
num_arena_deaths: 0.
num_vsnodes_births: 3.
num_vsnodes_deaths: 0.
num_space_committed: 1588.
num_space_uncommitted: 0.
num_chunks_returned_to_freelist: 6.
num_chunks_taken_from_freelist: 5991.
num_chunk_merges: 6.
num_chunk_splits: 3809.
num_chunks_enlarged: 2392.
num_inconsistent_stats: 0.

CodeHeap 'non-profiled nmethods': size=120000Kb used=8592Kb max_used=8592Kb free=111407Kb
 bounds [0x000002daba180000, 0x000002daba9f0000, 0x000002dac16b0000]
CodeHeap 'profiled nmethods': size=120000Kb used=25896Kb max_used=25896Kb free=94103Kb
 bounds [0x000002dab26b0000, 0x000002dab4000000, 0x000002dab9be0000]
CodeHeap 'non-nmethods': size=5760Kb used=2432Kb max_used=2528Kb free=3327Kb
 bounds [0x000002dab9be0000, 0x000002dab9e60000, 0x000002daba180000]
 total_blobs=13942 nmethods=12990 adapters=860
 compilation: enabled
              stopped_count=0, restarted_count=0
 full_count=0

Compilation events (20 events):
Event: 66.254 Thread 0x000002dac878aa70 nmethod 14706 0x000002dab3ff7810 code [0x000002dab3ff79c0, 0x000002dab3ff7bd8]
Event: 66.255 Thread 0x000002dac878aa70 14708       2       org.gradle.internal.collections.ImmutableFilteredList::matching (81 bytes)
Event: 66.255 Thread 0x000002dac878aa70 nmethod 14708 0x000002dab3ff7c90 code [0x000002dab3ff7ea0, 0x000002dab3ff82e8]
Event: 66.255 Thread 0x000002dac878aa70 14707       2       org.gradle.api.internal.artifacts.transform.ConsumerProvidedVariantFinder$$Lambda$899/0x000002daca639740::<init> (15 bytes)
Event: 66.255 Thread 0x000002dac878aa70 nmethod 14707 0x000002dab3ff8510 code [0x000002dab3ff86a0, 0x000002dab3ff8858]
Event: 66.269 Thread 0x000002dac878aa70 14709   !   2       org.gradle.internal.operations.DefaultBuildOperationQueue$WorkerRunnable::waitForNextOperation (89 bytes)
Event: 66.271 Thread 0x000002dac878aa70 nmethod 14709 0x000002dab3ff8910 code [0x000002dab3ff8b60, 0x000002dab3ff8fb8]
Event: 66.324 Thread 0x000002dac8788150 nmethod 14615 0x000002daba9dfa10 code [0x000002daba9dfd40, 0x000002daba9e2578]
Event: 66.324 Thread 0x000002dac8788150 14696       4       com.google.common.collect.ImmutableMap::containsKey (14 bytes)
Event: 66.325 Thread 0x000002dac8788150 nmethod 14696 0x000002daba9e3790 code [0x000002daba9e3920, 0x000002daba9e39b8]
Event: 66.325 Thread 0x000002dac8788150 14687       4       java.util.LinkedList::listIterator (15 bytes)
Event: 66.328 Thread 0x000002dac878aa70 14710       1       org.gradle.internal.operations.DefaultBuildOperationQueue::access$1000 (5 bytes)
Event: 66.328 Thread 0x000002dac878aa70 nmethod 14710 0x000002daba9e3a90 code [0x000002daba9e3c20, 0x000002daba9e3cd8]
Event: 66.329 Thread 0x000002dac878aa70 14711       1       org.gradle.internal.logging.events.ProgressCompleteEvent::isFailed (5 bytes)
Event: 66.329 Thread 0x000002dac878aa70 nmethod 14711 0x000002daba9e3d90 code [0x000002daba9e3f20, 0x000002daba9e3ff8]
Event: 66.329 Thread 0x000002dac878aa70 14712       3       org.gradle.internal.work.DefaultWorkerLeaseService::acquireLocksWithoutWorkerLeaseWhileBlocked (22 bytes)
Event: 66.330 Thread 0x000002dac878aa70 nmethod 14712 0x000002dab3ff9510 code [0x000002dab3ff96e0, 0x000002dab3ff9ab8]
Event: 66.330 Thread 0x000002dac878aa70 14713       3       org.gradle.internal.resources.DefaultResourceLockCoordinationService::tryLock (10 bytes)
Event: 66.330 Thread 0x000002dac878aa70 nmethod 14713 0x000002dab3ff9c90 code [0x000002dab3ff9e40, 0x000002dab3ffa098]
Event: 66.330 Thread 0x000002dac878aa70 14714       3       org.gradle.internal.resources.DefaultResourceLockCoordinationService$AcquireLocks::<init> (15 bytes)

GC Heap History (20 events):
Event: 53.518 GC heap after
{Heap after GC invocations=42 (full 0):
 garbage-first heap   total 205824K, used 130180K [0x0000000080000000, 0x0000000100000000)
  region size 1024K, 8 young (8192K), 8 survivors (8192K)
 Metaspace       used 97310K, committed 98432K, reserved 557056K
  class space    used 13736K, committed 14272K, reserved 425984K
}
Event: 54.129 GC heap before
{Heap before GC invocations=42 (full 0):
 garbage-first heap   total 205824K, used 169092K [0x0000000080000000, 0x0000000100000000)
  region size 1024K, 47 young (48128K), 8 survivors (8192K)
 Metaspace       used 97405K, committed 98560K, reserved 557056K
  class space    used 13736K, committed 14272K, reserved 425984K
}
Event: 54.143 GC heap after
{Heap after GC invocations=43 (full 0):
 garbage-first heap   total 205824K, used 133884K [0x0000000080000000, 0x0000000100000000)
  region size 1024K, 4 young (4096K), 4 survivors (4096K)
 Metaspace       used 97405K, committed 98560K, reserved 557056K
  class space    used 13736K, committed 14272K, reserved 425984K
}
Event: 54.580 GC heap before
{Heap before GC invocations=43 (full 0):
 garbage-first heap   total 205824K, used 170748K [0x0000000080000000, 0x0000000100000000)
  region size 1024K, 41 young (41984K), 4 survivors (4096K)
 Metaspace       used 97406K, committed 98560K, reserved 557056K
  class space    used 13736K, committed 14272K, reserved 425984K
}
Event: 54.591 GC heap after
{Heap after GC invocations=44 (full 0):
 garbage-first heap   total 205824K, used 135124K [0x0000000080000000, 0x0000000100000000)
  region size 1024K, 4 young (4096K), 4 survivors (4096K)
 Metaspace       used 97406K, committed 98560K, reserved 557056K
  class space    used 13736K, committed 14272K, reserved 425984K
}
Event: 55.010 GC heap before
{Heap before GC invocations=44 (full 0):
 garbage-first heap   total 205824K, used 171988K [0x0000000080000000, 0x0000000100000000)
  region size 1024K, 40 young (40960K), 4 survivors (4096K)
 Metaspace       used 97406K, committed 98560K, reserved 557056K
  class space    used 13736K, committed 14272K, reserved 425984K
}
Event: 55.092 GC heap after
{Heap after GC invocations=45 (full 0):
 garbage-first heap   total 270336K, used 136320K [0x0000000080000000, 0x0000000100000000)
  region size 1024K, 3 young (3072K), 3 survivors (3072K)
 Metaspace       used 97406K, committed 98560K, reserved 557056K
  class space    used 13736K, committed 14272K, reserved 425984K
}
Event: 60.761 GC heap before
{Heap before GC invocations=45 (full 0):
 garbage-first heap   total 270336K, used 224384K [0x0000000080000000, 0x0000000100000000)
  region size 1024K, 85 young (87040K), 3 survivors (3072K)
 Metaspace       used 98212K, committed 99456K, reserved 557056K
  class space    used 13835K, committed 14400K, reserved 425984K
}
Event: 60.794 GC heap after
{Heap after GC invocations=46 (full 0):
 garbage-first heap   total 270336K, used 151576K [0x0000000080000000, 0x0000000100000000)
  region size 1024K, 11 young (11264K), 11 survivors (11264K)
 Metaspace       used 98212K, committed 99456K, reserved 557056K
  class space    used 13835K, committed 14400K, reserved 425984K
}
Event: 62.056 GC heap before
{Heap before GC invocations=46 (full 0):
 garbage-first heap   total 270336K, used 216088K [0x0000000080000000, 0x0000000100000000)
  region size 1024K, 75 young (76800K), 11 survivors (11264K)
 Metaspace       used 99561K, committed 100736K, reserved 557056K
  class space    used 13965K, committed 14464K, reserved 425984K
}
Event: 62.073 GC heap after
{Heap after GC invocations=47 (full 0):
 garbage-first heap   total 270336K, used 157984K [0x0000000080000000, 0x0000000100000000)
  region size 1024K, 7 young (7168K), 7 survivors (7168K)
 Metaspace       used 99561K, committed 100736K, reserved 557056K
  class space    used 13965K, committed 14464K, reserved 425984K
}
Event: 62.751 GC heap before
{Heap before GC invocations=47 (full 0):
 garbage-first heap   total 270336K, used 219424K [0x0000000080000000, 0x0000000100000000)
  region size 1024K, 68 young (69632K), 7 survivors (7168K)
 Metaspace       used 99562K, committed 100736K, reserved 557056K
  class space    used 13965K, committed 14464K, reserved 425984K
}
Event: 62.886 GC heap after
{Heap after GC invocations=48 (full 0):
 garbage-first heap   total 270336K, used 159560K [0x0000000080000000, 0x0000000100000000)
  region size 1024K, 4 young (4096K), 4 survivors (4096K)
 Metaspace       used 99562K, committed 100736K, reserved 557056K
  class space    used 13965K, committed 14464K, reserved 425984K
}
Event: 64.471 GC heap before
{Heap before GC invocations=48 (full 0):
 garbage-first heap   total 270336K, used 224072K [0x0000000080000000, 0x0000000100000000)
  region size 1024K, 65 young (66560K), 4 survivors (4096K)
 Metaspace       used 99942K, committed 101184K, reserved 557056K
  class space    used 13998K, committed 14528K, reserved 425984K
}
Event: 64.487 GC heap after
{Heap after GC invocations=49 (full 0):
 garbage-first heap   total 270336K, used 170964K [0x0000000080000000, 0x0000000100000000)
  region size 1024K, 9 young (9216K), 9 survivors (9216K)
 Metaspace       used 99942K, committed 101184K, reserved 557056K
  class space    used 13998K, committed 14528K, reserved 425984K
}
Event: 64.961 GC heap before
{Heap before GC invocations=49 (full 0):
 garbage-first heap   total 270336K, used 220116K [0x0000000080000000, 0x0000000100000000)
  region size 1024K, 58 young (59392K), 9 survivors (9216K)
 Metaspace       used 99942K, committed 101184K, reserved 557056K
  class space    used 13998K, committed 14528K, reserved 425984K
}
Event: 64.978 GC heap after
{Heap after GC invocations=50 (full 0):
 garbage-first heap   total 270336K, used 173805K [0x0000000080000000, 0x0000000100000000)
  region size 1024K, 4 young (4096K), 4 survivors (4096K)
 Metaspace       used 99942K, committed 101184K, reserved 557056K
  class space    used 13998K, committed 14528K, reserved 425984K
}
Event: 65.564 GC heap before
{Heap before GC invocations=50 (full 0):
 garbage-first heap   total 270336K, used 223981K [0x0000000080000000, 0x0000000100000000)
  region size 1024K, 53 young (54272K), 4 survivors (4096K)
 Metaspace       used 100189K, committed 101440K, reserved 557056K
  class space    used 14027K, committed 14528K, reserved 425984K
}
Event: 65.589 GC heap after
{Heap after GC invocations=51 (full 0):
 garbage-first heap   total 270336K, used 179900K [0x0000000080000000, 0x0000000100000000)
  region size 1024K, 7 young (7168K), 7 survivors (7168K)
 Metaspace       used 100189K, committed 101440K, reserved 557056K
  class space    used 14027K, committed 14528K, reserved 425984K
}
Event: 66.330 GC heap before
{Heap before GC invocations=51 (full 0):
 garbage-first heap   total 270336K, used 223932K [0x0000000080000000, 0x0000000100000000)
  region size 1024K, 51 young (52224K), 7 survivors (7168K)
 Metaspace       used 100371K, committed 101632K, reserved 557056K
  class space    used 14035K, committed 14592K, reserved 425984K
}

Dll operation events (15 events):
Event: 0.077 Loaded shared library C:\Program Files\Eclipse Adoptium\jdk-17.0.18.8-hotspot\bin\java.dll
Event: 0.411 Loaded shared library C:\Program Files\Eclipse Adoptium\jdk-17.0.18.8-hotspot\bin\jsvml.dll
Event: 0.521 Loaded shared library C:\Program Files\Eclipse Adoptium\jdk-17.0.18.8-hotspot\bin\zip.dll
Event: 0.525 Loaded shared library C:\Program Files\Eclipse Adoptium\jdk-17.0.18.8-hotspot\bin\instrument.dll
Event: 0.529 Loaded shared library C:\Program Files\Eclipse Adoptium\jdk-17.0.18.8-hotspot\bin\net.dll
Event: 0.532 Loaded shared library C:\Program Files\Eclipse Adoptium\jdk-17.0.18.8-hotspot\bin\nio.dll
Event: 0.535 Loaded shared library C:\Program Files\Eclipse Adoptium\jdk-17.0.18.8-hotspot\bin\zip.dll
Event: 0.993 Loaded shared library C:\Program Files\Eclipse Adoptium\jdk-17.0.18.8-hotspot\bin\jimage.dll
Event: 1.366 Loaded shared library C:\Program Files\Eclipse Adoptium\jdk-17.0.18.8-hotspot\bin\verify.dll
Event: 1.904 Loaded shared library D:\gradle-cache\native\c067742578af261105cb4f569cf0c3c89f3d7b1fecec35dd04571415982c5e48\windows-amd64\native-platform.dll
Event: 1.922 Loaded shared library D:\gradle-cache\native\100fb08df4bc3b14c8652ba06237920a3bd2aa13389f12d3474272988ae205f9\windows-amd64\native-platform-file-events.dll
Event: 4.033 Loaded shared library C:\Program Files\Eclipse Adoptium\jdk-17.0.18.8-hotspot\bin\management.dll
Event: 4.036 Loaded shared library C:\Program Files\Eclipse Adoptium\jdk-17.0.18.8-hotspot\bin\management_ext.dll
Event: 4.431 Loaded shared library C:\Program Files\Eclipse Adoptium\jdk-17.0.18.8-hotspot\bin\extnet.dll
Event: 5.508 Loaded shared library C:\Program Files\Eclipse Adoptium\jdk-17.0.18.8-hotspot\bin\sunmscapi.dll

Deoptimization events (20 events):
Event: 64.424 Thread 0x000002dae870b010 DEOPT PACKING pc=0x000002daba974a08 sp=0x000000e1959f8500
Event: 64.424 Thread 0x000002dae870b010 DEOPT UNPACKING pc=0x000002dab9c369a3 sp=0x000000e1959f84a0 mode 2
Event: 64.424 Thread 0x000002dae870b010 Uncommon trap: trap_request=0xffffffd6 fr.pc=0x000002daba974a08 relative=0x00000000000009a8
Event: 64.424 Thread 0x000002dae870b010 Uncommon trap: reason=array_check action=maybe_recompile pc=0x000002daba974a08 method=java.util.ComparableTimSort.binarySort([Ljava/lang/Object;III)V @ 183 c2
Event: 64.424 Thread 0x000002dae870b010 DEOPT PACKING pc=0x000002daba974a08 sp=0x000000e1959f8500
Event: 64.424 Thread 0x000002dae870b010 DEOPT UNPACKING pc=0x000002dab9c369a3 sp=0x000000e1959f84a0 mode 2
Event: 65.083 Thread 0x000002dac8a0d2c0 Uncommon trap: trap_request=0xffffff45 fr.pc=0x000002daba78eb40 relative=0x0000000000002480
Event: 65.083 Thread 0x000002dac8a0d2c0 Uncommon trap: reason=unstable_if action=reinterpret pc=0x000002daba78eb40 method=java.util.concurrent.ConcurrentHashMap.addCount(JI)V @ 260 c2
Event: 65.083 Thread 0x000002dac8a0d2c0 DEOPT PACKING pc=0x000002daba78eb40 sp=0x000000e196ffe500
Event: 65.083 Thread 0x000002dac8a0d2c0 DEOPT UNPACKING pc=0x000002dab9c369a3 sp=0x000000e196ffe3e0 mode 2
Event: 65.641 Thread 0x000002dae870b010 Uncommon trap: trap_request=0xffffff45 fr.pc=0x000002daba242fe0 relative=0x0000000000000d40
Event: 65.641 Thread 0x000002dae870b010 Uncommon trap: reason=unstable_if action=reinterpret pc=0x000002daba242fe0 method=java.util.jar.JarFile.match([B[B[B[B)I @ 52 c2
Event: 65.641 Thread 0x000002dae870b010 DEOPT PACKING pc=0x000002daba242fe0 sp=0x000000e1959f3cd0
Event: 65.641 Thread 0x000002dae870b010 DEOPT UNPACKING pc=0x000002dab9c369a3 sp=0x000000e1959f3bc8 mode 2
Event: 65.650 Thread 0x000002dae870b010 DEOPT PACKING pc=0x000002dab278ea08 sp=0x000000e1959f3c20
Event: 65.650 Thread 0x000002dae870b010 DEOPT UNPACKING pc=0x000002dab9c37143 sp=0x000000e1959f30b8 mode 0
Event: 65.650 Thread 0x000002dae870b010 DEOPT PACKING pc=0x000002dab278ea08 sp=0x000000e1959f3c20
Event: 65.650 Thread 0x000002dae870b010 DEOPT UNPACKING pc=0x000002dab9c37143 sp=0x000000e1959f30b8 mode 0
Event: 65.845 Thread 0x000002dae870b010 DEOPT PACKING pc=0x000002dab3d9e9be sp=0x000000e1959f9300
Event: 65.845 Thread 0x000002dae870b010 DEOPT UNPACKING pc=0x000002dab9c37143 sp=0x000000e1959f8810 mode 0

Classes loaded (20 events):
Event: 61.079 Loading class com/sun/org/apache/xerces/internal/impl/Constants
Event: 61.082 Loading class com/sun/org/apache/xerces/internal/impl/Constants done
Event: 61.082 Loading class com/sun/org/apache/xerces/internal/impl/Constants$ArrayEnumeration
Event: 61.083 Loading class com/sun/org/apache/xerces/internal/impl/Constants$ArrayEnumeration done
Event: 61.083 Loading class com/sun/org/apache/xerces/internal/impl/io/MalformedByteSequenceException
Event: 61.084 Loading class java/io/CharConversionException
Event: 61.084 Loading class java/io/CharConversionException done
Event: 61.084 Loading class com/sun/org/apache/xerces/internal/impl/io/MalformedByteSequenceException done
Event: 61.085 Loading class com/sun/org/apache/xerces/internal/dom/DeepNodeListImpl
Event: 61.085 Loading class com/sun/org/apache/xerces/internal/dom/DeepNodeListImpl done
Event: 61.085 Loading class com/sun/org/apache/xerces/internal/dom/DeferredElementImpl
Event: 61.086 Loading class com/sun/org/apache/xerces/internal/dom/DeferredElementImpl done
Event: 61.087 Loading class com/sun/org/apache/xerces/internal/dom/AttributeMap
Event: 61.087 Loading class com/sun/org/apache/xerces/internal/dom/NamedNodeMapImpl
Event: 61.088 Loading class com/sun/org/apache/xerces/internal/dom/NamedNodeMapImpl done
Event: 61.088 Loading class com/sun/org/apache/xerces/internal/dom/AttributeMap done
Event: 61.088 Loading class com/sun/org/apache/xerces/internal/dom/DeferredAttrImpl
Event: 61.088 Loading class com/sun/org/apache/xerces/internal/dom/AttrImpl
Event: 61.089 Loading class com/sun/org/apache/xerces/internal/dom/AttrImpl done
Event: 61.089 Loading class com/sun/org/apache/xerces/internal/dom/DeferredAttrImpl done

Classes unloaded (0 events):
No events

Classes redefined (0 events):
No events

Internal exceptions (20 events):
Event: 64.045 Thread 0x000002dae870b010 Exception <a 'java/lang/ClassNotFoundException'{0x000000008e836b30}: build_e3qg92tlj2sbqr67se8ni9xdjBeanInfo> (0x000000008e836b30) 
thrown [s\src\hotspot\share\classfile\systemDictionary.cpp, line 256]
Event: 64.045 Thread 0x000002dae870b010 Exception <a 'java/lang/ClassNotFoundException'{0x000000008e83dc88}: build_e3qg92tlj2sbqr67se8ni9xdjCustomizer> (0x000000008e83dc88) 
thrown [s\src\hotspot\share\classfile\systemDictionary.cpp, line 256]
Event: 64.090 Thread 0x000002dae870b010 Exception <a 'java/lang/ClassNotFoundException'{0x000000008e8ae6d0}: build_e3qg92tlj2sbqr67se8ni9xdj$_run_closure1BeanInfo> (0x000000008e8ae6d0) 
thrown [s\src\hotspot\share\classfile\systemDictionary.cpp, line 256]
Event: 64.090 Thread 0x000002dae870b010 Exception <a 'java/lang/ClassNotFoundException'{0x000000008e8b7358}: build_e3qg92tlj2sbqr67se8ni9xdj$_run_closure1Customizer> (0x000000008e8b7358) 
thrown [s\src\hotspot\share\classfile\systemDictionary.cpp, line 256]
Event: 65.357 Thread 0x000002dae870b010 Exception <a 'java/lang/ClassNotFoundException'{0x000000008de5f8b8}: build_e3qg92tlj2sbqr67se8ni9xdjBeanInfo> (0x000000008de5f8b8) 
thrown [s\src\hotspot\share\classfile\systemDictionary.cpp, line 256]
Event: 65.357 Thread 0x000002dae870b010 Exception <a 'java/lang/ClassNotFoundException'{0x000000008de66990}: build_e3qg92tlj2sbqr67se8ni9xdjCustomizer> (0x000000008de66990) 
thrown [s\src\hotspot\share\classfile\systemDictionary.cpp, line 256]
Event: 65.651 Thread 0x000002dae870b010 Exception <a 'java/lang/ClassNotFoundException'{0x00000000904dc458}: org/gradle/api/internal/artifacts/dsl/dependencies/DefaultDependencyConstraintHandler_DecoratedBeanInfo> (0x00000000904dc458) 
thrown [s\src\hotspot\share\classfile\systemDictionary.cpp, line 256]
Event: 65.653 Thread 0x000002dae870b010 Exception <a 'java/lang/ClassNotFoundException'{0x00000000904fa428}: org/gradle/api/internal/artifacts/dsl/dependencies/DefaultDependencyConstraintHandlerBeanInfo> (0x00000000904fa428) 
thrown [s\src\hotspot\share\classfile\systemDictionary.cpp, line 256]
Event: 65.654 Thread 0x000002dae870b010 Exception <a 'java/lang/ClassNotFoundException'{0x0000000090318680}: org/gradle/api/internal/artifacts/dsl/dependencies/DefaultDependencyConstraintHandlerCustomizer> (0x0000000090318680) 
thrown [s\src\hotspot\share\classfile\systemDictionary.cpp, line 256]
Event: 65.655 Thread 0x000002dae870b010 Exception <a 'java/lang/ClassNotFoundException'{0x000000009033fcc8}: org/gradle/api/internal/artifacts/dsl/dependencies/DefaultDependencyConstraintHandler_DecoratedCustomizer> (0x000000009033fcc8) 
thrown [s\src\hotspot\share\classfile\systemDictionary.cpp, line 256]
Event: 65.662 Thread 0x000002dae870b010 Exception <a 'java/lang/ClassNotFoundException'{0x00000000903bdb80}: org/gradle/api/internal/artifacts/dependencies/DefaultDependencyConstraint_DecoratedBeanInfo> (0x00000000903bdb80) 
thrown [s\src\hotspot\share\classfile\systemDictionary.cpp, line 256]
Event: 65.664 Thread 0x000002dae870b010 Exception <a 'java/lang/ClassNotFoundException'{0x00000000903ddd48}: org/gradle/api/internal/artifacts/dependencies/DefaultDependencyConstraintBeanInfo> (0x00000000903ddd48) 
thrown [s\src\hotspot\share\classfile\systemDictionary.cpp, line 256]
Event: 65.665 Thread 0x000002dae870b010 Exception <a 'java/lang/ClassNotFoundException'{0x00000000903fdce0}: org/gradle/api/internal/artifacts/dependencies/AbstractDependencyConstraintBeanInfo> (0x00000000903fdce0) 
thrown [s\src\hotspot\share\classfile\systemDictionary.cpp, line 256]
Event: 65.667 Thread 0x000002dae870b010 Exception <a 'java/lang/ClassNotFoundException'{0x000000009021de98}: org/gradle/api/internal/artifacts/dependencies/AbstractDependencyConstraintCustomizer> (0x000000009021de98) 
thrown [s\src\hotspot\share\classfile\systemDictionary.cpp, line 256]
Event: 65.669 Thread 0x000002dae870b010 Exception <a 'java/lang/ClassNotFoundException'{0x0000000090242560}: org/gradle/api/internal/artifacts/dependencies/DefaultDependencyConstraintCustomizer> (0x0000000090242560) 
thrown [s\src\hotspot\share\classfile\systemDictionary.cpp, line 256]
Event: 65.672 Thread 0x000002dae870b010 Exception <a 'java/lang/ClassNotFoundException'{0x0000000090273ed0}: org/gradle/api/internal/artifacts/dependencies/DefaultDependencyConstraint_DecoratedCustomizer> (0x0000000090273ed0) 
thrown [s\src\hotspot\share\classfile\systemDictionary.cpp, line 256]
Event: 65.947 Thread 0x000002dae870b010 Exception <a 'java/lang/ClassNotFoundException'{0x000000008f534648}: build_c7kp4qj9xwencn9bu2qto5u2zBeanInfo> (0x000000008f534648) 
thrown [s\src\hotspot\share\classfile\systemDictionary.cpp, line 256]
Event: 65.947 Thread 0x000002dae870b010 Exception <a 'java/lang/ClassNotFoundException'{0x000000008f53b7a0}: build_c7kp4qj9xwencn9bu2qto5u2zCustomizer> (0x000000008f53b7a0) 
thrown [s\src\hotspot\share\classfile\systemDictionary.cpp, line 256]
Event: 65.961 Thread 0x000002dae870b010 Exception <a 'java/lang/ClassNotFoundException'{0x000000008f59b4f8}: build_c7kp4qj9xwencn9bu2qto5u2z$_run_closure1BeanInfo> (0x000000008f59b4f8) 
thrown [s\src\hotspot\share\classfile\systemDictionary.cpp, line 256]
Event: 65.961 Thread 0x000002dae870b010 Exception <a 'java/lang/ClassNotFoundException'{0x000000008f5a4178}: build_c7kp4qj9xwencn9bu2qto5u2z$_run_closure1Customizer> (0x000000008f5a4178) 
thrown [s\src\hotspot\share\classfile\systemDictionary.cpp, line 256]

VM Operations (20 events):
Event: 60.794 Executing VM operation: G1CollectForAllocation done
Event: 60.987 Executing VM operation: HandshakeAllThreads
Event: 60.987 Executing VM operation: HandshakeAllThreads done
Event: 61.991 Executing VM operation: Cleanup
Event: 61.991 Executing VM operation: Cleanup done
Event: 62.056 Executing VM operation: G1CollectForAllocation
Event: 62.073 Executing VM operation: G1CollectForAllocation done
Event: 62.751 Executing VM operation: G1CollectForAllocation
Event: 62.886 Executing VM operation: G1CollectForAllocation done
Event: 63.896 Executing VM operation: Cleanup
Event: 63.896 Executing VM operation: Cleanup done
Event: 64.471 Executing VM operation: G1CollectForAllocation
Event: 64.487 Executing VM operation: G1CollectForAllocation done
Event: 64.960 Executing VM operation: G1CollectForAllocation
Event: 64.978 Executing VM operation: G1CollectForAllocation done
Event: 65.563 Executing VM operation: G1CollectForAllocation
Event: 65.589 Executing VM operation: G1CollectForAllocation done
Event: 66.254 Executing VM operation: ICBufferFull
Event: 66.254 Executing VM operation: ICBufferFull done
Event: 66.330 Executing VM operation: G1CollectForAllocation

Memory protections (0 events):
No events

Nmethod flushes (20 events):
Event: 42.663 Thread 0x000002dac87953a0 flushing  nmethod 0x000002dab3637490
Event: 42.663 Thread 0x000002dac87953a0 flushing  nmethod 0x000002dab363d190
Event: 42.663 Thread 0x000002dac87953a0 flushing  nmethod 0x000002dab3656c90
Event: 42.663 Thread 0x000002dac87953a0 flushing  nmethod 0x000002dab3676490
Event: 42.663 Thread 0x000002dac87953a0 flushing  nmethod 0x000002dab369ff10
Event: 42.663 Thread 0x000002dac87953a0 flushing  nmethod 0x000002dab36d0010
Event: 42.663 Thread 0x000002dac87953a0 flushing  nmethod 0x000002dab36dcf90
Event: 42.663 Thread 0x000002dac87953a0 flushing  nmethod 0x000002dab36ffb10
Event: 42.663 Thread 0x000002dac87953a0 flushing  nmethod 0x000002dab3706790
Event: 42.663 Thread 0x000002dac87953a0 flushing  nmethod 0x000002dab372cf90
Event: 42.664 Thread 0x000002dac87953a0 flushing  nmethod 0x000002dab3804110
Event: 42.664 Thread 0x000002dac87953a0 flushing  nmethod 0x000002dab3866a10
Event: 42.664 Thread 0x000002dac87953a0 flushing  nmethod 0x000002dab3878610
Event: 42.664 Thread 0x000002dac87953a0 flushing  nmethod 0x000002dab387fb90
Event: 42.664 Thread 0x000002dac87953a0 flushing  nmethod 0x000002dab38f0290
Event: 42.664 Thread 0x000002dac87953a0 flushing  nmethod 0x000002dab38f1410
Event: 42.664 Thread 0x000002dac87953a0 flushing  nmethod 0x000002dab3903a90
Event: 42.665 Thread 0x000002dac87953a0 flushing  nmethod 0x000002dab3960c90
Event: 42.665 Thread 0x000002dac87953a0 flushing  nmethod 0x000002dab39a5810
Event: 53.049 Thread 0x000002dac87953a0 flushing  nmethod 0x000002dab2fec590

Events (20 events):
Event: 35.225 Thread 0x000002dae870b010 Thread added: 0x000002daebf7f8a0
Event: 35.226 Thread 0x000002dae870b010 Thread added: 0x000002daebf82120
Event: 35.227 Thread 0x000002dae870b010 Thread added: 0x000002daebf87220
Event: 35.315 Thread 0x000002dae870b010 Thread added: 0x000002daebf81c10
Event: 35.315 Thread 0x000002dae870b010 Thread added: 0x000002daebf7fdb0
Event: 35.316 Thread 0x000002dae870b010 Thread added: 0x000002daebf802c0
Event: 35.642 Thread 0x000002dae870b010 Thread added: 0x000002daede81620
Event: 36.107 Thread 0x000002dae870b010 Thread added: 0x000002daede7f7c0
Event: 37.315 Thread 0x000002daebf83050 Thread added: 0x000002daede7cf40
Event: 37.315 Thread 0x000002daebf83050 Thread added: 0x000002daede80c00
Event: 37.315 Thread 0x000002daebf83050 Thread added: 0x000002daede82550
Event: 37.327 Thread 0x000002daebf83050 Thread added: 0x000002daede7fcd0
Event: 40.348 Thread 0x000002dae870b010 Thread added: 0x000002daede7de70
Event: 41.661 Thread 0x000002dae8aa9050 Thread exited: 0x000002dae8aa9050
Event: 44.676 Thread 0x000002dae870b010 Thread added: 0x000002daede7b0e0
Event: 52.570 Thread 0x000002dae870b010 Thread added: 0x000002daede7ca30
Event: 52.596 Thread 0x000002daede7ca30 Thread added: 0x000002dae870ab00
Event: 52.596 Thread 0x000002daede7ca30 Thread added: 0x000002dae870b520
Event: 57.747 Thread 0x000002dac878aa70 Thread added: 0x000002daed806110
Event: 63.788 Thread 0x000002daed806110 Thread exited: 0x000002daed806110


Dynamic libraries:
0x00007ff712290000 - 0x00007ff71229e000 	C:\Program Files\Eclipse Adoptium\jdk-17.0.18.8-hotspot\bin\java.exe
0x00007ffe15fd0000 - 0x00007ffe161c8000 	C:\WINDOWS\SYSTEM32\ntdll.dll
0x00007ffe15330000 - 0x00007ffe153f2000 	C:\WINDOWS\System32\KERNEL32.DLL
0x00007ffe13a00000 - 0x00007ffe13cf6000 	C:\WINDOWS\System32\KERNELBASE.dll
0x00007ffe13870000 - 0x00007ffe13970000 	C:\WINDOWS\System32\ucrtbase.dll
0x00007ffe0cc80000 - 0x00007ffe0cc9e000 	C:\Program Files\Eclipse Adoptium\jdk-17.0.18.8-hotspot\bin\VCRUNTIME140.dll
0x00007ffe0b840000 - 0x00007ffe0b858000 	C:\Program Files\Eclipse Adoptium\jdk-17.0.18.8-hotspot\bin\jli.dll
0x00007ffe14580000 - 0x00007ffe14721000 	C:\WINDOWS\System32\USER32.dll
0x00007ffe13fc0000 - 0x00007ffe13fe2000 	C:\WINDOWS\System32\win32u.dll
0x00007ffe04800000 - 0x00007ffe04a9b000 	C:\WINDOWS\WinSxS\amd64_microsoft.windows.common-controls_6595b64144ccf1df_6.0.19041.6456_none_60b8a6cb71f64256\COMCTL32.dll
0x00007ffe14870000 - 0x00007ffe1489b000 	C:\WINDOWS\System32\GDI32.dll
0x00007ffe14070000 - 0x00007ffe1410e000 	C:\WINDOWS\System32\msvcrt.dll
0x00007ffe13750000 - 0x00007ffe13869000 	C:\WINDOWS\System32\gdi32full.dll
0x00007ffe136b0000 - 0x00007ffe1374d000 	C:\WINDOWS\System32\msvcp_win.dll
0x00007ffe15870000 - 0x00007ffe1589f000 	C:\WINDOWS\System32\IMM32.DLL
0x00007ffe0d400000 - 0x00007ffe0d40c000 	C:\Program Files\Eclipse Adoptium\jdk-17.0.18.8-hotspot\bin\vcruntime140_1.dll
0x00007ffdf32c0000 - 0x00007ffdf334d000 	C:\Program Files\Eclipse Adoptium\jdk-17.0.18.8-hotspot\bin\msvcp140.dll
0x00007ffd6fe20000 - 0x00007ffd70a8b000 	C:\Program Files\Eclipse Adoptium\jdk-17.0.18.8-hotspot\bin\server\jvm.dll
0x00007ffe15270000 - 0x00007ffe15321000 	C:\WINDOWS\System32\ADVAPI32.dll
0x00007ffe15590000 - 0x00007ffe1562f000 	C:\WINDOWS\System32\sechost.dll
0x00007ffe15010000 - 0x00007ffe15130000 	C:\WINDOWS\System32\RPCRT4.dll
0x00007ffe13ee0000 - 0x00007ffe13f07000 	C:\WINDOWS\System32\bcrypt.dll
0x00007ffe15200000 - 0x00007ffe1526b000 	C:\WINDOWS\System32\WS2_32.dll
0x00007ffe134c0000 - 0x00007ffe1350b000 	C:\WINDOWS\SYSTEM32\POWRPROF.dll
0x00007ffe07700000 - 0x00007ffe0770a000 	C:\WINDOWS\SYSTEM32\VERSION.dll
0x00007ffe04ab0000 - 0x00007ffe04ad7000 	C:\WINDOWS\SYSTEM32\WINMM.dll
0x00007ffe134a0000 - 0x00007ffe134b2000 	C:\WINDOWS\SYSTEM32\UMPDC.dll
0x00007ffe11e30000 - 0x00007ffe11e42000 	C:\WINDOWS\SYSTEM32\kernel.appcore.dll
0x00007ffe0d380000 - 0x00007ffe0d38a000 	C:\Program Files\Eclipse Adoptium\jdk-17.0.18.8-hotspot\bin\jimage.dll
0x00007ffe04af0000 - 0x00007ffe04cf1000 	C:\WINDOWS\SYSTEM32\DBGHELP.DLL
0x00007ffdfb820000 - 0x00007ffdfb854000 	C:\WINDOWS\SYSTEM32\dbgcore.DLL
0x00007ffe13970000 - 0x00007ffe139f2000 	C:\WINDOWS\System32\bcryptPrimitives.dll
0x00007ffdf4300000 - 0x00007ffdf430e000 	C:\Program Files\Eclipse Adoptium\jdk-17.0.18.8-hotspot\bin\instrument.dll
0x00007ffdf5cb0000 - 0x00007ffdf5cd5000 	C:\Program Files\Eclipse Adoptium\jdk-17.0.18.8-hotspot\bin\java.dll
0x00007ffdf1eb0000 - 0x00007ffdf1f87000 	C:\Program Files\Eclipse Adoptium\jdk-17.0.18.8-hotspot\bin\jsvml.dll
0x00007ffe148a0000 - 0x00007ffe15010000 	C:\WINDOWS\System32\SHELL32.dll
0x00007ffe10bb0000 - 0x00007ffe11355000 	C:\WINDOWS\SYSTEM32\windows.storage.dll
0x00007ffe15a20000 - 0x00007ffe15d74000 	C:\WINDOWS\System32\combase.dll
0x00007ffe12f40000 - 0x00007ffe12f6b000 	C:\WINDOWS\SYSTEM32\Wldp.dll
0x00007ffe15410000 - 0x00007ffe154dd000 	C:\WINDOWS\System32\OLEAUT32.dll
0x00007ffe15150000 - 0x00007ffe151fd000 	C:\WINDOWS\System32\SHCORE.dll
0x00007ffe157a0000 - 0x00007ffe157fb000 	C:\WINDOWS\System32\shlwapi.dll
0x00007ffe13590000 - 0x00007ffe135b4000 	C:\WINDOWS\SYSTEM32\profapi.dll
0x00007ffdf32a0000 - 0x00007ffdf32b8000 	C:\Program Files\Eclipse Adoptium\jdk-17.0.18.8-hotspot\bin\zip.dll
0x00007ffdf3f80000 - 0x00007ffdf3f9a000 	C:\Program Files\Eclipse Adoptium\jdk-17.0.18.8-hotspot\bin\net.dll
0x00007ffe08ef0000 - 0x00007ffe08ffa000 	C:\WINDOWS\SYSTEM32\WINHTTP.dll
0x00007ffe12d20000 - 0x00007ffe12d8a000 	C:\WINDOWS\system32\mswsock.dll
0x00007ffdf3a10000 - 0x00007ffdf3a26000 	C:\Program Files\Eclipse Adoptium\jdk-17.0.18.8-hotspot\bin\nio.dll
0x00007ffe0d350000 - 0x00007ffe0d360000 	C:\Program Files\Eclipse Adoptium\jdk-17.0.18.8-hotspot\bin\verify.dll
0x00007ffdf31f0000 - 0x00007ffdf3217000 	D:\gradle-cache\native\c067742578af261105cb4f569cf0c3c89f3d7b1fecec35dd04571415982c5e48\windows-amd64\native-platform.dll
0x00007ffdc73d0000 - 0x00007ffdc7514000 	D:\gradle-cache\native\100fb08df4bc3b14c8652ba06237920a3bd2aa13389f12d3474272988ae205f9\windows-amd64\native-platform-file-events.dll
0x00007ffdf5ca0000 - 0x00007ffdf5caa000 	C:\Program Files\Eclipse Adoptium\jdk-17.0.18.8-hotspot\bin\management.dll
0x00007ffdf5aa0000 - 0x00007ffdf5aac000 	C:\Program Files\Eclipse Adoptium\jdk-17.0.18.8-hotspot\bin\management_ext.dll
0x00007ffe15800000 - 0x00007ffe15808000 	C:\WINDOWS\System32\PSAPI.DLL
0x00007ffe12f80000 - 0x00007ffe12f98000 	C:\WINDOWS\SYSTEM32\CRYPTSP.dll
0x00007ffe125f0000 - 0x00007ffe12628000 	C:\WINDOWS\system32\rsaenh.dll
0x00007ffe13510000 - 0x00007ffe1353e000 	C:\WINDOWS\SYSTEM32\USERENV.dll
0x00007ffe12eb0000 - 0x00007ffe12ebc000 	C:\WINDOWS\SYSTEM32\CRYPTBASE.dll
0x00007ffe129b0000 - 0x00007ffe129eb000 	C:\WINDOWS\SYSTEM32\IPHLPAPI.DLL
0x00007ffe14860000 - 0x00007ffe14868000 	C:\WINDOWS\System32\NSI.dll
0x00007ffe08e40000 - 0x00007ffe08e57000 	C:\WINDOWS\SYSTEM32\dhcpcsvc6.DLL
0x00007ffe08df0000 - 0x00007ffe08e0d000 	C:\WINDOWS\SYSTEM32\dhcpcsvc.DLL
0x00007ffe129f0000 - 0x00007ffe12aba000 	C:\WINDOWS\SYSTEM32\DNSAPI.dll
0x00007ffdf4290000 - 0x00007ffdf4299000 	C:\Program Files\Eclipse Adoptium\jdk-17.0.18.8-hotspot\bin\extnet.dll
0x00007ffdf41e0000 - 0x00007ffdf41ee000 	C:\Program Files\Eclipse Adoptium\jdk-17.0.18.8-hotspot\bin\sunmscapi.dll
0x00007ffe13d80000 - 0x00007ffe13edd000 	C:\WINDOWS\System32\CRYPT32.dll
0x00007ffe13090000 - 0x00007ffe130b7000 	C:\WINDOWS\SYSTEM32\ncrypt.dll
0x00007ffe13050000 - 0x00007ffe1308b000 	C:\WINDOWS\SYSTEM32\NTASN1.dll
0x00007ffe007e0000 - 0x00007ffe007e7000 	C:\WINDOWS\system32\wshunix.dll
0x00007ffe0d390000 - 0x00007ffe0d3a7000 	C:\WINDOWS\system32\napinsp.dll
0x00007ffe0ca10000 - 0x00007ffe0ca2b000 	C:\WINDOWS\system32\pnrpnsp.dll
0x00007ffe0dba0000 - 0x00007ffe0dbbd000 	C:\WINDOWS\system32\wshbth.dll
0x00007ffe0d950000 - 0x00007ffe0d96d000 	C:\WINDOWS\system32\NLAapi.dll
0x00007ffe01520000 - 0x00007ffe01532000 	C:\WINDOWS\System32\winrnr.dll
0x00007ffe0ba80000 - 0x00007ffe0ba8a000 	C:\Windows\System32\rasadhlp.dll
0x00007ffe08820000 - 0x00007ffe088a0000 	C:\WINDOWS\System32\fwpuclnt.dll

dbghelp: loaded successfully - version: 4.0.5 - missing functions: none
symbol engine: initialized successfully - sym options: 0x614 - pdb path: .;C:\Program Files\Eclipse Adoptium\jdk-17.0.18.8-hotspot\bin;C:\WINDOWS\SYSTEM32;C:\WINDOWS\WinSxS\amd64_microsoft.windows.common-controls_6595b64144ccf1df_6.0.19041.6456_none_60b8a6cb71f64256;C:\Program Files\Eclipse Adoptium\jdk-17.0.18.8-hotspot\bin\server;D:\gradle-cache\native\c067742578af261105cb4f569cf0c3c89f3d7b1fecec35dd04571415982c5e48\windows-amd64;D:\gradle-cache\native\100fb08df4bc3b14c8652ba06237920a3bd2aa13389f12d3474272988ae205f9\windows-amd64

VM Arguments:
jvm_args: -XX:MaxMetaspaceSize=512m --add-opens=java.base/java.util=ALL-UNNAMED --add-opens=java.base/java.lang=ALL-UNNAMED --add-opens=java.base/java.lang.invoke=ALL-UNNAMED --add-opens=java.prefs/java.util.prefs=ALL-UNNAMED --add-exports=jdk.compiler/com.sun.tools.javac.api=ALL-UNNAMED --add-exports=jdk.compiler/com.sun.tools.javac.util=ALL-UNNAMED --add-opens=java.base/java.nio.charset=ALL-UNNAMED --add-opens=java.base/java.net=ALL-UNNAMED --add-opens=java.base/java.util.concurrent.atomic=ALL-UNNAMED -Xmx2048m -Dfile.encoding=windows-1252 -Duser.country=US -Duser.language=en -Duser.variant -javaagent:D:\gradle-cache\wrapper\dists\gradle-8.10.2-all\7iv73wktx1xtkvlq19urqw1wm\gradle-8.10.2\lib\agents\gradle-instrumentation-agent-8.10.2.jar 
java_command: org.gradle.launcher.daemon.bootstrap.GradleDaemon 8.10.2
java_class_path (initial): D:\gradle-cache\wrapper\dists\gradle-8.10.2-all\7iv73wktx1xtkvlq19urqw1wm\gradle-8.10.2\lib\gradle-daemon-main-8.10.2.jar
Launcher Type: SUN_STANDARD

[Global flags]
     intx CICompilerCount                          = 3                                         {product} {ergonomic}
   size_t CompressedClassSpaceSize                 = 436207616                                 {product} {ergonomic}
     uint ConcGCThreads                            = 1                                         {product} {ergonomic}
     uint G1ConcRefinementThreads                  = 4                                         {product} {ergonomic}
   size_t G1HeapRegionSize                         = 1048576                                   {product} {ergonomic}
    uintx GCDrainStackTargetSize                   = 64                                        {product} {ergonomic}
   size_t InitialHeapSize                          = 132120576                                 {product} {ergonomic}
   size_t MarkStackSize                            = 4194304                                   {product} {ergonomic}
   size_t MaxHeapSize                              = 2147483648                                {product} {command line}
   size_t MaxMetaspaceSize                         = 536870912                                 {product} {command line}
   size_t MaxNewSize                               = 1287651328                                {product} {ergonomic}
   size_t MinHeapDeltaBytes                        = 1048576                                   {product} {ergonomic}
   size_t MinHeapSize                              = 8388608                                   {product} {ergonomic}
    uintx NonNMethodCodeHeapSize                   = 5832780                                {pd product} {ergonomic}
    uintx NonProfiledCodeHeapSize                  = 122912730                              {pd product} {ergonomic}
    uintx ProfiledCodeHeapSize                     = 122912730                              {pd product} {ergonomic}
    uintx ReservedCodeCacheSize                    = 251658240                              {pd product} {ergonomic}
     bool SegmentedCodeCache                       = true                                      {product} {ergonomic}
   size_t SoftMaxHeapSize                          = 2147483648                             {manageable} {ergonomic}
     bool UseCompressedClassPointers               = true                           {product lp64_product} {ergonomic}
     bool UseCompressedOops                        = true                           {product lp64_product} {ergonomic}
     bool UseG1GC                                  = true                                      {product} {ergonomic}
     bool UseLargePagesIndividualAllocation        = false                                  {pd product} {ergonomic}

Logging:
Log output configuration:
 #0: stdout all=warning uptime,level,tags
 #1: stderr all=off uptime,level,tags

Environment Variables:
JAVA_HOME=C:\Program Files\Eclipse Adoptium\jdk-17.0.18.8-hotspot
CLASSPATH=E:\varxus\app\h\GlassMarket\android\\gradle\wrapper\gradle-wrapper.jar
PATH=E:\varxus\app\h\GlassMarket\node_modules\.bin;E:\varxus\app\h\GlassMarket\node_modules\.bin;E:\varxus\app\h\node_modules\.bin;E:\varxus\app\node_modules\.bin;E:\varxus\node_modules\.bin;E:\node_modules\.bin;C:\Users\Sajeel Ahmad\AppData\Roaming\npm\node_modules\npm\node_modules\@npmcli\run-script\lib\node-gyp-bin;C:\Program Files\Eclipse Adoptium\jdk-17.0.18.8-hotspot\bin;C:\Users\Sajeel Ahmad\AppData\Roaming\npm;C:\Users\Sajeel Ahmad\AppData\Roaming\npm;C:\Program Files\nodejs\;C:\Users\Sajeel Ahmad\AppData\Roaming\npm;C:\Program Files\nodejs\;C:\Program Files\Java\jdk-26\bin;D:\Android\Sdk\platform-tools;D:\Android\Sdk\emulator;C:\WINDOWS\system32;C:\WINDOWS;C:\WINDOWS\System32\Wbem;C:\WINDOWS\System32\WindowsPowerShell\v1.0\;C:\WINDOWS\System32\OpenSSH\;C:\Program Files\Git\cmd;C:\Program Files\PostgreSQL\16\bin;C:\Program Files\dotnet\;C:\Program Files\nodejs\;C:\Program Files\PuTTY\;C:\Users\Sajeel Ahmad\AppData\Local\Microsoft\WindowsApps;C:\Users\Sajeel Ahmad\AppData\Local\Programs\Microsoft VS Code\bin;C:\Users\Sajeel Ahmad\AppData\Roaming\npm;C:\Users\Sajeel Ahmad\AppData\Local\Programs\cursor\resources\app\bin;C:\Program Files\Java\jdk-17\bin;D:\Android\Sdk\platform-tools;D:\Android\Sdk\emulator;C:\Users\Sajeel Ahmad\AppData\Local\Microsoft\WindowsApps;;C:\Users\Sajeel Ahmad\AppData\Local\Programs\Microsoft VS Code\bin;C:\Users\Sajeel Ahmad\AppData\Roaming\npm;D:\Users\Sajeel Ahmad\cursor\resources\app\bin
USERNAME=Sajeel Ahmad
OS=Windows_NT
PROCESSOR_IDENTIFIER=Intel64 Family 6 Model 78 Stepping 3, GenuineIntel
TMP=C:\Users\SAJEEL~1\AppData\Local\Temp
TEMP=C:\Users\SAJEEL~1\AppData\Local\Temp



Periodic native trim disabled


---------------  S Y S T E M  ---------------

OS:
 Windows 10 , 64 bit Build 19041 (10.0.19041.5915)
OS uptime: 2 days 18:44 hours
Hyper-V role detected

CPU: total 4 (initial active 4) (2 cores per cpu, 2 threads per core) family 6 model 78 stepping 3 microcode 0xcc, cx8, cmov, fxsr, ht, mmx, 3dnowpref, sse, sse2, sse3, ssse3, sse4.1, sse4.2, popcnt, lzcnt, tsc, tscinvbit, avx, avx2, aes, erms, clmul, bmi1, bmi2, rtm, adx, fma, vzeroupper, clflush, clflushopt, hv
Processor Information for all 4 processors :
  Max Mhz: 2496, Current Mhz: 798, Mhz Limit: 798

Memory: 4k page, system-wide physical 8058M (358M free)
TotalPageFile size 15244M (AvailPageFile size 63M)
current process WorkingSet (physical memory assigned to process): 476M, peak: 486M
current process commit charge ("private bytes"): 597M, peak: 861M

vm_info: OpenJDK 64-Bit Server VM (17.0.18+8) for windows-amd64 JRE (17.0.18+8), built on Jan 20 2026 22:28:22 by "admin" with MS VC++ 17.12 (VS2022)

END.
