#
# There is insufficient memory for the Java Runtime Environment to continue.
# Native memory allocation (malloc) failed to allocate 1140496 bytes. Error detail: Chunk::new
# Possible reasons:
#   The system is out of physical RAM or swap space
#   This process is running with CompressedOops enabled, and the Java Heap may be blocking the growth of the native heap
# Possible solutions:
#   Reduce memory load on the system
#   Increase physical memory or swap space
#   Check if swap backing store is full
#   Decrease Java heap size (-Xmx/-Xms)
#   Decrease number of Java threads
#   Decrease Java thread stack sizes (-Xss)
#   Set larger code cache with -XX:ReservedCodeCacheSize=
#   JVM is running with Unscaled Compressed Oops mode in which the Java heap is
#     placed in the first 4GB address space. The Java Heap base address is the
#     maximum limit for the native heap growth. Please use -XX:HeapBaseMinAddress
#     to set the Java Heap base and to place the Java Heap above 4GB virtual address.
# This output file may be truncated or incomplete.
#
#  Out of Memory Error (arena.cpp:191), pid=12876, tid=11120
#
# JRE version: OpenJDK Runtime Environment Temurin-17.0.18+8 (17.0.18+8) (build 17.0.18+8)
# Java VM: OpenJDK 64-Bit Server VM Temurin-17.0.18+8 (17.0.18+8, mixed mode, sharing, tiered, compressed oops, compressed class ptrs, g1 gc, windows-amd64)
# No core dump will be written. Minidumps are not enabled by default on client versions of Windows
#

---------------  S U M M A R Y ------------

Command Line: -XX:MaxMetaspaceSize=512m --add-opens=java.base/java.util=ALL-UNNAMED --add-opens=java.base/java.lang=ALL-UNNAMED --add-opens=java.base/java.lang.invoke=ALL-UNNAMED --add-opens=java.prefs/java.util.prefs=ALL-UNNAMED --add-exports=jdk.compiler/com.sun.tools.javac.api=ALL-UNNAMED --add-exports=jdk.compiler/com.sun.tools.javac.util=ALL-UNNAMED --add-opens=java.base/java.nio.charset=ALL-UNNAMED --add-opens=java.base/java.net=ALL-UNNAMED --add-opens=java.base/java.util.concurrent.atomic=ALL-UNNAMED -Xmx2048m -Dfile.encoding=windows-1252 -Duser.country=US -Duser.language=en -Duser.variant -javaagent:D:\gradle-cache\wrapper\dists\gradle-8.10.2-all\7iv73wktx1xtkvlq19urqw1wm\gradle-8.10.2\lib\agents\gradle-instrumentation-agent-8.10.2.jar org.gradle.launcher.daemon.bootstrap.GradleDaemon 8.10.2

Host: Intel(R) Core(TM) i5-6300U CPU @ 2.40GHz, 4 cores, 7G,  Windows 10 , 64 bit Build 19041 (10.0.19041.5915)
Time: Mon Apr 13 19:57:55 2026 Pakistan Standard Time elapsed time: 51.230588 seconds (0d 0h 0m 51s)

---------------  T H R E A D  ---------------

Current thread (0x000001d4d3a9d470):  JavaThread "C2 CompilerThread1" daemon [_thread_in_native, id=11120, stack(0x00000022ee900000,0x00000022eea00000)]


Current CompileTask:
C2:51230 12190       4       groovy.lang.MetaClassImpl$1MOPIter::methodNameAction (325 bytes)

Stack: [0x00000022ee900000,0x00000022eea00000]
Native frames: (J=compiled Java code, j=interpreted, Vv=VM code, C=native code)
V  [jvm.dll+0x6846f9]
V  [jvm.dll+0x839ea5]
V  [jvm.dll+0x83b91e]
V  [jvm.dll+0x83bfa3]
V  [jvm.dll+0x248eff]
V  [jvm.dll+0xad496]
V  [jvm.dll+0xadb3c]
V  [jvm.dll+0x368bcf]
V  [jvm.dll+0x1bc1ef]
V  [jvm.dll+0x219f10]
V  [jvm.dll+0x219200]
V  [jvm.dll+0x1a4920]
V  [jvm.dll+0x22989a]
V  [jvm.dll+0x227a4b]
V  [jvm.dll+0x7f0658]
V  [jvm.dll+0x7eaaec]
V  [jvm.dll+0x6835c7]
C  [ucrtbase.dll+0x21bb2]
C  [KERNEL32.DLL+0x17374]
C  [ntdll.dll+0x4cc91]


---------------  P R O C E S S  ---------------

Threads class SMR info:
_java_thread_list=0x000001d4f86966a0, length=90, elements={
0x000001d4b5983320, 0x000001d4d3593190, 0x000001d4d3593f20, 0x000001d4d35abe00,
0x000001d4d35ad840, 0x000001d4d35b08c0, 0x000001d4d35b3970, 0x000001d4d35b6c00,
0x000001d4d35b7510, 0x000001d4d35b85c0, 0x000001d4d3580990, 0x000001d4d38da4c0,
0x000001d4f3fab6b0, 0x000001d4d390c1c0, 0x000001d4f3f7e420, 0x000001d4f46e72e0,
0x000001d4f397ddc0, 0x000001d4f397ce90, 0x000001d4f397d3a0, 0x000001d4f397d8b0,
0x000001d4f48fc130, 0x000001d4f48fb200, 0x000001d4f48fda80, 0x000001d4f48fe9b0,
0x000001d4f48fdf90, 0x000001d4f48f98b0, 0x000001d4f4900d20, 0x000001d4f48feec0,
0x000001d4f48ff3d0, 0x000001d4f48ffdf0, 0x000001d4f48fe4a0, 0x000001d4f48fc640,
0x000001d4f48fcb50, 0x000001d4f48fa7e0, 0x000001d4f48fd060, 0x000001d4f48fd570,
0x000001d4f330f190, 0x000001d4f3310ae0, 0x000001d4f33160f0, 0x000001d4f3312e50,
0x000001d4f3316b10, 0x000001d4f3316600, 0x000001d4f3311500, 0x000001d4f330f6a0,
0x000001d4f330fbb0, 0x000001d4f33151c0, 0x000001d4f3312430, 0x000001d4f3311a10,
0x000001d4f33156d0, 0x000001d4f3312940, 0x000001d4f33100c0, 0x000001d4f33147a0,
0x000001d4f3313d80, 0x000001d4f3314290, 0x000001d4f397e2d0, 0x000001d4f397e7e0,
0x000001d4f7423040, 0x000001d4f7423550, 0x000001d4f741ee70, 0x000001d4f741df40,
0x000001d4f74202b0, 0x000001d4f7423a60, 0x000001d4f74216f0, 0x000001d4f741f380,
0x000001d4f7423f70, 0x000001d4f741f890, 0x000001d4f741e960, 0x000001d4f741cb00,
0x000001d4f741fda0, 0x000001d4f7420cd0, 0x000001d4f74207c0, 0x000001d4f74211e0,
0x000001d4f7421c00, 0x000001d4f7422110, 0x000001d4f7422620, 0x000001d4f7424480,
0x000001d4f741d010, 0x000001d4f741d520, 0x000001d4f741da30, 0x000001d4f83784d0,
0x000001d4f837c190, 0x000001d4f8377090, 0x000001d4f8377ab0, 0x000001d4f8379910,
0x000001d4f83789e0, 0x000001d4f837c6a0, 0x000001d4f837d0c0, 0x000001d4f8378ef0,
0x000001d4f837a330, 0x000001d4d3a9d470
}

Java Threads: ( => current thread )
  0x000001d4b5983320 JavaThread "main" [_thread_blocked, id=19040, stack(0x00000022eb600000,0x00000022eb700000)]
  0x000001d4d3593190 JavaThread "Reference Handler" daemon [_thread_blocked, id=5320, stack(0x00000022ebd00000,0x00000022ebe00000)]
  0x000001d4d3593f20 JavaThread "Finalizer" daemon [_thread_blocked, id=20140, stack(0x00000022ebe00000,0x00000022ebf00000)]
  0x000001d4d35abe00 JavaThread "Signal Dispatcher" daemon [_thread_blocked, id=4976, stack(0x00000022ebf00000,0x00000022ec000000)]
  0x000001d4d35ad840 JavaThread "Attach Listener" daemon [_thread_blocked, id=4668, stack(0x00000022ec000000,0x00000022ec100000)]
  0x000001d4d35b08c0 JavaThread "Service Thread" daemon [_thread_blocked, id=16344, stack(0x00000022ec100000,0x00000022ec200000)]
  0x000001d4d35b3970 JavaThread "Monitor Deflation Thread" daemon [_thread_blocked, id=9888, stack(0x00000022ec200000,0x00000022ec300000)]
  0x000001d4d35b6c00 JavaThread "C2 CompilerThread0" daemon [_thread_in_native, id=18372, stack(0x00000022ec300000,0x00000022ec400000)]
  0x000001d4d35b7510 JavaThread "C1 CompilerThread0" daemon [_thread_in_vm, id=8536, stack(0x00000022ec400000,0x00000022ec500000)]
  0x000001d4d35b85c0 JavaThread "Sweeper thread" daemon [_thread_blocked, id=20408, stack(0x00000022ec500000,0x00000022ec600000)]
  0x000001d4d3580990 JavaThread "Common-Cleaner" daemon [_thread_blocked, id=10884, stack(0x00000022ec600000,0x00000022ec700000)]
  0x000001d4d38da4c0 JavaThread "Notification Thread" daemon [_thread_blocked, id=15644, stack(0x00000022ec700000,0x00000022ec800000)]
  0x000001d4f3fab6b0 JavaThread "Daemon health stats" [_thread_blocked, id=3412, stack(0x00000022ecd00000,0x00000022ece00000)]
  0x000001d4d390c1c0 JavaThread "Incoming local TCP Connector on port 59189" [_thread_in_native, id=18208, stack(0x00000022ec900000,0x00000022eca00000)]
  0x000001d4f3f7e420 JavaThread "Daemon periodic checks" [_thread_blocked, id=16152, stack(0x00000022ece00000,0x00000022ecf00000)]
  0x000001d4f46e72e0 JavaThread "Daemon" [_thread_blocked, id=20452, stack(0x00000022ecf00000,0x00000022ed000000)]
  0x000001d4f397ddc0 JavaThread "Handler for socket connection from /127.0.0.1:59189 to /127.0.0.1:59190" [_thread_in_native, id=17556, stack(0x00000022ed000000,0x00000022ed100000)]
  0x000001d4f397ce90 JavaThread "Cancel handler" [_thread_blocked, id=17312, stack(0x00000022ed100000,0x00000022ed200000)]
  0x000001d4f397d3a0 JavaThread "Daemon worker" [_thread_in_vm, id=12352, stack(0x00000022ed200000,0x00000022ed300000)]
  0x000001d4f397d8b0 JavaThread "Asynchronous log dispatcher for DefaultDaemonConnection: socket connection from /127.0.0.1:59189 to /127.0.0.1:59190" [_thread_blocked, id=1872, stack(0x00000022ed300000,0x00000022ed400000)]
  0x000001d4f48fc130 JavaThread "Stdin handler" [_thread_blocked, id=1736, stack(0x00000022ed400000,0x00000022ed500000)]
  0x000001d4f48fb200 JavaThread "Daemon client event forwarder" [_thread_blocked, id=16420, stack(0x00000022ed500000,0x00000022ed600000)]
  0x000001d4f48fda80 JavaThread "Cache worker for journal cache (D:\gradle-cache\caches\journal-1)" [_thread_blocked, id=16144, stack(0x00000022ed600000,0x00000022ed700000)]
  0x000001d4f48fe9b0 JavaThread "File lock request listener" [_thread_in_native, id=13640, stack(0x00000022ed700000,0x00000022ed800000)]
  0x000001d4f48fdf90 JavaThread "Cache worker for file hash cache (D:\gradle-cache\caches\8.10.2\fileHashes)" [_thread_blocked, id=9072, stack(0x00000022ed800000,0x00000022ed900000)]
  0x000001d4f48f98b0 JavaThread "Cache worker for file hash cache (E:\varxus\app\h\GlassMarket\android\.gradle\8.10.2\fileHashes)" [_thread_blocked, id=10860, stack(0x00000022eda00000,0x00000022edb00000)]
  0x000001d4f4900d20 JavaThread "Cache worker for Build Output Cleanup Cache (E:\varxus\app\h\GlassMarket\android\.gradle\buildOutputCleanup)" [_thread_blocked, id=716, stack(0x00000022edb00000,0x00000022edc00000)]
  0x000001d4f48feec0 JavaThread "File watcher server" daemon [_thread_in_native, id=1464, stack(0x00000022ed900000,0x00000022eda00000)]
  0x000001d4f48ff3d0 JavaThread "File watcher consumer" daemon [_thread_blocked, id=17416, stack(0x00000022edc00000,0x00000022edd00000)]
  0x000001d4f48ffdf0 JavaThread "Cache worker for checksums cache (E:\varxus\app\h\GlassMarket\android\.gradle\8.10.2\checksums)" [_thread_blocked, id=2972, stack(0x00000022edd00000,0x00000022ede00000)]
  0x000001d4f48fe4a0 JavaThread "Cache worker for file content cache (D:\gradle-cache\caches\8.10.2\fileContent)" [_thread_blocked, id=19048, stack(0x00000022ede00000,0x00000022edf00000)]
  0x000001d4f48fc640 JavaThread "Cache worker for cache directory md-rule (D:\gradle-cache\caches\8.10.2\md-rule)" [_thread_blocked, id=8048, stack(0x00000022edf00000,0x00000022ee000000)]
  0x000001d4f48fcb50 JavaThread "Cache worker for cache directory md-supplier (D:\gradle-cache\caches\8.10.2\md-supplier)" [_thread_blocked, id=10140, stack(0x00000022ee100000,0x00000022ee200000)]
  0x000001d4f48fa7e0 JavaThread "jar transforms" [_thread_blocked, id=13076, stack(0x00000022ee400000,0x00000022ee500000)]
  0x000001d4f48fd060 JavaThread "Cache worker for Build Output Cleanup Cache (E:\varxus\app\h\GlassMarket\node_modules\@react-native\gradle-plugin\.gradle\buildOutputCleanup)" [_thread_blocked, id=13148, stack(0x00000022ee500000,0x00000022ee600000)]
  0x000001d4f48fd570 JavaThread "Unconstrained build operations" [_thread_blocked, id=14312, stack(0x00000022ee300000,0x00000022ee400000)]
  0x000001d4f330f190 JavaThread "Unconstrained build operations Thread 2" [_thread_blocked, id=14968, stack(0x00000022ee600000,0x00000022ee700000)]
  0x000001d4f3310ae0 JavaThread "Unconstrained build operations Thread 3" [_thread_blocked, id=1360, stack(0x00000022ee700000,0x00000022ee800000)]
  0x000001d4f33160f0 JavaThread "Unconstrained build operations Thread 4" [_thread_blocked, id=19180, stack(0x00000022ee800000,0x00000022ee900000)]
  0x000001d4f3312e50 JavaThread "Unconstrained build operations Thread 5" [_thread_blocked, id=16404, stack(0x00000022eea00000,0x00000022eeb00000)]
  0x000001d4f3316b10 JavaThread "Unconstrained build operations Thread 6" [_thread_blocked, id=4748, stack(0x00000022eeb00000,0x00000022eec00000)]
  0x000001d4f3316600 JavaThread "Unconstrained build operations Thread 7" [_thread_blocked, id=17684, stack(0x00000022eec00000,0x00000022eed00000)]
  0x000001d4f3311500 JavaThread "Unconstrained build operations Thread 8" [_thread_blocked, id=20432, stack(0x00000022eed00000,0x00000022eee00000)]
  0x000001d4f330f6a0 JavaThread "Unconstrained build operations Thread 9" [_thread_blocked, id=18212, stack(0x00000022eee00000,0x00000022eef00000)]
  0x000001d4f330fbb0 JavaThread "Unconstrained build operations Thread 10" [_thread_blocked, id=19656, stack(0x00000022eef00000,0x00000022ef000000)]
  0x000001d4f33151c0 JavaThread "Unconstrained build operations Thread 11" [_thread_blocked, id=17552, stack(0x00000022ef000000,0x00000022ef100000)]
  0x000001d4f3312430 JavaThread "Unconstrained build operations Thread 12" [_thread_blocked, id=14984, stack(0x00000022ef100000,0x00000022ef200000)]
  0x000001d4f3311a10 JavaThread "Unconstrained build operations Thread 13" [_thread_blocked, id=15404, stack(0x00000022ef200000,0x00000022ef300000)]
  0x000001d4f33156d0 JavaThread "Unconstrained build operations Thread 14" [_thread_blocked, id=892, stack(0x00000022ef300000,0x00000022ef400000)]
  0x000001d4f3312940 JavaThread "Unconstrained build operations Thread 15" [_thread_blocked, id=7292, stack(0x00000022ef400000,0x00000022ef500000)]
  0x000001d4f33100c0 JavaThread "Memory manager" [_thread_blocked, id=16724, stack(0x00000022ef500000,0x00000022ef600000)]
  0x000001d4f33147a0 JavaThread "build event listener" [_thread_blocked, id=10272, stack(0x00000022ef600000,0x00000022ef700000)]
  0x000001d4f3313d80 JavaThread "ForkJoinPool.commonPool-worker-1" daemon [_thread_blocked, id=16676, stack(0x00000022ef700000,0x00000022ef800000)]
  0x000001d4f3314290 JavaThread "ForkJoinPool.commonPool-worker-2" daemon [_thread_blocked, id=8948, stack(0x00000022ef800000,0x00000022ef900000)]
  0x000001d4f397e2d0 JavaThread "ForkJoinPool.commonPool-worker-3" daemon [_thread_blocked, id=13568, stack(0x00000022ef900000,0x00000022efa00000)]
  0x000001d4f397e7e0 JavaThread "included builds" [_thread_blocked, id=20284, stack(0x00000022efa00000,0x00000022efb00000)]
  0x000001d4f7423040 JavaThread "Execution worker" [_thread_blocked, id=7668, stack(0x00000022efb00000,0x00000022efc00000)]
  0x000001d4f7423550 JavaThread "Execution worker Thread 2" [_thread_blocked, id=9348, stack(0x00000022efc00000,0x00000022efd00000)]
  0x000001d4f741ee70 JavaThread "Execution worker Thread 3" [_thread_blocked, id=18636, stack(0x00000022efd00000,0x00000022efe00000)]
  0x000001d4f741df40 JavaThread "Cache worker for execution history cache (E:\varxus\app\h\GlassMarket\node_modules\@react-native\gradle-plugin\.gradle\8.10.2\executionHistory)" [_thread_blocked, id=6272, stack(0x00000022efe00000,0x00000022eff00000)]
  0x000001d4f74202b0 JavaThread "Unconstrained build operations Thread 16" [_thread_blocked, id=19784, stack(0x00000022f0100000,0x00000022f0200000)]
  0x000001d4f7423a60 JavaThread "Unconstrained build operations Thread 17" [_thread_blocked, id=8376, stack(0x00000022f0200000,0x00000022f0300000)]
  0x000001d4f74216f0 JavaThread "Unconstrained build operations Thread 18" [_thread_blocked, id=19532, stack(0x00000022f0300000,0x00000022f0400000)]
  0x000001d4f741f380 JavaThread "Unconstrained build operations Thread 19" [_thread_blocked, id=6152, stack(0x00000022f0400000,0x00000022f0500000)]
  0x000001d4f7423f70 JavaThread "Unconstrained build operations Thread 20" [_thread_blocked, id=984, stack(0x00000022f0500000,0x00000022f0600000)]
  0x000001d4f741f890 JavaThread "Unconstrained build operations Thread 21" [_thread_blocked, id=1704, stack(0x00000022f0600000,0x00000022f0700000)]
  0x000001d4f741e960 JavaThread "Unconstrained build operations Thread 22" [_thread_blocked, id=8484, stack(0x00000022f0700000,0x00000022f0800000)]
  0x000001d4f741cb00 JavaThread "Unconstrained build operations Thread 23" [_thread_blocked, id=14856, stack(0x00000022f0800000,0x00000022f0900000)]
  0x000001d4f741fda0 JavaThread "Unconstrained build operations Thread 24" [_thread_blocked, id=15048, stack(0x00000022f0900000,0x00000022f0a00000)]
  0x000001d4f7420cd0 JavaThread "Unconstrained build operations Thread 25" [_thread_blocked, id=700, stack(0x00000022f0a00000,0x00000022f0b00000)]
  0x000001d4f74207c0 JavaThread "Unconstrained build operations Thread 26" [_thread_blocked, id=19096, stack(0x00000022f0b00000,0x00000022f0c00000)]
  0x000001d4f74211e0 JavaThread "Unconstrained build operations Thread 27" [_thread_blocked, id=1880, stack(0x00000022f0c00000,0x00000022f0d00000)]
  0x000001d4f7421c00 JavaThread "Unconstrained build operations Thread 28" [_thread_blocked, id=15084, stack(0x00000022f0d00000,0x00000022f0e00000)]
  0x000001d4f7422110 JavaThread "Unconstrained build operations Thread 29" [_thread_blocked, id=15832, stack(0x00000022f0e00000,0x00000022f0f00000)]
  0x000001d4f7422620 JavaThread "Unconstrained build operations Thread 30" [_thread_blocked, id=13904, stack(0x00000022f0f00000,0x00000022f1000000)]
  0x000001d4f7424480 JavaThread "Unconstrained build operations Thread 31" [_thread_blocked, id=16644, stack(0x00000022f1000000,0x00000022f1100000)]
  0x000001d4f741d010 JavaThread "Unconstrained build operations Thread 32" [_thread_blocked, id=20024, stack(0x00000022f1100000,0x00000022f1200000)]
  0x000001d4f741d520 JavaThread "Unconstrained build operations Thread 33" [_thread_blocked, id=14732, stack(0x00000022f1200000,0x00000022f1300000)]
  0x000001d4f741da30 JavaThread "Unconstrained build operations Thread 34" [_thread_blocked, id=4540, stack(0x00000022f1300000,0x00000022f1400000)]
  0x000001d4f83784d0 JavaThread "Unconstrained build operations Thread 35" [_thread_blocked, id=2040, stack(0x00000022f1400000,0x00000022f1500000)]
  0x000001d4f837c190 JavaThread "Unconstrained build operations Thread 36" [_thread_blocked, id=14772, stack(0x00000022f1500000,0x00000022f1600000)]
  0x000001d4f8377090 JavaThread "jar transforms Thread 2" [_thread_blocked, id=7380, stack(0x00000022f1600000,0x00000022f1700000)]
  0x000001d4f8377ab0 JavaThread "jar transforms Thread 3" [_thread_blocked, id=360, stack(0x00000022f1700000,0x00000022f1800000)]
  0x000001d4f8379910 JavaThread "Unconstrained build operations Thread 37" [_thread_blocked, id=12428, stack(0x00000022f1800000,0x00000022f1900000)]
  0x000001d4f83789e0 JavaThread "Unconstrained build operations Thread 38" [_thread_blocked, id=11036, stack(0x00000022f1900000,0x00000022f1a00000)]
  0x000001d4f837c6a0 JavaThread "Unconstrained build operations Thread 39" [_thread_blocked, id=8480, stack(0x00000022f1a00000,0x00000022f1b00000)]
  0x000001d4f837d0c0 JavaThread "Unconstrained build operations Thread 40" [_thread_blocked, id=19056, stack(0x00000022f1b00000,0x00000022f1c00000)]
  0x000001d4f8378ef0 JavaThread "jar transforms Thread 4" [_thread_blocked, id=10200, stack(0x00000022f1c00000,0x00000022f1d00000)]
  0x000001d4f837a330 JavaThread "build event listener" [_thread_blocked, id=14424, stack(0x00000022f1d00000,0x00000022f1e00000)]
=>0x000001d4d3a9d470 JavaThread "C2 CompilerThread1" daemon [_thread_in_native, id=11120, stack(0x00000022ee900000,0x00000022eea00000)]

Other Threads:
  0x000001d4d358eb90 VMThread "VM Thread" [stack: 0x00000022ebc00000,0x00000022ebd00000] [id=17280]
  0x000001d4b59841f0 WatcherThread [stack: 0x00000022ec800000,0x00000022ec900000] [id=17744]
  0x000001d4b59de580 GCTaskThread "GC Thread#0" [stack: 0x00000022eb700000,0x00000022eb800000] [id=12872]
  0x000001d4d3aa7040 GCTaskThread "GC Thread#1" [stack: 0x00000022eca00000,0x00000022ecb00000] [id=8308]
  0x000001d4d3a9d160 GCTaskThread "GC Thread#2" [stack: 0x00000022ecb00000,0x00000022ecc00000] [id=4392]
  0x000001d4f3b95d60 GCTaskThread "GC Thread#3" [stack: 0x00000022ecc00000,0x00000022ecd00000] [id=15560]
  0x000001d4b59f03f0 ConcurrentGCThread "G1 Main Marker" [stack: 0x00000022eb800000,0x00000022eb900000] [id=18268]
  0x000001d4b59f14c0 ConcurrentGCThread "G1 Conc#0" [stack: 0x00000022eb900000,0x00000022eba00000] [id=7324]
  0x000001d4b5a33100 ConcurrentGCThread "G1 Refine#0" [stack: 0x00000022eba00000,0x00000022ebb00000] [id=18316]
  0x000001d4f4bd73a0 ConcurrentGCThread "G1 Refine#1" [stack: 0x00000022ee000000,0x00000022ee100000] [id=3844]
  0x000001d4f4bd8830 ConcurrentGCThread "G1 Refine#2" [stack: 0x00000022ee200000,0x00000022ee300000] [id=13624]
  0x000001d4b5a33a40 ConcurrentGCThread "G1 Service" [stack: 0x00000022ebb00000,0x00000022ebc00000] [id=13384]

Threads with active compile tasks:
C2 CompilerThread0  51299 12180       4       org.gradle.internal.instantiation.generator.AbstractClassGenerator$$Lambda$129/0x000001d4d51aeb58::test (12 bytes)
C1 CompilerThread0  51299 12284   !   3       org.gradle.api.internal.provider.DefaultValueSourceProviderFactory$LazilyObtainedValue::lambda$new$0 (79 bytes)
C2 CompilerThread1  51299 12190       4       groovy.lang.MetaClassImpl$1MOPIter::methodNameAction (325 bytes)

VM state: not at safepoint (normal execution)

VM Mutex/Monitor currently owned by a thread: None

Heap address: 0x0000000080000000, size: 2048 MB, Compressed Oops mode: 32-bit

CDS archive(s) mapped at: [0x000001d4d4000000-0x000001d4d4bb0000-0x000001d4d4bb0000), size 12255232, SharedBaseAddress: 0x000001d4d4000000, ArchiveRelocationMode: 1.
Compressed class space mapped at: 0x000001d4d5000000-0x000001d4ef000000, reserved size: 436207616
Narrow klass base: 0x000001d4d4000000, Narrow klass shift: 0, Narrow klass range: 0x100000000

GC Precious Log:
 CPUs: 4 total, 4 available
 Memory: 8058M
 Large Page Support: Disabled
 NUMA Support: Disabled
 Compressed Oops: Enabled (32-bit)
 Heap Region Size: 1M
 Heap Min Capacity: 8M
 Heap Initial Capacity: 126M
 Heap Max Capacity: 2G
 Pre-touch: Disabled
 Parallel Workers: 4
 Concurrent Workers: 1
 Concurrent Refinement Workers: 4
 Periodic GC: Disabled

Heap:
 garbage-first heap   total 208896K, used 137731K [0x0000000080000000, 0x0000000100000000)
  region size 1024K, 25 young (25600K), 4 survivors (4096K)
 Metaspace       used 94507K, committed 95488K, reserved 557056K
  class space    used 13268K, committed 13760K, reserved 425984K

Heap Regions: E=young(eden), S=young(survivor), O=old, HS=humongous(starts), HC=humongous(continues), CS=collection set, F=free, OA=open archive, CA=closed archive, TAMS=top-at-mark-start (previous, next)
|   0|0x0000000080000000, 0x0000000080100000, 0x0000000080100000|100%|HS|  |TAMS 0x0000000080100000, 0x0000000080000000| Complete 
|   1|0x0000000080100000, 0x0000000080200000, 0x0000000080200000|100%|HC|  |TAMS 0x0000000080200000, 0x0000000080100000| Complete 
|   2|0x0000000080200000, 0x0000000080300000, 0x0000000080300000|100%|HC|  |TAMS 0x0000000080300000, 0x0000000080200000| Complete 
|   3|0x0000000080300000, 0x0000000080400000, 0x0000000080400000|100%|HC|  |TAMS 0x0000000080400000, 0x0000000080300000| Complete 
|   4|0x0000000080400000, 0x0000000080500000, 0x0000000080500000|100%| O|  |TAMS 0x0000000080500000, 0x0000000080400000| Untracked 
|   5|0x0000000080500000, 0x0000000080600000, 0x0000000080600000|100%| O|  |TAMS 0x0000000080600000, 0x0000000080500000| Untracked 
|   6|0x0000000080600000, 0x0000000080700000, 0x0000000080700000|100%| O|  |TAMS 0x0000000080700000, 0x0000000080600000| Untracked 
|   7|0x0000000080700000, 0x0000000080800000, 0x0000000080800000|100%| O|  |TAMS 0x0000000080800000, 0x0000000080700000| Untracked 
|   8|0x0000000080800000, 0x0000000080900000, 0x0000000080900000|100%|HS|  |TAMS 0x0000000080900000, 0x0000000080800000| Complete 
|   9|0x0000000080900000, 0x0000000080a00000, 0x0000000080a00000|100%| O|  |TAMS 0x0000000080a00000, 0x0000000080900000| Untracked 
|  10|0x0000000080a00000, 0x0000000080b00000, 0x0000000080b00000|100%| O|  |TAMS 0x0000000080b00000, 0x0000000080a00000| Untracked 
|  11|0x0000000080b00000, 0x0000000080c00000, 0x0000000080c00000|100%| O|  |TAMS 0x0000000080c00000, 0x0000000080b00000| Untracked 
|  12|0x0000000080c00000, 0x0000000080d00000, 0x0000000080d00000|100%| O|  |TAMS 0x0000000080d00000, 0x0000000080c00000| Untracked 
|  13|0x0000000080d00000, 0x0000000080e00000, 0x0000000080e00000|100%| O|  |TAMS 0x0000000080e00000, 0x0000000080d00000| Untracked 
|  14|0x0000000080e00000, 0x0000000080f00000, 0x0000000080f00000|100%| O|  |TAMS 0x0000000080f00000, 0x0000000080e00000| Untracked 
|  15|0x0000000080f00000, 0x0000000081000000, 0x0000000081000000|100%| O|  |TAMS 0x0000000081000000, 0x0000000080f00000| Untracked 
|  16|0x0000000081000000, 0x0000000081100000, 0x0000000081100000|100%| O|  |TAMS 0x0000000081100000, 0x0000000081000000| Untracked 
|  17|0x0000000081100000, 0x0000000081200000, 0x0000000081200000|100%| O|  |TAMS 0x0000000081100000, 0x0000000081100000| Untracked 
|  18|0x0000000081200000, 0x0000000081300000, 0x0000000081300000|100%| O|  |TAMS 0x0000000081300000, 0x0000000081200000| Untracked 
|  19|0x0000000081300000, 0x0000000081400000, 0x0000000081400000|100%| O|  |TAMS 0x0000000081400000, 0x0000000081300000| Untracked 
|  20|0x0000000081400000, 0x0000000081500000, 0x0000000081500000|100%| O|  |TAMS 0x0000000081500000, 0x0000000081400000| Untracked 
|  21|0x0000000081500000, 0x0000000081600000, 0x0000000081600000|100%| O|  |TAMS 0x0000000081600000, 0x0000000081500000| Untracked 
|  22|0x0000000081600000, 0x0000000081700000, 0x0000000081700000|100%| O|  |TAMS 0x0000000081700000, 0x0000000081600000| Untracked 
|  23|0x0000000081700000, 0x0000000081800000, 0x0000000081800000|100%| O|  |TAMS 0x0000000081800000, 0x0000000081700000| Untracked 
|  24|0x0000000081800000, 0x0000000081900000, 0x0000000081900000|100%| O|  |TAMS 0x0000000081800000, 0x0000000081800000| Untracked 
|  25|0x0000000081900000, 0x0000000081a00000, 0x0000000081a00000|100%| O|  |TAMS 0x0000000081a00000, 0x0000000081900000| Untracked 
|  26|0x0000000081a00000, 0x0000000081b00000, 0x0000000081b00000|100%| O|  |TAMS 0x0000000081b00000, 0x0000000081a00000| Untracked 
|  27|0x0000000081b00000, 0x0000000081c00000, 0x0000000081c00000|100%| O|  |TAMS 0x0000000081c00000, 0x0000000081b00000| Untracked 
|  28|0x0000000081c00000, 0x0000000081d00000, 0x0000000081d00000|100%| O|  |TAMS 0x0000000081d00000, 0x0000000081c00000| Untracked 
|  29|0x0000000081d00000, 0x0000000081e00000, 0x0000000081e00000|100%| O|  |TAMS 0x0000000081e00000, 0x0000000081d00000| Untracked 
|  30|0x0000000081e00000, 0x0000000081f00000, 0x0000000081f00000|100%| O|  |TAMS 0x0000000081f00000, 0x0000000081e00000| Untracked 
|  31|0x0000000081f00000, 0x0000000082000000, 0x0000000082000000|100%| O|  |TAMS 0x0000000082000000, 0x0000000081f00000| Untracked 
|  32|0x0000000082000000, 0x0000000082100000, 0x0000000082100000|100%| O|  |TAMS 0x0000000082100000, 0x0000000082000000| Untracked 
|  33|0x0000000082100000, 0x0000000082200000, 0x0000000082200000|100%| O|  |TAMS 0x0000000082200000, 0x0000000082100000| Untracked 
|  34|0x0000000082200000, 0x0000000082300000, 0x0000000082300000|100%| O|  |TAMS 0x0000000082300000, 0x0000000082200000| Untracked 
|  35|0x0000000082300000, 0x0000000082400000, 0x0000000082400000|100%| O|  |TAMS 0x0000000082400000, 0x0000000082300000| Untracked 
|  36|0x0000000082400000, 0x0000000082500000, 0x0000000082500000|100%| O|  |TAMS 0x0000000082500000, 0x0000000082400000| Untracked 
|  37|0x0000000082500000, 0x0000000082600000, 0x0000000082600000|100%| O|  |TAMS 0x0000000082600000, 0x0000000082500000| Untracked 
|  38|0x0000000082600000, 0x0000000082700000, 0x0000000082700000|100%| O|  |TAMS 0x0000000082700000, 0x0000000082600000| Untracked 
|  39|0x0000000082700000, 0x0000000082800000, 0x0000000082800000|100%| O|  |TAMS 0x0000000082800000, 0x0000000082700000| Untracked 
|  40|0x0000000082800000, 0x0000000082900000, 0x0000000082900000|100%| O|  |TAMS 0x0000000082900000, 0x0000000082800000| Untracked 
|  41|0x0000000082900000, 0x0000000082a00000, 0x0000000082a00000|100%| O|  |TAMS 0x0000000082a00000, 0x0000000082900000| Untracked 
|  42|0x0000000082a00000, 0x0000000082b00000, 0x0000000082b00000|100%| O|  |TAMS 0x0000000082b00000, 0x0000000082a00000| Untracked 
|  43|0x0000000082b00000, 0x0000000082c00000, 0x0000000082c00000|100%| O|  |TAMS 0x0000000082c00000, 0x0000000082b00000| Untracked 
|  44|0x0000000082c00000, 0x0000000082d00000, 0x0000000082d00000|100%|HS|  |TAMS 0x0000000082d00000, 0x0000000082c00000| Complete 
|  45|0x0000000082d00000, 0x0000000082e00000, 0x0000000082e00000|100%|HC|  |TAMS 0x0000000082e00000, 0x0000000082d00000| Complete 
|  46|0x0000000082e00000, 0x0000000082f00000, 0x0000000082f00000|100%|HS|  |TAMS 0x0000000082f00000, 0x0000000082e00000| Complete 
|  47|0x0000000082f00000, 0x0000000083000000, 0x0000000083000000|100%|HC|  |TAMS 0x0000000083000000, 0x0000000082f00000| Complete 
|  48|0x0000000083000000, 0x0000000083100000, 0x0000000083100000|100%| O|  |TAMS 0x0000000083100000, 0x0000000083000000| Untracked 
|  49|0x0000000083100000, 0x0000000083200000, 0x0000000083200000|100%| O|  |TAMS 0x0000000083200000, 0x0000000083100000| Untracked 
|  50|0x0000000083200000, 0x0000000083300000, 0x0000000083300000|100%| O|  |TAMS 0x0000000083300000, 0x0000000083200000| Untracked 
|  51|0x0000000083300000, 0x0000000083400000, 0x0000000083400000|100%| O|  |TAMS 0x0000000083400000, 0x0000000083300000| Untracked 
|  52|0x0000000083400000, 0x0000000083500000, 0x0000000083500000|100%|HS|  |TAMS 0x0000000083500000, 0x0000000083400000| Complete 
|  53|0x0000000083500000, 0x0000000083600000, 0x0000000083600000|100%|HC|  |TAMS 0x0000000083600000, 0x0000000083500000| Complete 
|  54|0x0000000083600000, 0x0000000083700000, 0x0000000083700000|100%|HC|  |TAMS 0x0000000083700000, 0x0000000083600000| Complete 
|  55|0x0000000083700000, 0x0000000083800000, 0x0000000083800000|100%|HC|  |TAMS 0x0000000083800000, 0x0000000083700000| Complete 
|  56|0x0000000083800000, 0x0000000083900000, 0x0000000083900000|100%|HS|  |TAMS 0x0000000083900000, 0x0000000083800000| Complete 
|  57|0x0000000083900000, 0x0000000083a00000, 0x0000000083a00000|100%|HC|  |TAMS 0x0000000083a00000, 0x0000000083900000| Complete 
|  58|0x0000000083a00000, 0x0000000083b00000, 0x0000000083b00000|100%|HC|  |TAMS 0x0000000083b00000, 0x0000000083a00000| Complete 
|  59|0x0000000083b00000, 0x0000000083c00000, 0x0000000083c00000|100%|HC|  |TAMS 0x0000000083c00000, 0x0000000083b00000| Complete 
|  60|0x0000000083c00000, 0x0000000083d00000, 0x0000000083d00000|100%| O|  |TAMS 0x0000000083d00000, 0x0000000083c00000| Untracked 
|  61|0x0000000083d00000, 0x0000000083e00000, 0x0000000083e00000|100%| O|  |TAMS 0x0000000083d20c00, 0x0000000083d00000| Untracked 
|  62|0x0000000083e00000, 0x0000000083f00000, 0x0000000083f00000|100%| O|  |TAMS 0x0000000083e00000, 0x0000000083e00000| Untracked 
|  63|0x0000000083f00000, 0x0000000084000000, 0x0000000084000000|100%| O|  |TAMS 0x0000000083f00000, 0x0000000083f00000| Untracked 
|  64|0x0000000084000000, 0x0000000084100000, 0x0000000084100000|100%| O|  |TAMS 0x0000000084000000, 0x0000000084000000| Untracked 
|  65|0x0000000084100000, 0x0000000084200000, 0x0000000084200000|100%| O|  |TAMS 0x0000000084100000, 0x0000000084100000| Untracked 
|  66|0x0000000084200000, 0x0000000084300000, 0x0000000084300000|100%| O|  |TAMS 0x0000000084200000, 0x0000000084200000| Untracked 
|  67|0x0000000084300000, 0x0000000084400000, 0x0000000084400000|100%| O|  |TAMS 0x0000000084300000, 0x0000000084300000| Untracked 
|  68|0x0000000084400000, 0x0000000084500000, 0x0000000084500000|100%| O|  |TAMS 0x0000000084400000, 0x0000000084400000| Untracked 
|  69|0x0000000084500000, 0x0000000084600000, 0x0000000084600000|100%| O|  |TAMS 0x0000000084500000, 0x0000000084500000| Untracked 
|  70|0x0000000084600000, 0x0000000084700000, 0x0000000084700000|100%| O|  |TAMS 0x0000000084600000, 0x0000000084600000| Untracked 
|  71|0x0000000084700000, 0x0000000084800000, 0x0000000084800000|100%| O|  |TAMS 0x0000000084700000, 0x0000000084700000| Untracked 
|  72|0x0000000084800000, 0x0000000084900000, 0x0000000084900000|100%| O|  |TAMS 0x0000000084800000, 0x0000000084800000| Untracked 
|  73|0x0000000084900000, 0x0000000084a00000, 0x0000000084a00000|100%| O|  |TAMS 0x0000000084900000, 0x0000000084900000| Untracked 
|  74|0x0000000084a00000, 0x0000000084b00000, 0x0000000084b00000|100%| O|  |TAMS 0x0000000084a00000, 0x0000000084a00000| Untracked 
|  75|0x0000000084b00000, 0x0000000084c00000, 0x0000000084c00000|100%| O|  |TAMS 0x0000000084b00000, 0x0000000084b00000| Untracked 
|  76|0x0000000084c00000, 0x0000000084d00000, 0x0000000084d00000|100%| O|  |TAMS 0x0000000084c00000, 0x0000000084c00000| Untracked 
|  77|0x0000000084d00000, 0x0000000084e00000, 0x0000000084e00000|100%| O|  |TAMS 0x0000000084d00000, 0x0000000084d00000| Untracked 
|  78|0x0000000084e00000, 0x0000000084f00000, 0x0000000084f00000|100%|HS|  |TAMS 0x0000000084e00000, 0x0000000084e00000| Complete 
|  79|0x0000000084f00000, 0x0000000085000000, 0x0000000085000000|100%|HS|  |TAMS 0x0000000084f00000, 0x0000000084f00000| Complete 
|  80|0x0000000085000000, 0x0000000085100000, 0x0000000085100000|100%|HS|  |TAMS 0x0000000085000000, 0x0000000085000000| Complete 
|  81|0x0000000085100000, 0x0000000085200000, 0x0000000085200000|100%|HS|  |TAMS 0x0000000085100000, 0x0000000085100000| Complete 
|  82|0x0000000085200000, 0x0000000085300000, 0x0000000085300000|100%|HS|  |TAMS 0x0000000085200000, 0x0000000085200000| Complete 
|  83|0x0000000085300000, 0x0000000085400000, 0x0000000085400000|100%|HS|  |TAMS 0x0000000085300000, 0x0000000085300000| Complete 
|  84|0x0000000085400000, 0x0000000085500000, 0x0000000085500000|100%| O|  |TAMS 0x0000000085400000, 0x0000000085400000| Untracked 
|  85|0x0000000085500000, 0x0000000085600000, 0x0000000085600000|100%|HS|  |TAMS 0x0000000085500000, 0x0000000085500000| Complete 
|  86|0x0000000085600000, 0x0000000085700000, 0x0000000085700000|100%|HS|  |TAMS 0x0000000085600000, 0x0000000085600000| Complete 
|  87|0x0000000085700000, 0x0000000085800000, 0x0000000085800000|100%|HC|  |TAMS 0x0000000085700000, 0x0000000085700000| Complete 
|  88|0x0000000085800000, 0x0000000085900000, 0x0000000085900000|100%| O|  |TAMS 0x0000000085800000, 0x0000000085800000| Untracked 
|  89|0x0000000085900000, 0x0000000085a00000, 0x0000000085a00000|100%| O|  |TAMS 0x0000000085900000, 0x0000000085900000| Untracked 
|  90|0x0000000085a00000, 0x0000000085b00000, 0x0000000085b00000|100%| O|  |TAMS 0x0000000085a00000, 0x0000000085a00000| Untracked 
|  91|0x0000000085b00000, 0x0000000085c00000, 0x0000000085c00000|100%| O|  |TAMS 0x0000000085b00000, 0x0000000085b00000| Untracked 
|  92|0x0000000085c00000, 0x0000000085d00000, 0x0000000085d00000|100%| O|  |TAMS 0x0000000085c00000, 0x0000000085c00000| Untracked 
|  93|0x0000000085d00000, 0x0000000085e00000, 0x0000000085e00000|100%| O|  |TAMS 0x0000000085d00000, 0x0000000085d00000| Untracked 
|  94|0x0000000085e00000, 0x0000000085f00000, 0x0000000085f00000|100%| O|  |TAMS 0x0000000085e00000, 0x0000000085e00000| Untracked 
|  95|0x0000000085f00000, 0x0000000086000000, 0x0000000086000000|100%| O|  |TAMS 0x0000000085f00000, 0x0000000085f00000| Untracked 
|  96|0x0000000086000000, 0x0000000086100000, 0x0000000086100000|100%| O|  |TAMS 0x0000000086000000, 0x0000000086000000| Untracked 
|  97|0x0000000086100000, 0x0000000086200000, 0x0000000086200000|100%| O|  |TAMS 0x0000000086100000, 0x0000000086100000| Untracked 
|  98|0x0000000086200000, 0x0000000086300000, 0x0000000086300000|100%| O|  |TAMS 0x0000000086200000, 0x0000000086200000| Untracked 
|  99|0x0000000086300000, 0x0000000086400000, 0x0000000086400000|100%| O|  |TAMS 0x0000000086300000, 0x0000000086300000| Untracked 
| 100|0x0000000086400000, 0x0000000086500000, 0x0000000086500000|100%| O|  |TAMS 0x0000000086400000, 0x0000000086400000| Untracked 
| 101|0x0000000086500000, 0x0000000086600000, 0x0000000086600000|100%| O|  |TAMS 0x0000000086500000, 0x0000000086500000| Untracked 
| 102|0x0000000086600000, 0x0000000086700000, 0x0000000086700000|100%| O|  |TAMS 0x0000000086600000, 0x0000000086600000| Untracked 
| 103|0x0000000086700000, 0x0000000086800000, 0x0000000086800000|100%| O|  |TAMS 0x0000000086700000, 0x0000000086700000| Untracked 
| 104|0x0000000086800000, 0x0000000086900000, 0x0000000086900000|100%| O|  |TAMS 0x0000000086800000, 0x0000000086800000| Untracked 
| 105|0x0000000086900000, 0x0000000086a00000, 0x0000000086a00000|100%| O|  |TAMS 0x0000000086900000, 0x0000000086900000| Untracked 
| 106|0x0000000086a00000, 0x0000000086b00000, 0x0000000086b00000|100%| O|  |TAMS 0x0000000086a00000, 0x0000000086a00000| Untracked 
| 107|0x0000000086b00000, 0x0000000086c00000, 0x0000000086c00000|100%| O|  |TAMS 0x0000000086b00000, 0x0000000086b00000| Untracked 
| 108|0x0000000086c00000, 0x0000000086d00000, 0x0000000086d00000|100%| O|  |TAMS 0x0000000086c00000, 0x0000000086c00000| Untracked 
| 109|0x0000000086d00000, 0x0000000086e00000, 0x0000000086e00000|100%| O|  |TAMS 0x0000000086d00000, 0x0000000086d00000| Untracked 
| 110|0x0000000086e00000, 0x0000000086f00000, 0x0000000086f00000|100%| O|  |TAMS 0x0000000086e00000, 0x0000000086e00000| Untracked 
| 111|0x0000000086f00000, 0x0000000086f00000, 0x0000000087000000|  0%| F|  |TAMS 0x0000000086f00000, 0x0000000086f00000| Untracked 
| 112|0x0000000087000000, 0x0000000087000000, 0x0000000087100000|  0%| F|  |TAMS 0x0000000087000000, 0x0000000087000000| Untracked 
| 113|0x0000000087100000, 0x0000000087100000, 0x0000000087200000|  0%| F|  |TAMS 0x0000000087100000, 0x0000000087100000| Untracked 
| 114|0x0000000087200000, 0x0000000087200000, 0x0000000087300000|  0%| F|  |TAMS 0x0000000087200000, 0x0000000087200000| Untracked 
| 115|0x0000000087300000, 0x0000000087300000, 0x0000000087400000|  0%| F|  |TAMS 0x0000000087300000, 0x0000000087300000| Untracked 
| 116|0x0000000087400000, 0x0000000087400000, 0x0000000087500000|  0%| F|  |TAMS 0x0000000087400000, 0x0000000087400000| Untracked 
| 117|0x0000000087500000, 0x0000000087500000, 0x0000000087600000|  0%| F|  |TAMS 0x0000000087500000, 0x0000000087500000| Untracked 
| 118|0x0000000087600000, 0x0000000087600000, 0x0000000087700000|  0%| F|  |TAMS 0x0000000087600000, 0x0000000087600000| Untracked 
| 119|0x0000000087700000, 0x0000000087700000, 0x0000000087800000|  0%| F|  |TAMS 0x0000000087700000, 0x0000000087700000| Untracked 
| 120|0x0000000087800000, 0x0000000087800000, 0x0000000087900000|  0%| F|  |TAMS 0x0000000087800000, 0x0000000087800000| Untracked 
| 121|0x0000000087900000, 0x0000000087900000, 0x0000000087a00000|  0%| F|  |TAMS 0x0000000087900000, 0x0000000087900000| Untracked 
| 122|0x0000000087a00000, 0x0000000087a00000, 0x0000000087b00000|  0%| F|  |TAMS 0x0000000087a00000, 0x0000000087a00000| Untracked 
| 123|0x0000000087b00000, 0x0000000087b00000, 0x0000000087c00000|  0%| F|  |TAMS 0x0000000087b00000, 0x0000000087b00000| Untracked 
| 124|0x0000000087c00000, 0x0000000087c00000, 0x0000000087d00000|  0%| F|  |TAMS 0x0000000087c00000, 0x0000000087c00000| Untracked 
| 125|0x0000000087d00000, 0x0000000087d00000, 0x0000000087e00000|  0%| F|  |TAMS 0x0000000087d00000, 0x0000000087d00000| Untracked 
| 126|0x0000000087e00000, 0x0000000087e00000, 0x0000000087f00000|  0%| F|  |TAMS 0x0000000087e00000, 0x0000000087e00000| Untracked 
| 127|0x0000000087f00000, 0x0000000087f00000, 0x0000000088000000|  0%| F|  |TAMS 0x0000000087f00000, 0x0000000087f00000| Untracked 
| 128|0x0000000088000000, 0x0000000088000000, 0x0000000088100000|  0%| F|  |TAMS 0x0000000088000000, 0x0000000088000000| Untracked 
| 129|0x0000000088100000, 0x0000000088100000, 0x0000000088200000|  0%| F|  |TAMS 0x0000000088100000, 0x0000000088100000| Untracked 
| 130|0x0000000088200000, 0x0000000088200000, 0x0000000088300000|  0%| F|  |TAMS 0x0000000088200000, 0x0000000088200000| Untracked 
| 131|0x0000000088300000, 0x0000000088300000, 0x0000000088400000|  0%| F|  |TAMS 0x0000000088300000, 0x0000000088300000| Untracked 
| 132|0x0000000088400000, 0x0000000088400000, 0x0000000088500000|  0%| F|  |TAMS 0x0000000088400000, 0x0000000088400000| Untracked 
| 133|0x0000000088500000, 0x0000000088500000, 0x0000000088600000|  0%| F|  |TAMS 0x0000000088500000, 0x0000000088500000| Untracked 
| 134|0x0000000088600000, 0x0000000088600000, 0x0000000088700000|  0%| F|  |TAMS 0x0000000088600000, 0x0000000088600000| Untracked 
| 135|0x0000000088700000, 0x0000000088700000, 0x0000000088800000|  0%| F|  |TAMS 0x0000000088700000, 0x0000000088700000| Untracked 
| 136|0x0000000088800000, 0x0000000088800000, 0x0000000088900000|  0%| F|  |TAMS 0x0000000088800000, 0x0000000088800000| Untracked 
| 137|0x0000000088900000, 0x0000000088900000, 0x0000000088a00000|  0%| F|  |TAMS 0x0000000088900000, 0x0000000088900000| Untracked 
| 138|0x0000000088a00000, 0x0000000088a00000, 0x0000000088b00000|  0%| F|  |TAMS 0x0000000088a00000, 0x0000000088a00000| Untracked 
| 139|0x0000000088b00000, 0x0000000088b00000, 0x0000000088c00000|  0%| F|  |TAMS 0x0000000088b00000, 0x0000000088b00000| Untracked 
| 140|0x0000000088c00000, 0x0000000088c00000, 0x0000000088d00000|  0%| F|  |TAMS 0x0000000088c00000, 0x0000000088c00000| Untracked 
| 141|0x0000000088d00000, 0x0000000088d00000, 0x0000000088e00000|  0%| F|  |TAMS 0x0000000088d00000, 0x0000000088d00000| Untracked 
| 142|0x0000000088e00000, 0x0000000088e80de0, 0x0000000088f00000| 50%| S|CS|TAMS 0x0000000088e00000, 0x0000000088e00000| Complete 
| 143|0x0000000088f00000, 0x0000000089000000, 0x0000000089000000|100%| S|CS|TAMS 0x0000000088f00000, 0x0000000088f00000| Complete 
| 144|0x0000000089000000, 0x0000000089100000, 0x0000000089100000|100%| S|CS|TAMS 0x0000000089000000, 0x0000000089000000| Complete 
| 145|0x0000000089100000, 0x0000000089200000, 0x0000000089200000|100%| S|CS|TAMS 0x0000000089100000, 0x0000000089100000| Complete 
| 146|0x0000000089200000, 0x0000000089200000, 0x0000000089300000|  0%| F|  |TAMS 0x0000000089200000, 0x0000000089200000| Untracked 
| 147|0x0000000089300000, 0x0000000089300000, 0x0000000089400000|  0%| F|  |TAMS 0x0000000089300000, 0x0000000089300000| Untracked 
| 148|0x0000000089400000, 0x0000000089400000, 0x0000000089500000|  0%| F|  |TAMS 0x0000000089400000, 0x0000000089400000| Untracked 
| 149|0x0000000089500000, 0x0000000089500000, 0x0000000089600000|  0%| F|  |TAMS 0x0000000089500000, 0x0000000089500000| Untracked 
| 150|0x0000000089600000, 0x0000000089600000, 0x0000000089700000|  0%| F|  |TAMS 0x0000000089600000, 0x0000000089600000| Untracked 
| 151|0x0000000089700000, 0x0000000089700000, 0x0000000089800000|  0%| F|  |TAMS 0x0000000089700000, 0x0000000089700000| Untracked 
| 152|0x0000000089800000, 0x0000000089800000, 0x0000000089900000|  0%| F|  |TAMS 0x0000000089800000, 0x0000000089800000| Untracked 
| 153|0x0000000089900000, 0x0000000089900000, 0x0000000089a00000|  0%| F|  |TAMS 0x0000000089900000, 0x0000000089900000| Untracked 
| 154|0x0000000089a00000, 0x0000000089a00000, 0x0000000089b00000|  0%| F|  |TAMS 0x0000000089a00000, 0x0000000089a00000| Untracked 
| 155|0x0000000089b00000, 0x0000000089b00000, 0x0000000089c00000|  0%| F|  |TAMS 0x0000000089b00000, 0x0000000089b00000| Untracked 
| 156|0x0000000089c00000, 0x0000000089c00000, 0x0000000089d00000|  0%| F|  |TAMS 0x0000000089c00000, 0x0000000089c00000| Untracked 
| 157|0x0000000089d00000, 0x0000000089d00000, 0x0000000089e00000|  0%| F|  |TAMS 0x0000000089d00000, 0x0000000089d00000| Untracked 
| 158|0x0000000089e00000, 0x0000000089e00000, 0x0000000089f00000|  0%| F|  |TAMS 0x0000000089e00000, 0x0000000089e00000| Untracked 
| 159|0x0000000089f00000, 0x0000000089f00000, 0x000000008a000000|  0%| F|  |TAMS 0x0000000089f00000, 0x0000000089f00000| Untracked 
| 160|0x000000008a000000, 0x000000008a000000, 0x000000008a100000|  0%| F|  |TAMS 0x000000008a000000, 0x000000008a000000| Untracked 
| 161|0x000000008a100000, 0x000000008a100000, 0x000000008a200000|  0%| F|  |TAMS 0x000000008a100000, 0x000000008a100000| Untracked 
| 162|0x000000008a200000, 0x000000008a200000, 0x000000008a300000|  0%| F|  |TAMS 0x000000008a200000, 0x000000008a200000| Untracked 
| 163|0x000000008a300000, 0x000000008a300000, 0x000000008a400000|  0%| F|  |TAMS 0x000000008a300000, 0x000000008a300000| Untracked 
| 164|0x000000008a400000, 0x000000008a400000, 0x000000008a500000|  0%| F|  |TAMS 0x000000008a400000, 0x000000008a400000| Untracked 
| 165|0x000000008a500000, 0x000000008a500000, 0x000000008a600000|  0%| F|  |TAMS 0x000000008a500000, 0x000000008a500000| Untracked 
| 166|0x000000008a600000, 0x000000008a600000, 0x000000008a700000|  0%| F|  |TAMS 0x000000008a600000, 0x000000008a600000| Untracked 
| 167|0x000000008a700000, 0x000000008a700000, 0x000000008a800000|  0%| F|  |TAMS 0x000000008a700000, 0x000000008a700000| Untracked 
| 168|0x000000008a800000, 0x000000008a800000, 0x000000008a900000|  0%| F|  |TAMS 0x000000008a800000, 0x000000008a800000| Untracked 
| 169|0x000000008a900000, 0x000000008a900000, 0x000000008aa00000|  0%| F|  |TAMS 0x000000008a900000, 0x000000008a900000| Untracked 
| 170|0x000000008aa00000, 0x000000008aa00000, 0x000000008ab00000|  0%| F|  |TAMS 0x000000008aa00000, 0x000000008aa00000| Untracked 
| 171|0x000000008ab00000, 0x000000008ab00000, 0x000000008ac00000|  0%| F|  |TAMS 0x000000008ab00000, 0x000000008ab00000| Untracked 
| 172|0x000000008ac00000, 0x000000008ac00000, 0x000000008ad00000|  0%| F|  |TAMS 0x000000008ac00000, 0x000000008ac00000| Untracked 
| 173|0x000000008ad00000, 0x000000008ad00000, 0x000000008ae00000|  0%| F|  |TAMS 0x000000008ad00000, 0x000000008ad00000| Untracked 
| 174|0x000000008ae00000, 0x000000008ae00000, 0x000000008af00000|  0%| F|  |TAMS 0x000000008ae00000, 0x000000008ae00000| Untracked 
| 175|0x000000008af00000, 0x000000008af00000, 0x000000008b000000|  0%| F|  |TAMS 0x000000008af00000, 0x000000008af00000| Untracked 
| 176|0x000000008b000000, 0x000000008b000000, 0x000000008b100000|  0%| F|  |TAMS 0x000000008b000000, 0x000000008b000000| Untracked 
| 177|0x000000008b100000, 0x000000008b100000, 0x000000008b200000|  0%| F|  |TAMS 0x000000008b100000, 0x000000008b100000| Untracked 
| 178|0x000000008b200000, 0x000000008b200000, 0x000000008b300000|  0%| F|  |TAMS 0x000000008b200000, 0x000000008b200000| Untracked 
| 179|0x000000008b300000, 0x000000008b300000, 0x000000008b400000|  0%| F|  |TAMS 0x000000008b300000, 0x000000008b300000| Untracked 
| 180|0x000000008b400000, 0x000000008b400000, 0x000000008b500000|  0%| F|  |TAMS 0x000000008b400000, 0x000000008b400000| Untracked 
| 181|0x000000008b500000, 0x000000008b500000, 0x000000008b600000|  0%| F|  |TAMS 0x000000008b500000, 0x000000008b500000| Untracked 
| 182|0x000000008b600000, 0x000000008b600000, 0x000000008b700000|  0%| F|  |TAMS 0x000000008b600000, 0x000000008b600000| Untracked 
| 183|0x000000008b700000, 0x000000008b800000, 0x000000008b800000|100%| E|  |TAMS 0x000000008b700000, 0x000000008b700000| Complete 
| 184|0x000000008b800000, 0x000000008b900000, 0x000000008b900000|100%| E|CS|TAMS 0x000000008b800000, 0x000000008b800000| Complete 
| 185|0x000000008b900000, 0x000000008ba00000, 0x000000008ba00000|100%| E|CS|TAMS 0x000000008b900000, 0x000000008b900000| Complete 
| 186|0x000000008ba00000, 0x000000008bb00000, 0x000000008bb00000|100%| E|CS|TAMS 0x000000008ba00000, 0x000000008ba00000| Complete 
| 187|0x000000008bb00000, 0x000000008bc00000, 0x000000008bc00000|100%| E|CS|TAMS 0x000000008bb00000, 0x000000008bb00000| Complete 
| 188|0x000000008bc00000, 0x000000008bd00000, 0x000000008bd00000|100%| E|CS|TAMS 0x000000008bc00000, 0x000000008bc00000| Complete 
| 189|0x000000008bd00000, 0x000000008be00000, 0x000000008be00000|100%| E|CS|TAMS 0x000000008bd00000, 0x000000008bd00000| Complete 
| 190|0x000000008be00000, 0x000000008bf00000, 0x000000008bf00000|100%| E|CS|TAMS 0x000000008be00000, 0x000000008be00000| Complete 
| 191|0x000000008bf00000, 0x000000008c000000, 0x000000008c000000|100%| E|CS|TAMS 0x000000008bf00000, 0x000000008bf00000| Complete 
| 192|0x000000008c000000, 0x000000008c100000, 0x000000008c100000|100%| E|CS|TAMS 0x000000008c000000, 0x000000008c000000| Complete 
| 193|0x000000008c100000, 0x000000008c200000, 0x000000008c200000|100%| E|CS|TAMS 0x000000008c100000, 0x000000008c100000| Complete 
| 194|0x000000008c200000, 0x000000008c300000, 0x000000008c300000|100%| E|CS|TAMS 0x000000008c200000, 0x000000008c200000| Complete 
| 195|0x000000008c300000, 0x000000008c400000, 0x000000008c400000|100%| E|CS|TAMS 0x000000008c300000, 0x000000008c300000| Complete 
| 196|0x000000008c400000, 0x000000008c500000, 0x000000008c500000|100%| E|CS|TAMS 0x000000008c400000, 0x000000008c400000| Complete 
| 197|0x000000008c500000, 0x000000008c600000, 0x000000008c600000|100%| E|CS|TAMS 0x000000008c500000, 0x000000008c500000| Complete 
| 198|0x000000008c600000, 0x000000008c700000, 0x000000008c700000|100%| E|CS|TAMS 0x000000008c600000, 0x000000008c600000| Complete 
| 199|0x000000008c700000, 0x000000008c800000, 0x000000008c800000|100%| E|CS|TAMS 0x000000008c700000, 0x000000008c700000| Complete 
| 200|0x000000008c800000, 0x000000008c900000, 0x000000008c900000|100%| E|CS|TAMS 0x000000008c800000, 0x000000008c800000| Complete 
| 201|0x000000008c900000, 0x000000008ca00000, 0x000000008ca00000|100%| E|CS|TAMS 0x000000008c900000, 0x000000008c900000| Complete 
| 202|0x000000008ca00000, 0x000000008cb00000, 0x000000008cb00000|100%| E|CS|TAMS 0x000000008ca00000, 0x000000008ca00000| Complete 
| 203|0x000000008cb00000, 0x000000008cc00000, 0x000000008cc00000|100%| E|CS|TAMS 0x000000008cb00000, 0x000000008cb00000| Complete 

Card table byte_map: [0x000001d4cc8f0000,0x000001d4cccf0000] _byte_map_base: 0x000001d4cc4f0000

Marking Bits (Prev, Next): (CMBitMap*) 0x000001d4b59deaf0, (CMBitMap*) 0x000001d4b59deab0
 Prev Bits: [0x000001d4cf0f0000, 0x000001d4d10f0000)
 Next Bits: [0x000001d4cd0f0000, 0x000001d4cf0f0000)

Polling page: 0x000001d4b3710000

Metaspace:

Usage:
  Non-class:     79.35 MB used.
      Class:     12.96 MB used.
       Both:     92.31 MB used.

Virtual space:
  Non-class space:      128.00 MB reserved,      79.81 MB ( 62%) committed,  2 nodes.
      Class space:      416.00 MB reserved,      13.44 MB (  3%) committed,  1 nodes.
             Both:      544.00 MB reserved,      93.25 MB ( 17%) committed. 

Chunk freelists:
   Non-Class:  15.98 MB
       Class:  2.62 MB
        Both:  18.61 MB

MaxMetaspaceSize: 512.00 MB
CompressedClassSpaceSize: 416.00 MB
Initial GC threshold: 21.00 MB
Current GC threshold: 100.25 MB
CDS: on
MetaspaceReclaimPolicy: balanced
 - commit_granule_bytes: 65536.
 - commit_granule_words: 8192.
 - virtual_space_node_default_size: 8388608.
 - enlarge_chunks_in_place: 1.
 - new_chunks_are_fully_committed: 0.
 - uncommit_free_chunks: 1.
 - use_allocation_guard: 0.
 - handle_deallocations: 1.


Internal statistics:

num_allocs_failed_limit: 6.
num_arena_births: 1266.
num_arena_deaths: 0.
num_vsnodes_births: 3.
num_vsnodes_deaths: 0.
num_space_committed: 1493.
num_space_uncommitted: 0.
num_chunks_returned_to_freelist: 6.
num_chunks_taken_from_freelist: 5438.
num_chunk_merges: 6.
num_chunk_splits: 3532.
num_chunks_enlarged: 2275.
num_inconsistent_stats: 0.

CodeHeap 'non-profiled nmethods': size=120000Kb used=6785Kb max_used=6785Kb free=113214Kb
 bounds [0x000001d4c4fc0000, 0x000001d4c5670000, 0x000001d4cc4f0000]
CodeHeap 'profiled nmethods': size=120000Kb used=20663Kb max_used=20746Kb free=99336Kb
 bounds [0x000001d4bd4f0000, 0x000001d4be960000, 0x000001d4c4a20000]
CodeHeap 'non-nmethods': size=5760Kb used=2407Kb max_used=2488Kb free=3352Kb
 bounds [0x000001d4c4a20000, 0x000001d4c4ca0000, 0x000001d4c4fc0000]
 total_blobs=11450 nmethods=10512 adapters=850
 compilation: enabled
              stopped_count=0, restarted_count=0
 full_count=0

Compilation events (20 events):
Event: 51.189 Thread 0x000001d4d35b7510 12264       3       org.gradle.api.internal.file.DefaultFileCollectionFactory$1::<init> (20 bytes)
Event: 51.189 Thread 0x000001d4d35b7510 nmethod 12264 0x000001d4bdd73490 code [0x000001d4bdd73660, 0x000001d4bdd73ab8]
Event: 51.189 Thread 0x000001d4d35b7510 12258       3       org.gradle.api.internal.plugins.DefaultPluginManager$2::<init> (15 bytes)
Event: 51.190 Thread 0x000001d4d35b7510 nmethod 12258 0x000001d4bde77990 code [0x000001d4bde77b40, 0x000001d4bde77d58]
Event: 51.190 Thread 0x000001d4d35b7510 12265       1       org.jetbrains.kotlin.gradle.plugin.mpp.compilationImpl.KotlinCompilationImpl$Params::getTarget (5 bytes)
Event: 51.190 Thread 0x000001d4d35b7510 nmethod 12265 0x000001d4c502c790 code [0x000001d4c502c920, 0x000001d4c502c9f8]
Event: 51.190 Thread 0x000001d4d35b7510 12266       3       org.gradle.api.internal.collections.SortedSetElementSource::constantTimeIsEmpty (28 bytes)
Event: 51.190 Thread 0x000001d4d35b7510 nmethod 12266 0x000001d4be380890 code [0x000001d4be380a60, 0x000001d4be380e18]
Event: 51.191 Thread 0x000001d4d35b7510 12267       3       org.gradle.api.internal.tasks.DefaultTaskContainer$TaskCreatingProvider::<init> (38 bytes)
Event: 51.191 Thread 0x000001d4d35b7510 nmethod 12267 0x000001d4bdd87110 code [0x000001d4bdd872e0, 0x000001d4bdd87678]
Event: 51.193 Thread 0x000001d4d35b7510 12268       3       org.gradle.internal.ImmutableActionSet$SetWithFewActions::contains (42 bytes)
Event: 51.193 Thread 0x000001d4d35b7510 nmethod 12268 0x000001d4bdbaa110 code [0x000001d4bdbaa2e0, 0x000001d4bdbaa608]
Event: 51.194 Thread 0x000001d4d35b7510 12269       3       org.gradle.api.internal.provider.AbstractProperty::disallowChanges (8 bytes)
Event: 51.195 Thread 0x000001d4d35b7510 nmethod 12269 0x000001d4bdd86c90 code [0x000001d4bdd86e40, 0x000001d4bdd87008]
Event: 51.200 Thread 0x000001d4d35b7510 12270       1       com.android.build.api.component.impl.ComponentImpl::getComponentType (5 bytes)
Event: 51.200 Thread 0x000001d4d35b7510 nmethod 12270 0x000001d4c502c490 code [0x000001d4c502c620, 0x000001d4c502c6f8]
Event: 51.219 Thread 0x000001d4d35b7510 12271       3       com.google.common.collect.ImmutableMap$Builder::put (35 bytes)
Event: 51.219 Thread 0x000001d4d35b7510 nmethod 12271 0x000001d4bdd86310 code [0x000001d4bdd86500, 0x000001d4bdd86a98]
Event: 51.219 Thread 0x000001d4d35b7510 12272       3       com.google.common.collect.ImmutableMap::entryOf (15 bytes)
Event: 51.220 Thread 0x000001d4d35b7510 nmethod 12272 0x000001d4bdd85d10 code [0x000001d4bdd85ee0, 0x000001d4bdd861e8]

GC Heap History (20 events):
Event: 35.285 GC heap before
{Heap before GC invocations=28 (full 0):
 garbage-first heap   total 208896K, used 144766K [0x0000000080000000, 0x0000000100000000)
  region size 1024K, 77 young (78848K), 2 survivors (2048K)
 Metaspace       used 69398K, committed 70144K, reserved 491520K
  class space    used 9892K, committed 10240K, reserved 425984K
}
Event: 35.298 GC heap after
{Heap after GC invocations=29 (full 0):
 garbage-first heap   total 208896K, used 74776K [0x0000000080000000, 0x0000000100000000)
  region size 1024K, 7 young (7168K), 7 survivors (7168K)
 Metaspace       used 69398K, committed 70144K, reserved 491520K
  class space    used 9892K, committed 10240K, reserved 425984K
}
Event: 37.745 GC heap before
{Heap before GC invocations=29 (full 0):
 garbage-first heap   total 208896K, used 149528K [0x0000000080000000, 0x0000000100000000)
  region size 1024K, 81 young (82944K), 7 survivors (7168K)
 Metaspace       used 71323K, committed 72128K, reserved 491520K
  class space    used 10088K, committed 10432K, reserved 425984K
}
Event: 37.771 GC heap after
{Heap after GC invocations=30 (full 0):
 garbage-first heap   total 208896K, used 82081K [0x0000000080000000, 0x0000000100000000)
  region size 1024K, 9 young (9216K), 9 survivors (9216K)
 Metaspace       used 71323K, committed 72128K, reserved 491520K
  class space    used 10088K, committed 10432K, reserved 425984K
}
Event: 38.979 GC heap before
{Heap before GC invocations=30 (full 0):
 garbage-first heap   total 208896K, used 152737K [0x0000000080000000, 0x0000000100000000)
  region size 1024K, 79 young (80896K), 9 survivors (9216K)
 Metaspace       used 71391K, committed 72192K, reserved 491520K
  class space    used 10088K, committed 10432K, reserved 425984K
}
Event: 38.992 GC heap after
{Heap after GC invocations=31 (full 0):
 garbage-first heap   total 208896K, used 84187K [0x0000000080000000, 0x0000000100000000)
  region size 1024K, 5 young (5120K), 5 survivors (5120K)
 Metaspace       used 71391K, committed 72192K, reserved 491520K
  class space    used 10088K, committed 10432K, reserved 425984K
}
Event: 40.927 GC heap before
{Heap before GC invocations=31 (full 0):
 garbage-first heap   total 208896K, used 164059K [0x0000000080000000, 0x0000000100000000)
  region size 1024K, 77 young (78848K), 5 survivors (5120K)
 Metaspace       used 72257K, committed 73024K, reserved 491520K
  class space    used 10201K, committed 10560K, reserved 425984K
}
Event: 40.939 GC heap after
{Heap after GC invocations=32 (full 0):
 garbage-first heap   total 208896K, used 95087K [0x0000000080000000, 0x0000000100000000)
  region size 1024K, 10 young (10240K), 10 survivors (10240K)
 Metaspace       used 72257K, committed 73024K, reserved 491520K
  class space    used 10201K, committed 10560K, reserved 425984K
}
Event: 43.304 GC heap before
{Heap before GC invocations=32 (full 0):
 garbage-first heap   total 208896K, used 165743K [0x0000000080000000, 0x0000000100000000)
  region size 1024K, 74 young (75776K), 10 survivors (10240K)
 Metaspace       used 77506K, committed 78400K, reserved 557056K
  class space    used 10783K, committed 11200K, reserved 425984K
}
Event: 43.322 GC heap after
{Heap after GC invocations=33 (full 0):
 garbage-first heap   total 208896K, used 105785K [0x0000000080000000, 0x0000000100000000)
  region size 1024K, 7 young (7168K), 7 survivors (7168K)
 Metaspace       used 77506K, committed 78400K, reserved 557056K
  class space    used 10783K, committed 11200K, reserved 425984K
}
Event: 44.880 GC heap before
{Heap before GC invocations=33 (full 0):
 garbage-first heap   total 208896K, used 164153K [0x0000000080000000, 0x0000000100000000)
  region size 1024K, 63 young (64512K), 7 survivors (7168K)
 Metaspace       used 80950K, committed 81792K, reserved 557056K
  class space    used 11229K, committed 11584K, reserved 425984K
}
Event: 44.889 GC heap after
{Heap after GC invocations=34 (full 0):
 garbage-first heap   total 208896K, used 106160K [0x0000000080000000, 0x0000000100000000)
  region size 1024K, 4 young (4096K), 4 survivors (4096K)
 Metaspace       used 80950K, committed 81792K, reserved 557056K
  class space    used 11229K, committed 11584K, reserved 425984K
}
Event: 46.797 GC heap before
{Heap before GC invocations=34 (full 0):
 garbage-first heap   total 208896K, used 167600K [0x0000000080000000, 0x0000000100000000)
  region size 1024K, 62 young (63488K), 4 survivors (4096K)
 Metaspace       used 84722K, committed 85632K, reserved 557056K
  class space    used 11780K, committed 12224K, reserved 425984K
}
Event: 46.808 GC heap after
{Heap after GC invocations=35 (full 0):
 garbage-first heap   total 208896K, used 109943K [0x0000000080000000, 0x0000000100000000)
  region size 1024K, 6 young (6144K), 6 survivors (6144K)
 Metaspace       used 84722K, committed 85632K, reserved 557056K
  class space    used 11780K, committed 12224K, reserved 425984K
}
Event: 48.133 GC heap before
{Heap before GC invocations=35 (full 0):
 garbage-first heap   total 208896K, used 169335K [0x0000000080000000, 0x0000000100000000)
  region size 1024K, 64 young (65536K), 6 survivors (6144K)
 Metaspace       used 86156K, committed 87040K, reserved 557056K
  class space    used 11967K, committed 12352K, reserved 425984K
}
Event: 48.144 GC heap after
{Heap after GC invocations=36 (full 0):
 garbage-first heap   total 208896K, used 113688K [0x0000000080000000, 0x0000000100000000)
  region size 1024K, 7 young (7168K), 7 survivors (7168K)
 Metaspace       used 86156K, committed 87040K, reserved 557056K
  class space    used 11967K, committed 12352K, reserved 425984K
}
Event: 49.324 GC heap before
{Heap before GC invocations=36 (full 0):
 garbage-first heap   total 208896K, used 172056K [0x0000000080000000, 0x0000000100000000)
  region size 1024K, 63 young (64512K), 7 survivors (7168K)
 Metaspace       used 89667K, committed 90560K, reserved 557056K
  class space    used 12588K, committed 12992K, reserved 425984K
}
Event: 49.338 GC heap after
{Heap after GC invocations=37 (full 0):
 garbage-first heap   total 208896K, used 115215K [0x0000000080000000, 0x0000000100000000)
  region size 1024K, 6 young (6144K), 6 survivors (6144K)
 Metaspace       used 89667K, committed 90560K, reserved 557056K
  class space    used 12588K, committed 12992K, reserved 425984K
}
Event: 50.856 GC heap before
{Heap before GC invocations=37 (full 0):
 garbage-first heap   total 208896K, used 172559K [0x0000000080000000, 0x0000000100000000)
  region size 1024K, 62 young (63488K), 6 survivors (6144K)
 Metaspace       used 93300K, committed 94272K, reserved 557056K
  class space    used 13097K, committed 13568K, reserved 425984K
}
Event: 50.867 GC heap after
{Heap after GC invocations=38 (full 0):
 garbage-first heap   total 208896K, used 117251K [0x0000000080000000, 0x0000000100000000)
  region size 1024K, 4 young (4096K), 4 survivors (4096K)
 Metaspace       used 93300K, committed 94272K, reserved 557056K
  class space    used 13097K, committed 13568K, reserved 425984K
}

Dll operation events (15 events):
Event: 0.054 Loaded shared library C:\Program Files\Eclipse Adoptium\jdk-17.0.18.8-hotspot\bin\java.dll
Event: 0.310 Loaded shared library C:\Program Files\Eclipse Adoptium\jdk-17.0.18.8-hotspot\bin\jsvml.dll
Event: 0.445 Loaded shared library C:\Program Files\Eclipse Adoptium\jdk-17.0.18.8-hotspot\bin\zip.dll
Event: 0.450 Loaded shared library C:\Program Files\Eclipse Adoptium\jdk-17.0.18.8-hotspot\bin\instrument.dll
Event: 0.456 Loaded shared library C:\Program Files\Eclipse Adoptium\jdk-17.0.18.8-hotspot\bin\net.dll
Event: 0.458 Loaded shared library C:\Program Files\Eclipse Adoptium\jdk-17.0.18.8-hotspot\bin\nio.dll
Event: 0.462 Loaded shared library C:\Program Files\Eclipse Adoptium\jdk-17.0.18.8-hotspot\bin\zip.dll
Event: 0.802 Loaded shared library C:\Program Files\Eclipse Adoptium\jdk-17.0.18.8-hotspot\bin\jimage.dll
Event: 1.243 Loaded shared library C:\Program Files\Eclipse Adoptium\jdk-17.0.18.8-hotspot\bin\verify.dll
Event: 1.738 Loaded shared library D:\gradle-cache\native\c067742578af261105cb4f569cf0c3c89f3d7b1fecec35dd04571415982c5e48\windows-amd64\native-platform.dll
Event: 1.753 Loaded shared library D:\gradle-cache\native\100fb08df4bc3b14c8652ba06237920a3bd2aa13389f12d3474272988ae205f9\windows-amd64\native-platform-file-events.dll
Event: 3.724 Loaded shared library C:\Program Files\Eclipse Adoptium\jdk-17.0.18.8-hotspot\bin\management.dll
Event: 3.727 Loaded shared library C:\Program Files\Eclipse Adoptium\jdk-17.0.18.8-hotspot\bin\management_ext.dll
Event: 4.130 Loaded shared library C:\Program Files\Eclipse Adoptium\jdk-17.0.18.8-hotspot\bin\extnet.dll
Event: 5.016 Loaded shared library C:\Program Files\Eclipse Adoptium\jdk-17.0.18.8-hotspot\bin\sunmscapi.dll

Deoptimization events (20 events):
Event: 50.411 Thread 0x000001d4f397d3a0 DEOPT PACKING pc=0x000001d4c54b64a4 sp=0x00000022ed2f5d80
Event: 50.411 Thread 0x000001d4f397d3a0 DEOPT UNPACKING pc=0x000001d4c4a769a3 sp=0x00000022ed2f5c80 mode 2
Event: 50.546 Thread 0x000001d4f397d3a0 Uncommon trap: trap_request=0xffffff6e fr.pc=0x000001d4c5024000 relative=0x00000000000001e0
Event: 50.546 Thread 0x000001d4f397d3a0 Uncommon trap: reason=loop_limit_check action=maybe_recompile pc=0x000001d4c5024000 method=java.lang.StringLatin1.lastIndexOf([BII)I @ 19 c2
Event: 50.546 Thread 0x000001d4f397d3a0 DEOPT PACKING pc=0x000001d4c5024000 sp=0x00000022ed2f5db0
Event: 50.546 Thread 0x000001d4f397d3a0 DEOPT UNPACKING pc=0x000001d4c4a769a3 sp=0x00000022ed2f5c68 mode 2
Event: 50.583 Thread 0x000001d4f397d3a0 DEOPT PACKING pc=0x000001d4bd9fc84b sp=0x00000022ed2f59c0
Event: 50.583 Thread 0x000001d4f397d3a0 DEOPT UNPACKING pc=0x000001d4c4a77143 sp=0x00000022ed2f4ee0 mode 0
Event: 50.677 Thread 0x000001d4f397d3a0 Uncommon trap: trap_request=0xffffff76 fr.pc=0x000001d4c54e5e30 relative=0x0000000000000090
Event: 50.677 Thread 0x000001d4f397d3a0 Uncommon trap: reason=predicate action=maybe_recompile pc=0x000001d4c54e5e30 method=java.util.TimSort.binarySort([Ljava/lang/Object;IIILjava/util/Comparator;)V @ 34 c2
Event: 50.678 Thread 0x000001d4f397d3a0 DEOPT PACKING pc=0x000001d4c54e5e30 sp=0x00000022ed2f5a90
Event: 50.678 Thread 0x000001d4f397d3a0 DEOPT UNPACKING pc=0x000001d4c4a769a3 sp=0x00000022ed2f5a40 mode 2
Event: 50.788 Thread 0x000001d4f397d3a0 Uncommon trap: trap_request=0xffffff45 fr.pc=0x000001d4c5443968 relative=0x0000000000000048
Event: 50.788 Thread 0x000001d4f397d3a0 Uncommon trap: reason=unstable_if action=reinterpret pc=0x000001d4c5443968 method=java.lang.StringConcatHelper.stringOf(Ljava/lang/Object;)Ljava/lang/String; @ 1 c2
Event: 50.788 Thread 0x000001d4f397d3a0 DEOPT PACKING pc=0x000001d4c5443968 sp=0x00000022ed2f5d20
Event: 50.788 Thread 0x000001d4f397d3a0 DEOPT UNPACKING pc=0x000001d4c4a769a3 sp=0x00000022ed2f5cb0 mode 2
Event: 50.966 Thread 0x000001d4f397d3a0 DEOPT PACKING pc=0x000001d4be2a8ecc sp=0x00000022ed2f5690
Event: 50.966 Thread 0x000001d4f397d3a0 DEOPT UNPACKING pc=0x000001d4c4a77143 sp=0x00000022ed2f4bc0 mode 0
Event: 51.175 Thread 0x000001d4f397d3a0 DEOPT PACKING pc=0x000001d4be2a8ecc sp=0x00000022ed2f53f0
Event: 51.175 Thread 0x000001d4f397d3a0 DEOPT UNPACKING pc=0x000001d4c4a77143 sp=0x00000022ed2f4920 mode 0

Classes loaded (20 events):
Event: 47.379 Loading class java/lang/StringBeanInfo
Event: 47.379 Loading class java/lang/StringBeanInfo done
Event: 47.379 Loading class java/lang/StringCustomizer
Event: 47.379 Loading class java/lang/StringCustomizer done
Event: 47.380 Loading class java/lang/StringCustomizer
Event: 47.380 Loading class java/lang/StringCustomizer done
Event: 48.673 Loading class java/util/regex/Pattern$Caret
Event: 48.673 Loading class java/util/regex/Pattern$Caret done
Event: 50.093 Loading class java/net/Proxy
Event: 50.094 Loading class java/net/Proxy done
Event: 50.094 Loading class java/net/Proxy$Type
Event: 50.094 Loading class java/net/Proxy$Type done
Event: 50.250 Loading class sun/invoke/util/ValueConversions$1
Event: 50.250 Loading class sun/invoke/util/ValueConversions$1 done
Event: 50.254 Loading class java/lang/invoke/BoundMethodHandle$Species_LI
Event: 50.254 Loading class java/lang/invoke/BoundMethodHandle$Species_LI done
Event: 50.291 Loading class java/io/FileReader
Event: 50.295 Loading class java/io/FileReader done
Event: 50.379 Loading class jdk/internal/reflect/UnsafeQualifiedIntegerFieldAccessorImpl
Event: 50.379 Loading class jdk/internal/reflect/UnsafeQualifiedIntegerFieldAccessorImpl done

Classes unloaded (0 events):
No events

Classes redefined (0 events):
No events

Internal exceptions (20 events):
Event: 47.369 Thread 0x000001d4f397d3a0 Exception <a 'java/lang/ClassNotFoundException'{0x000000008a5d4d80}: build_2rs3is8usczrcltlwsqy9akye$_run_closure2$_closure6Customizer> (0x000000008a5d4d80) 
thrown [s\src\hotspot\share\classfile\systemDictionary.cpp, line 256]
Event: 47.379 Thread 0x000001d4f397d3a0 Exception <a 'java/lang/ClassNotFoundException'{0x000000008a30efb0}: java/lang/StringBeanInfo> (0x000000008a30efb0) 
thrown [s\src\hotspot\share\classfile\systemDictionary.cpp, line 256]
Event: 47.380 Thread 0x000001d4f397d3a0 Exception <a 'java/lang/ClassNotFoundException'{0x000000008a31af80}: java/lang/StringCustomizer> (0x000000008a31af80) 
thrown [s\src\hotspot\share\classfile\systemDictionary.cpp, line 256]
Event: 50.249 Thread 0x000001d4f397d3a0 Implicit null exception at 0x000001d4c524fbd3 to 0x000001d4c524fe10
Event: 50.253 Thread 0x000001d4f397d3a0 Exception <a 'java/lang/NoSuchMethodError'{0x000000008b5ca008}: 'int java.lang.invoke.DirectMethodHandle$Holder.invokeStatic(java.lang.Object, java.lang.Object, int)'> (0x000000008b5ca008) 
thrown [s\src\hotspot\share\interpreter\linkResolver.cpp, line 759]
Event: 50.253 Thread 0x000001d4f397d3a0 Exception <a 'java/lang/NoSuchMethodError'{0x000000008b5cf5b0}: 'int java.lang.invoke.DirectMethodHandle$Holder.invokeSpecial(java.lang.Object, java.lang.Object, java.lang.Object, int)'> (0x000000008b5cf5b0) 
thrown [s\src\hotspot\share\interpreter\linkResolver.cpp, line 759]
Event: 50.254 Thread 0x000001d4f397d3a0 Exception <a 'java/lang/NoSuchMethodError'{0x000000008b5e1000}: 'java.lang.Object java.lang.invoke.DirectMethodHandle$Holder.invokeStatic(java.lang.Object, java.lang.Object, java.lang.Object, java.lang.Object, int)'> (0x000000008b5e1000) 
thrown [s\src\hotspot\share\interpreter\linkResolver.cpp, line 759]
Event: 50.782 Thread 0x000001d4f397d3a0 Exception <a 'java/lang/NoSuchMethodError'{0x0000000089a46608}: 'java.lang.Object java.lang.invoke.DelegatingMethodHandle$Holder.reinvoke_L(java.lang.Object, java.lang.Object, long, int, int, int, int, int, int, java.lang.Object, int, int, int, int, java.lang.Object)'> (0x0000000089a46608) 
thrown [s\src\hotspot\share\interpreter\linkResolver.cpp, line 759]
Event: 50.786 Thread 0x000001d4f397d3a0 Exception <a 'java/lang/NoSuchMethodError'{0x0000000089a8bef8}: 'java.lang.Object java.lang.invoke.DirectMethodHandle$Holder.invokeSpecial(java.lang.Object, java.lang.Object, long, int, int, int, int, int, int, java.lang.Object, int, int, int, int, java.lang.Object)'> (0x0000000089a8bef8) 
thrown [s\src\hotspot\share\interpreter\linkResolver.cpp, line 759]
Event: 50.787 Thread 0x000001d4f397d3a0 Exception <a 'java/lang/NoSuchMethodError'{0x0000000089a91580}: 'java.lang.Object java.lang.invoke.DelegatingMethodHandle$Holder.reinvoke_L(java.lang.Object, long, int, int, int, int, int, int, java.lang.Object, int, int, int, int, java.lang.Object)'> (0x0000000089a91580) 
thrown [s\src\hotspot\share\interpreter\linkResolver.cpp, line 759]
Event: 50.873 Thread 0x000001d4f397d3a0 Exception <a 'java/lang/ClassNotFoundException'{0x000000008cb47198}: com/android/build/gradle/internal/api/ApkVariantOutputImpl_DecoratedBeanInfo> (0x000000008cb47198) 
thrown [s\src\hotspot\share\classfile\systemDictionary.cpp, line 256]
Event: 50.874 Thread 0x000001d4f397d3a0 Exception <a 'java/lang/ClassNotFoundException'{0x000000008cb59f10}: com/android/build/gradle/internal/api/ApkVariantOutputImplBeanInfo> (0x000000008cb59f10) 
thrown [s\src\hotspot\share\classfile\systemDictionary.cpp, line 256]
Event: 50.874 Thread 0x000001d4f397d3a0 Exception <a 'java/lang/ClassNotFoundException'{0x000000008cb6cca8}: com/android/build/gradle/internal/api/BaseVariantOutputImplBeanInfo> (0x000000008cb6cca8) 
thrown [s\src\hotspot\share\classfile\systemDictionary.cpp, line 256]
Event: 50.875 Thread 0x000001d4f397d3a0 Exception <a 'java/lang/ClassNotFoundException'{0x000000008cb7fa18}: com/android/build/gradle/internal/api/BaseVariantOutputImplCustomizer> (0x000000008cb7fa18) 
thrown [s\src\hotspot\share\classfile\systemDictionary.cpp, line 256]
Event: 50.877 Thread 0x000001d4f397d3a0 Exception <a 'java/lang/ClassNotFoundException'{0x000000008cba6c98}: com/android/build/gradle/internal/api/ApkVariantOutputImplCustomizer> (0x000000008cba6c98) 
thrown [s\src\hotspot\share\classfile\systemDictionary.cpp, line 256]
Event: 50.879 Thread 0x000001d4f397d3a0 Exception <a 'java/lang/ClassNotFoundException'{0x000000008cbc8c80}: com/android/build/gradle/internal/api/ApkVariantOutputImpl_DecoratedCustomizer> (0x000000008cbc8c80) 
thrown [s\src\hotspot\share\classfile\systemDictionary.cpp, line 256]
Event: 51.041 Thread 0x000001d4f397d3a0 Exception <a 'java/lang/ClassNotFoundException'{0x000000008c20eea8}: com/android/build/gradle/internal/api/ReadOnlyBuildTypeBeanInfo> (0x000000008c20eea8) 
thrown [s\src\hotspot\share\classfile\systemDictionary.cpp, line 256]
Event: 51.042 Thread 0x000001d4f397d3a0 Exception <a 'java/lang/ClassNotFoundException'{0x000000008c221bc0}: com/android/build/gradle/internal/api/ReadOnlyBaseConfigBeanInfo> (0x000000008c221bc0) 
thrown [s\src\hotspot\share\classfile\systemDictionary.cpp, line 256]
Event: 51.043 Thread 0x000001d4f397d3a0 Exception <a 'java/lang/ClassNotFoundException'{0x000000008c234908}: com/android/build/gradle/internal/api/ReadOnlyBaseConfigCustomizer> (0x000000008c234908) 
thrown [s\src\hotspot\share\classfile\systemDictionary.cpp, line 256]
Event: 51.045 Thread 0x000001d4f397d3a0 Exception <a 'java/lang/ClassNotFoundException'{0x000000008c2585f0}: com/android/build/gradle/internal/api/ReadOnlyBuildTypeCustomizer> (0x000000008c2585f0) 
thrown [s\src\hotspot\share\classfile\systemDictionary.cpp, line 256]

VM Operations (20 events):
Event: 46.797 Executing VM operation: G1CollectForAllocation
Event: 46.808 Executing VM operation: G1CollectForAllocation done
Event: 47.384 Executing VM operation: HandshakeAllThreads
Event: 47.384 Executing VM operation: HandshakeAllThreads done
Event: 48.037 Executing VM operation: HandshakeAllThreads
Event: 48.037 Executing VM operation: HandshakeAllThreads done
Event: 48.037 Executing VM operation: Cleanup
Event: 48.037 Executing VM operation: Cleanup done
Event: 48.133 Executing VM operation: G1CollectForAllocation
Event: 48.144 Executing VM operation: G1CollectForAllocation done
Event: 49.155 Executing VM operation: Cleanup
Event: 49.155 Executing VM operation: Cleanup done
Event: 49.324 Executing VM operation: G1CollectForAllocation
Event: 49.338 Executing VM operation: G1CollectForAllocation done
Event: 50.282 Executing VM operation: HandshakeAllThreads
Event: 50.282 Executing VM operation: HandshakeAllThreads done
Event: 50.297 Executing VM operation: HandshakeAllThreads
Event: 50.297 Executing VM operation: HandshakeAllThreads done
Event: 50.856 Executing VM operation: G1CollectForAllocation
Event: 50.867 Executing VM operation: G1CollectForAllocation done

Memory protections (0 events):
No events

Nmethod flushes (20 events):
Event: 45.149 Thread 0x000001d4d35b85c0 flushing  nmethod 0x000001d4be552110
Event: 45.149 Thread 0x000001d4d35b85c0 flushing  nmethod 0x000001d4be567890
Event: 45.149 Thread 0x000001d4d35b85c0 flushing  nmethod 0x000001d4be56b190
Event: 45.149 Thread 0x000001d4d35b85c0 flushing  nmethod 0x000001d4be594910
Event: 45.150 Thread 0x000001d4d35b85c0 flushing  nmethod 0x000001d4be677b90
Event: 45.151 Thread 0x000001d4d35b85c0 flushing  nmethod 0x000001d4be73bb90
Event: 45.151 Thread 0x000001d4d35b85c0 flushing  nmethod 0x000001d4be744f10
Event: 45.151 Thread 0x000001d4d35b85c0 flushing  nmethod 0x000001d4be74ab10
Event: 45.151 Thread 0x000001d4d35b85c0 flushing  nmethod 0x000001d4be7e4b10
Event: 45.151 Thread 0x000001d4d35b85c0 flushing  nmethod 0x000001d4be845b10
Event: 45.151 Thread 0x000001d4d35b85c0 flushing osr nmethod 0x000001d4be84c190
Event: 45.151 Thread 0x000001d4d35b85c0 flushing  nmethod 0x000001d4be84d210
Event: 45.151 Thread 0x000001d4d35b85c0 flushing  nmethod 0x000001d4be851510
Event: 45.151 Thread 0x000001d4d35b85c0 flushing  nmethod 0x000001d4be852910
Event: 45.151 Thread 0x000001d4d35b85c0 flushing  nmethod 0x000001d4be855890
Event: 45.151 Thread 0x000001d4d35b85c0 flushing  nmethod 0x000001d4be855c90
Event: 45.151 Thread 0x000001d4d35b85c0 flushing osr nmethod 0x000001d4be857190
Event: 45.151 Thread 0x000001d4d35b85c0 flushing  nmethod 0x000001d4be857e90
Event: 45.151 Thread 0x000001d4d35b85c0 flushing  nmethod 0x000001d4be870b10
Event: 45.151 Thread 0x000001d4d35b85c0 flushing  nmethod 0x000001d4be883010

Events (20 events):
Event: 35.317 Thread 0x000001d4f397d3a0 Thread added: 0x000001d4f7424480
Event: 35.317 Thread 0x000001d4f397d3a0 Thread added: 0x000001d4f741d010
Event: 35.318 Thread 0x000001d4f397d3a0 Thread added: 0x000001d4f741d520
Event: 35.375 Thread 0x000001d4f397d3a0 Thread added: 0x000001d4f741da30
Event: 35.375 Thread 0x000001d4f397d3a0 Thread added: 0x000001d4f83784d0
Event: 35.376 Thread 0x000001d4f397d3a0 Thread added: 0x000001d4f837c190
Event: 35.645 Thread 0x000001d4f397d3a0 Thread added: 0x000001d4f8377090
Event: 35.851 Thread 0x000001d4d3aa2420 Thread exited: 0x000001d4d3aa2420
Event: 36.022 Thread 0x000001d4d35b7510 Thread added: 0x000001d4d3aa0440
Event: 36.061 Thread 0x000001d4f397d3a0 Thread added: 0x000001d4f8377ab0
Event: 37.189 Thread 0x000001d4f7423040 Thread added: 0x000001d4f8379910
Event: 37.189 Thread 0x000001d4f7423040 Thread added: 0x000001d4f83789e0
Event: 37.189 Thread 0x000001d4f7423040 Thread added: 0x000001d4f837c6a0
Event: 37.209 Thread 0x000001d4f7423040 Thread added: 0x000001d4f837d0c0
Event: 39.652 Thread 0x000001d4f397d3a0 Thread added: 0x000001d4f8378ef0
Event: 42.568 Thread 0x000001d4d3aa0440 Thread exited: 0x000001d4d3aa0440
Event: 42.819 Thread 0x000001d4d35b7510 Thread added: 0x000001d4d3aa1980
Event: 45.221 Thread 0x000001d4f397d3a0 Thread added: 0x000001d4f837a330
Event: 48.964 Thread 0x000001d4d3aa1980 Thread exited: 0x000001d4d3aa1980
Event: 50.677 Thread 0x000001d4d35b7510 Thread added: 0x000001d4d3a9d470


Dynamic libraries:
0x00007ff712290000 - 0x00007ff71229e000 	C:\Program Files\Eclipse Adoptium\jdk-17.0.18.8-hotspot\bin\java.exe
0x00007ffe15fd0000 - 0x00007ffe161c8000 	C:\WINDOWS\SYSTEM32\ntdll.dll
0x00007ffe15330000 - 0x00007ffe153f2000 	C:\WINDOWS\System32\KERNEL32.DLL
0x00007ffe13a00000 - 0x00007ffe13cf6000 	C:\WINDOWS\System32\KERNELBASE.dll
0x00007ffe13870000 - 0x00007ffe13970000 	C:\WINDOWS\System32\ucrtbase.dll
0x00007ffe0cc80000 - 0x00007ffe0cc9e000 	C:\Program Files\Eclipse Adoptium\jdk-17.0.18.8-hotspot\bin\VCRUNTIME140.dll
0x00007ffe0b840000 - 0x00007ffe0b858000 	C:\Program Files\Eclipse Adoptium\jdk-17.0.18.8-hotspot\bin\jli.dll
0x00007ffe14580000 - 0x00007ffe14721000 	C:\WINDOWS\System32\USER32.dll
0x00007ffe04800000 - 0x00007ffe04a9b000 	C:\WINDOWS\WinSxS\amd64_microsoft.windows.common-controls_6595b64144ccf1df_6.0.19041.6456_none_60b8a6cb71f64256\COMCTL32.dll
0x00007ffe13fc0000 - 0x00007ffe13fe2000 	C:\WINDOWS\System32\win32u.dll
0x00007ffe14870000 - 0x00007ffe1489b000 	C:\WINDOWS\System32\GDI32.dll
0x00007ffe14070000 - 0x00007ffe1410e000 	C:\WINDOWS\System32\msvcrt.dll
0x00007ffe13750000 - 0x00007ffe13869000 	C:\WINDOWS\System32\gdi32full.dll
0x00007ffe136b0000 - 0x00007ffe1374d000 	C:\WINDOWS\System32\msvcp_win.dll
0x00007ffe15870000 - 0x00007ffe1589f000 	C:\WINDOWS\System32\IMM32.DLL
0x00007ffe0d400000 - 0x00007ffe0d40c000 	C:\Program Files\Eclipse Adoptium\jdk-17.0.18.8-hotspot\bin\vcruntime140_1.dll
0x00007ffdf32c0000 - 0x00007ffdf334d000 	C:\Program Files\Eclipse Adoptium\jdk-17.0.18.8-hotspot\bin\msvcp140.dll
0x00007ffd6fe20000 - 0x00007ffd70a8b000 	C:\Program Files\Eclipse Adoptium\jdk-17.0.18.8-hotspot\bin\server\jvm.dll
0x00007ffe15270000 - 0x00007ffe15321000 	C:\WINDOWS\System32\ADVAPI32.dll
0x00007ffe15590000 - 0x00007ffe1562f000 	C:\WINDOWS\System32\sechost.dll
0x00007ffe15010000 - 0x00007ffe15130000 	C:\WINDOWS\System32\RPCRT4.dll
0x00007ffe13ee0000 - 0x00007ffe13f07000 	C:\WINDOWS\System32\bcrypt.dll
0x00007ffe15200000 - 0x00007ffe1526b000 	C:\WINDOWS\System32\WS2_32.dll
0x00007ffe134c0000 - 0x00007ffe1350b000 	C:\WINDOWS\SYSTEM32\POWRPROF.dll
0x00007ffe04ab0000 - 0x00007ffe04ad7000 	C:\WINDOWS\SYSTEM32\WINMM.dll
0x00007ffe07700000 - 0x00007ffe0770a000 	C:\WINDOWS\SYSTEM32\VERSION.dll
0x00007ffe134a0000 - 0x00007ffe134b2000 	C:\WINDOWS\SYSTEM32\UMPDC.dll
0x00007ffe11e30000 - 0x00007ffe11e42000 	C:\WINDOWS\SYSTEM32\kernel.appcore.dll
0x00007ffe0d380000 - 0x00007ffe0d38a000 	C:\Program Files\Eclipse Adoptium\jdk-17.0.18.8-hotspot\bin\jimage.dll
0x00007ffe04af0000 - 0x00007ffe04cf1000 	C:\WINDOWS\SYSTEM32\DBGHELP.DLL
0x00007ffdfb820000 - 0x00007ffdfb854000 	C:\WINDOWS\SYSTEM32\dbgcore.DLL
0x00007ffe13970000 - 0x00007ffe139f2000 	C:\WINDOWS\System32\bcryptPrimitives.dll
0x00007ffdf4290000 - 0x00007ffdf429e000 	C:\Program Files\Eclipse Adoptium\jdk-17.0.18.8-hotspot\bin\instrument.dll
0x00007ffdf3d60000 - 0x00007ffdf3d85000 	C:\Program Files\Eclipse Adoptium\jdk-17.0.18.8-hotspot\bin\java.dll
0x00007ffdf1eb0000 - 0x00007ffdf1f87000 	C:\Program Files\Eclipse Adoptium\jdk-17.0.18.8-hotspot\bin\jsvml.dll
0x00007ffe148a0000 - 0x00007ffe15010000 	C:\WINDOWS\System32\SHELL32.dll
0x00007ffe10bb0000 - 0x00007ffe11355000 	C:\WINDOWS\SYSTEM32\windows.storage.dll
0x00007ffe15a20000 - 0x00007ffe15d74000 	C:\WINDOWS\System32\combase.dll
0x00007ffe12f40000 - 0x00007ffe12f6b000 	C:\WINDOWS\SYSTEM32\Wldp.dll
0x00007ffe15410000 - 0x00007ffe154dd000 	C:\WINDOWS\System32\OLEAUT32.dll
0x00007ffe15150000 - 0x00007ffe151fd000 	C:\WINDOWS\System32\SHCORE.dll
0x00007ffe157a0000 - 0x00007ffe157fb000 	C:\WINDOWS\System32\shlwapi.dll
0x00007ffe13590000 - 0x00007ffe135b4000 	C:\WINDOWS\SYSTEM32\profapi.dll
0x00007ffdf3f80000 - 0x00007ffdf3f98000 	C:\Program Files\Eclipse Adoptium\jdk-17.0.18.8-hotspot\bin\zip.dll
0x00007ffdf5cc0000 - 0x00007ffdf5cda000 	C:\Program Files\Eclipse Adoptium\jdk-17.0.18.8-hotspot\bin\net.dll
0x00007ffe08ef0000 - 0x00007ffe08ffa000 	C:\WINDOWS\SYSTEM32\WINHTTP.dll
0x00007ffe12d20000 - 0x00007ffe12d8a000 	C:\WINDOWS\system32\mswsock.dll
0x00007ffdf5ca0000 - 0x00007ffdf5cb6000 	C:\Program Files\Eclipse Adoptium\jdk-17.0.18.8-hotspot\bin\nio.dll
0x00007ffe0d350000 - 0x00007ffe0d360000 	C:\Program Files\Eclipse Adoptium\jdk-17.0.18.8-hotspot\bin\verify.dll
0x00007ffdf3d90000 - 0x00007ffdf3db7000 	D:\gradle-cache\native\c067742578af261105cb4f569cf0c3c89f3d7b1fecec35dd04571415982c5e48\windows-amd64\native-platform.dll
0x00007ffdc73d0000 - 0x00007ffdc7514000 	D:\gradle-cache\native\100fb08df4bc3b14c8652ba06237920a3bd2aa13389f12d3474272988ae205f9\windows-amd64\native-platform-file-events.dll
0x00007ffdf5aa0000 - 0x00007ffdf5aaa000 	C:\Program Files\Eclipse Adoptium\jdk-17.0.18.8-hotspot\bin\management.dll
0x00007ffdf4300000 - 0x00007ffdf430c000 	C:\Program Files\Eclipse Adoptium\jdk-17.0.18.8-hotspot\bin\management_ext.dll
0x00007ffe15800000 - 0x00007ffe15808000 	C:\WINDOWS\System32\PSAPI.DLL
0x00007ffe12f80000 - 0x00007ffe12f98000 	C:\WINDOWS\SYSTEM32\CRYPTSP.dll
0x00007ffe125f0000 - 0x00007ffe12628000 	C:\WINDOWS\system32\rsaenh.dll
0x00007ffe13510000 - 0x00007ffe1353e000 	C:\WINDOWS\SYSTEM32\USERENV.dll
0x00007ffe12eb0000 - 0x00007ffe12ebc000 	C:\WINDOWS\SYSTEM32\CRYPTBASE.dll
0x00007ffe129b0000 - 0x00007ffe129eb000 	C:\WINDOWS\SYSTEM32\IPHLPAPI.DLL
0x00007ffe14860000 - 0x00007ffe14868000 	C:\WINDOWS\System32\NSI.dll
0x00007ffe08e40000 - 0x00007ffe08e57000 	C:\WINDOWS\SYSTEM32\dhcpcsvc6.DLL
0x00007ffe08df0000 - 0x00007ffe08e0d000 	C:\WINDOWS\SYSTEM32\dhcpcsvc.DLL
0x00007ffe129f0000 - 0x00007ffe12aba000 	C:\WINDOWS\SYSTEM32\DNSAPI.dll
0x00007ffdf41e0000 - 0x00007ffdf41e9000 	C:\Program Files\Eclipse Adoptium\jdk-17.0.18.8-hotspot\bin\extnet.dll
0x00007ffdf3e60000 - 0x00007ffdf3e6e000 	C:\Program Files\Eclipse Adoptium\jdk-17.0.18.8-hotspot\bin\sunmscapi.dll
0x00007ffe13d80000 - 0x00007ffe13edd000 	C:\WINDOWS\System32\CRYPT32.dll
0x00007ffe13090000 - 0x00007ffe130b7000 	C:\WINDOWS\SYSTEM32\ncrypt.dll
0x00007ffe13050000 - 0x00007ffe1308b000 	C:\WINDOWS\SYSTEM32\NTASN1.dll
0x00007ffe007e0000 - 0x00007ffe007e7000 	C:\WINDOWS\system32\wshunix.dll
0x00007ffe0d390000 - 0x00007ffe0d3a7000 	C:\WINDOWS\system32\napinsp.dll
0x00007ffe0ca10000 - 0x00007ffe0ca2b000 	C:\WINDOWS\system32\pnrpnsp.dll
0x00007ffe0dba0000 - 0x00007ffe0dbbd000 	C:\WINDOWS\system32\wshbth.dll
0x00007ffe0d950000 - 0x00007ffe0d96d000 	C:\WINDOWS\system32\NLAapi.dll
0x00007ffe01520000 - 0x00007ffe01532000 	C:\WINDOWS\System32\winrnr.dll
0x00007ffe0ba80000 - 0x00007ffe0ba8a000 	C:\Windows\System32\rasadhlp.dll
0x00007ffe08820000 - 0x00007ffe088a0000 	C:\WINDOWS\System32\fwpuclnt.dll

dbghelp: loaded successfully - version: 4.0.5 - missing functions: none
symbol engine: initialized successfully - sym options: 0x614 - pdb path: .;C:\Program Files\Eclipse Adoptium\jdk-17.0.18.8-hotspot\bin;C:\WINDOWS\SYSTEM32;C:\WINDOWS\WinSxS\amd64_microsoft.windows.common-controls_6595b64144ccf1df_6.0.19041.6456_none_60b8a6cb71f64256;C:\Program Files\Eclipse Adoptium\jdk-17.0.18.8-hotspot\bin\server;D:\gradle-cache\native\c067742578af261105cb4f569cf0c3c89f3d7b1fecec35dd04571415982c5e48\windows-amd64;D:\gradle-cache\native\100fb08df4bc3b14c8652ba06237920a3bd2aa13389f12d3474272988ae205f9\windows-amd64

VM Arguments:
jvm_args: -XX:MaxMetaspaceSize=512m --add-opens=java.base/java.util=ALL-UNNAMED --add-opens=java.base/java.lang=ALL-UNNAMED --add-opens=java.base/java.lang.invoke=ALL-UNNAMED --add-opens=java.prefs/java.util.prefs=ALL-UNNAMED --add-exports=jdk.compiler/com.sun.tools.javac.api=ALL-UNNAMED --add-exports=jdk.compiler/com.sun.tools.javac.util=ALL-UNNAMED --add-opens=java.base/java.nio.charset=ALL-UNNAMED --add-opens=java.base/java.net=ALL-UNNAMED --add-opens=java.base/java.util.concurrent.atomic=ALL-UNNAMED -Xmx2048m -Dfile.encoding=windows-1252 -Duser.country=US -Duser.language=en -Duser.variant -javaagent:D:\gradle-cache\wrapper\dists\gradle-8.10.2-all\7iv73wktx1xtkvlq19urqw1wm\gradle-8.10.2\lib\agents\gradle-instrumentation-agent-8.10.2.jar 
java_command: org.gradle.launcher.daemon.bootstrap.GradleDaemon 8.10.2
java_class_path (initial): D:\gradle-cache\wrapper\dists\gradle-8.10.2-all\7iv73wktx1xtkvlq19urqw1wm\gradle-8.10.2\lib\gradle-daemon-main-8.10.2.jar
Launcher Type: SUN_STANDARD

[Global flags]
     intx CICompilerCount                          = 3                                         {product} {ergonomic}
   size_t CompressedClassSpaceSize                 = 436207616                                 {product} {ergonomic}
     uint ConcGCThreads                            = 1                                         {product} {ergonomic}
     uint G1ConcRefinementThreads                  = 4                                         {product} {ergonomic}
   size_t G1HeapRegionSize                         = 1048576                                   {product} {ergonomic}
    uintx GCDrainStackTargetSize                   = 64                                        {product} {ergonomic}
   size_t InitialHeapSize                          = 132120576                                 {product} {ergonomic}
   size_t MarkStackSize                            = 4194304                                   {product} {ergonomic}
   size_t MaxHeapSize                              = 2147483648                                {product} {command line}
   size_t MaxMetaspaceSize                         = 536870912                                 {product} {command line}
   size_t MaxNewSize                               = 1287651328                                {product} {ergonomic}
   size_t MinHeapDeltaBytes                        = 1048576                                   {product} {ergonomic}
   size_t MinHeapSize                              = 8388608                                   {product} {ergonomic}
    uintx NonNMethodCodeHeapSize                   = 5832780                                {pd product} {ergonomic}
    uintx NonProfiledCodeHeapSize                  = 122912730                              {pd product} {ergonomic}
    uintx ProfiledCodeHeapSize                     = 122912730                              {pd product} {ergonomic}
    uintx ReservedCodeCacheSize                    = 251658240                              {pd product} {ergonomic}
     bool SegmentedCodeCache                       = true                                      {product} {ergonomic}
   size_t SoftMaxHeapSize                          = 2147483648                             {manageable} {ergonomic}
     bool UseCompressedClassPointers               = true                           {product lp64_product} {ergonomic}
     bool UseCompressedOops                        = true                           {product lp64_product} {ergonomic}
     bool UseG1GC                                  = true                                      {product} {ergonomic}
     bool UseLargePagesIndividualAllocation        = false                                  {pd product} {ergonomic}

Logging:
Log output configuration:
 #0: stdout all=warning uptime,level,tags
 #1: stderr all=off uptime,level,tags

Environment Variables:
JAVA_HOME=C:\Program Files\Eclipse Adoptium\jdk-17.0.18.8-hotspot
CLASSPATH=E:\varxus\app\h\GlassMarket\android\\gradle\wrapper\gradle-wrapper.jar
PATH=E:\varxus\app\h\GlassMarket\node_modules\.bin;E:\varxus\app\h\GlassMarket\node_modules\.bin;E:\varxus\app\h\node_modules\.bin;E:\varxus\app\node_modules\.bin;E:\varxus\node_modules\.bin;E:\node_modules\.bin;C:\Users\Sajeel Ahmad\AppData\Roaming\npm\node_modules\npm\node_modules\@npmcli\run-script\lib\node-gyp-bin;C:\Program Files\Eclipse Adoptium\jdk-17.0.18.8-hotspot\bin;C:\Users\Sajeel Ahmad\AppData\Roaming\npm;C:\Users\Sajeel Ahmad\AppData\Roaming\npm;C:\Program Files\nodejs\;C:\Users\Sajeel Ahmad\AppData\Roaming\npm;C:\Program Files\nodejs\;C:\Program Files\Java\jdk-26\bin;D:\Android\Sdk\platform-tools;D:\Android\Sdk\emulator;C:\WINDOWS\system32;C:\WINDOWS;C:\WINDOWS\System32\Wbem;C:\WINDOWS\System32\WindowsPowerShell\v1.0\;C:\WINDOWS\System32\OpenSSH\;C:\Program Files\Git\cmd;C:\Program Files\PostgreSQL\16\bin;C:\Program Files\dotnet\;C:\Program Files\nodejs\;C:\Program Files\PuTTY\;C:\Users\Sajeel Ahmad\AppData\Local\Microsoft\WindowsApps;C:\Users\Sajeel Ahmad\AppData\Local\Programs\Microsoft VS Code\bin;C:\Users\Sajeel Ahmad\AppData\Roaming\npm;C:\Users\Sajeel Ahmad\AppData\Local\Programs\cursor\resources\app\bin;C:\Program Files\Java\jdk-17\bin;D:\Android\Sdk\platform-tools;D:\Android\Sdk\emulator;C:\Users\Sajeel Ahmad\AppData\Local\Microsoft\WindowsApps;;C:\Users\Sajeel Ahmad\AppData\Local\Programs\Microsoft VS Code\bin;C:\Users\Sajeel Ahmad\AppData\Roaming\npm;D:\Users\Sajeel Ahmad\cursor\resources\app\bin
USERNAME=Sajeel Ahmad
OS=Windows_NT
PROCESSOR_IDENTIFIER=Intel64 Family 6 Model 78 Stepping 3, GenuineIntel
TMP=C:\Users\SAJEEL~1\AppData\Local\Temp
TEMP=C:\Users\SAJEEL~1\AppData\Local\Temp



Periodic native trim disabled


---------------  S Y S T E M  ---------------

OS:
 Windows 10 , 64 bit Build 19041 (10.0.19041.5915)
OS uptime: 2 days 18:45 hours
Hyper-V role detected

CPU: total 4 (initial active 4) (2 cores per cpu, 2 threads per core) family 6 model 78 stepping 3 microcode 0xcc, cx8, cmov, fxsr, ht, mmx, 3dnowpref, sse, sse2, sse3, ssse3, sse4.1, sse4.2, popcnt, lzcnt, tsc, tscinvbit, avx, avx2, aes, erms, clmul, bmi1, bmi2, rtm, adx, fma, vzeroupper, clflush, clflushopt, hv
Processor Information for all 4 processors :
  Max Mhz: 2496, Current Mhz: 798, Mhz Limit: 798

Memory: 4k page, system-wide physical 8058M (463M free)
TotalPageFile size 15273M (AvailPageFile size 5M)
current process WorkingSet (physical memory assigned to process): 466M, peak: 468M
current process commit charge ("private bytes"): 508M, peak: 510M

vm_info: OpenJDK 64-Bit Server VM (17.0.18+8) for windows-amd64 JRE (17.0.18+8), built on Jan 20 2026 22:28:22 by "admin" with MS VC++ 17.12 (VS2022)

END.
