#
# There is insufficient memory for the Java Runtime Environment to continue.
# Native memory allocation (malloc) failed to allocate 32744 bytes. Error detail: ChunkPool::allocate
# Possible reasons:
#   The system is out of physical RAM or swap space
#   This process is running with CompressedOops enabled, and the Java Heap may be blocking the growth of the native heap
# Possible solutions:
#   Reduce memory load on the system
#   Increase physical memory or swap space
#   Check if swap backing store is full
#   Decrease Java heap size (-Xmx/-Xms)
#   Decrease number of Java threads
#   Decrease Java thread stack sizes (-Xss)
#   Set larger code cache with -XX:ReservedCodeCacheSize=
#   JVM is running with Unscaled Compressed Oops mode in which the Java heap is
#     placed in the first 4GB address space. The Java Heap base address is the
#     maximum limit for the native heap growth. Please use -XX:HeapBaseMinAddress
#     to set the Java Heap base and to place the Java Heap above 4GB virtual address.
# This output file may be truncated or incomplete.
#
#  Out of Memory Error (arena.cpp:79), pid=11388, tid=14964
#
# JRE version: OpenJDK Runtime Environment Temurin-17.0.18+8 (17.0.18+8) (build 17.0.18+8)
# Java VM: OpenJDK 64-Bit Server VM Temurin-17.0.18+8 (17.0.18+8, mixed mode, sharing, tiered, compressed oops, compressed class ptrs, g1 gc, windows-amd64)
# No core dump will be written. Minidumps are not enabled by default on client versions of Windows
#

---------------  S U M M A R Y ------------

Command Line: -Xmx64m -Xms64m -Dorg.gradle.appname=gradlew org.gradle.wrapper.GradleWrapperMain app:installDebug -PreactNativeDevServerPort=8081

Host: Intel(R) Core(TM) i5-6300U CPU @ 2.40GHz, 4 cores, 7G,  Windows 10 , 64 bit Build 19041 (10.0.19041.5915)
Time: Sat Apr  4 14:02:36 2026 Pakistan Standard Time elapsed time: 500.364287 seconds (0d 0h 8m 20s)

---------------  T H R E A D  ---------------

Current thread (0x0000023c9a3a5e90):  JavaThread "C2 CompilerThread0" daemon [_thread_in_native, id=14964, stack(0x000000fb08d00000,0x000000fb08e00000)]


Current CompileTask:
C2:500364 2164       4       java.lang.ThreadLocal$ThreadLocalMap::getEntry (42 bytes)

Stack: [0x000000fb08d00000,0x000000fb08e00000]
Native frames: (J=compiled Java code, j=interpreted, Vv=VM code, C=native code)
V  [jvm.dll+0x6846f9]
V  [jvm.dll+0x839ea5]
V  [jvm.dll+0x83b91e]
V  [jvm.dll+0x83bfa3]
V  [jvm.dll+0x248eff]
V  [jvm.dll+0xad69e]
V  [jvm.dll+0xadb3c]
V  [jvm.dll+0x2a5cb3]
V  [jvm.dll+0x2a5a70]
V  [jvm.dll+0x7fe9ca]
V  [jvm.dll+0x34e9b1]
V  [jvm.dll+0x1a82ab]
V  [jvm.dll+0x2af83c]
V  [jvm.dll+0x69cbbf]
V  [jvm.dll+0x694b99]
V  [jvm.dll+0x69440b]
V  [jvm.dll+0x6921b7]
V  [jvm.dll+0x1a781c]
V  [jvm.dll+0x218dc9]
V  [jvm.dll+0x1a4920]
V  [jvm.dll+0x22989a]
V  [jvm.dll+0x227a4b]
V  [jvm.dll+0x7f0658]
V  [jvm.dll+0x7eaaec]
V  [jvm.dll+0x6835c7]
C  [ucrtbase.dll+0x21bb2]
C  [KERNEL32.DLL+0x17374]
C  [ntdll.dll+0x4cc91]


---------------  P R O C E S S  ---------------

Threads class SMR info:
_java_thread_list=0x0000023cf9959790, length=13, elements={
0x0000023c9a2f2540, 0x0000023c9a384980, 0x0000023c9a385710, 0x0000023c9a39ce50,
0x0000023c9a3a0b40, 0x0000023c9a3a1410, 0x0000023c9a3a1ce0, 0x0000023c9a3a5e90,
0x0000023cb34c6040, 0x0000023cb34c6950, 0x0000023cb3702120, 0x0000023cb3704a60,
0x0000023cf97fd350
}

Java Threads: ( => current thread )
  0x0000023c9a2f2540 JavaThread "main" [_thread_in_native, id=13780, stack(0x000000fb08000000,0x000000fb08100000)]
  0x0000023c9a384980 JavaThread "Reference Handler" daemon [_thread_blocked, id=15336, stack(0x000000fb08700000,0x000000fb08800000)]
  0x0000023c9a385710 JavaThread "Finalizer" daemon [_thread_blocked, id=13984, stack(0x000000fb08800000,0x000000fb08900000)]
  0x0000023c9a39ce50 JavaThread "Signal Dispatcher" daemon [_thread_blocked, id=16636, stack(0x000000fb08900000,0x000000fb08a00000)]
  0x0000023c9a3a0b40 JavaThread "Attach Listener" daemon [_thread_blocked, id=15316, stack(0x000000fb08a00000,0x000000fb08b00000)]
  0x0000023c9a3a1410 JavaThread "Service Thread" daemon [_thread_blocked, id=17328, stack(0x000000fb08b00000,0x000000fb08c00000)]
  0x0000023c9a3a1ce0 JavaThread "Monitor Deflation Thread" daemon [_thread_blocked, id=15012, stack(0x000000fb08c00000,0x000000fb08d00000)]
=>0x0000023c9a3a5e90 JavaThread "C2 CompilerThread0" daemon [_thread_in_native, id=14964, stack(0x000000fb08d00000,0x000000fb08e00000)]
  0x0000023cb34c6040 JavaThread "C1 CompilerThread0" daemon [_thread_blocked, id=6576, stack(0x000000fb08e00000,0x000000fb08f00000)]
  0x0000023cb34c6950 JavaThread "Sweeper thread" daemon [_thread_blocked, id=6436, stack(0x000000fb08f00000,0x000000fb09000000)]
  0x0000023cb3702120 JavaThread "Notification Thread" daemon [_thread_blocked, id=17256, stack(0x000000fb09000000,0x000000fb09100000)]
  0x0000023cb3704a60 JavaThread "Common-Cleaner" daemon [_thread_blocked, id=1132, stack(0x000000fb09200000,0x000000fb09300000)]
  0x0000023cf97fd350 JavaThread "pool-1-thread-1" [_thread_in_native, id=2900, stack(0x000000fb09700000,0x000000fb09800000)]

Other Threads:
  0x0000023c9a37ffd0 VMThread "VM Thread" [stack: 0x000000fb08600000,0x000000fb08700000] [id=11508]
  0x0000023cb3704610 WatcherThread [stack: 0x000000fb09100000,0x000000fb09200000] [id=10300]
  0x0000023c9a310420 GCTaskThread "GC Thread#0" [stack: 0x000000fb08100000,0x000000fb08200000] [id=14880]
  0x0000023cb3a3bee0 GCTaskThread "GC Thread#1" [stack: 0x000000fb09300000,0x000000fb09400000] [id=14376]
  0x0000023cb3a5c340 GCTaskThread "GC Thread#2" [stack: 0x000000fb09400000,0x000000fb09500000] [id=9308]
  0x0000023cb3a5c600 GCTaskThread "GC Thread#3" [stack: 0x000000fb09500000,0x000000fb09600000] [id=16176]
  0x0000023c9a312a90 ConcurrentGCThread "G1 Main Marker" [stack: 0x000000fb08200000,0x000000fb08300000] [id=16100]
  0x0000023c9a313b60 ConcurrentGCThread "G1 Conc#0" [stack: 0x000000fb08300000,0x000000fb08400000] [id=7040]
  0x0000023c9a363b10 ConcurrentGCThread "G1 Refine#0" [stack: 0x000000fb08400000,0x000000fb08500000] [id=2792]
  0x0000023c9a364450 ConcurrentGCThread "G1 Service" [stack: 0x000000fb08500000,0x000000fb08600000] [id=15504]

Threads with active compile tasks:
C2 CompilerThread0  500516 2164       4       java.lang.ThreadLocal$ThreadLocalMap::getEntry (42 bytes)

VM state: not at safepoint (normal execution)

VM Mutex/Monitor currently owned by a thread: None

Heap address: 0x00000000fc000000, size: 64 MB, Compressed Oops mode: 32-bit

CDS archive(s) mapped at: [0x0000023cb4000000-0x0000023cb4bb0000-0x0000023cb4bb0000), size 12255232, SharedBaseAddress: 0x0000023cb4000000, ArchiveRelocationMode: 1.
Compressed class space mapped at: 0x0000023cb5000000-0x0000023cf5000000, reserved size: 1073741824
Narrow klass base: 0x0000023cb4000000, Narrow klass shift: 0, Narrow klass range: 0x100000000

GC Precious Log:
 CPUs: 4 total, 4 available
 Memory: 8058M
 Large Page Support: Disabled
 NUMA Support: Disabled
 Compressed Oops: Enabled (32-bit)
 Heap Region Size: 1M
 Heap Min Capacity: 64M
 Heap Initial Capacity: 64M
 Heap Max Capacity: 64M
 Pre-touch: Disabled
 Parallel Workers: 4
 Concurrent Workers: 1
 Concurrent Refinement Workers: 4
 Periodic GC: Disabled

Heap:
 garbage-first heap   total 65536K, used 23271K [0x00000000fc000000, 0x0000000100000000)
  region size 1024K, 16 young (16384K), 5 survivors (5120K)
 Metaspace       used 10822K, committed 10944K, reserved 1114112K
  class space    used 1397K, committed 1472K, reserved 1048576K

Heap Regions: E=young(eden), S=young(survivor), O=old, HS=humongous(starts), HC=humongous(continues), CS=collection set, F=free, OA=open archive, CA=closed archive, TAMS=top-at-mark-start (previous, next)
|   0|0x00000000fc000000, 0x00000000fc100000, 0x00000000fc100000|100%|HS|  |TAMS 0x00000000fc000000, 0x00000000fc000000| Complete 
|   1|0x00000000fc100000, 0x00000000fc200000, 0x00000000fc200000|100%|HC|  |TAMS 0x00000000fc100000, 0x00000000fc100000| Complete 
|   2|0x00000000fc200000, 0x00000000fc300000, 0x00000000fc300000|100%|HC|  |TAMS 0x00000000fc200000, 0x00000000fc200000| Complete 
|   3|0x00000000fc300000, 0x00000000fc400000, 0x00000000fc400000|100%|HC|  |TAMS 0x00000000fc300000, 0x00000000fc300000| Complete 
|   4|0x00000000fc400000, 0x00000000fc500000, 0x00000000fc500000|100%| O|  |TAMS 0x00000000fc400000, 0x00000000fc400000| Untracked 
|   5|0x00000000fc500000, 0x00000000fc600000, 0x00000000fc600000|100%| O|  |TAMS 0x00000000fc500000, 0x00000000fc500000| Untracked 
|   6|0x00000000fc600000, 0x00000000fc700000, 0x00000000fc700000|100%| O|  |TAMS 0x00000000fc600000, 0x00000000fc600000| Untracked 
|   7|0x00000000fc700000, 0x00000000fc800000, 0x00000000fc800000|100%| O|  |TAMS 0x00000000fc700000, 0x00000000fc700000| Untracked 
|   8|0x00000000fc800000, 0x00000000fc87e200, 0x00000000fc900000| 49%| O|  |TAMS 0x00000000fc800000, 0x00000000fc800000| Untracked 
|   9|0x00000000fc900000, 0x00000000fc900000, 0x00000000fca00000|  0%| F|  |TAMS 0x00000000fc900000, 0x00000000fc900000| Untracked 
|  10|0x00000000fca00000, 0x00000000fca00000, 0x00000000fcb00000|  0%| F|  |TAMS 0x00000000fca00000, 0x00000000fca00000| Untracked 
|  11|0x00000000fcb00000, 0x00000000fcb00000, 0x00000000fcc00000|  0%| F|  |TAMS 0x00000000fcb00000, 0x00000000fcb00000| Untracked 
|  12|0x00000000fcc00000, 0x00000000fcc00000, 0x00000000fcd00000|  0%| F|  |TAMS 0x00000000fcc00000, 0x00000000fcc00000| Untracked 
|  13|0x00000000fcd00000, 0x00000000fcd00000, 0x00000000fce00000|  0%| F|  |TAMS 0x00000000fcd00000, 0x00000000fcd00000| Untracked 
|  14|0x00000000fce00000, 0x00000000fce00000, 0x00000000fcf00000|  0%| F|  |TAMS 0x00000000fce00000, 0x00000000fce00000| Untracked 
|  15|0x00000000fcf00000, 0x00000000fcf00000, 0x00000000fd000000|  0%| F|  |TAMS 0x00000000fcf00000, 0x00000000fcf00000| Untracked 
|  16|0x00000000fd000000, 0x00000000fd000000, 0x00000000fd100000|  0%| F|  |TAMS 0x00000000fd000000, 0x00000000fd000000| Untracked 
|  17|0x00000000fd100000, 0x00000000fd100000, 0x00000000fd200000|  0%| F|  |TAMS 0x00000000fd100000, 0x00000000fd100000| Untracked 
|  18|0x00000000fd200000, 0x00000000fd200000, 0x00000000fd300000|  0%| F|  |TAMS 0x00000000fd200000, 0x00000000fd200000| Untracked 
|  19|0x00000000fd300000, 0x00000000fd300000, 0x00000000fd400000|  0%| F|  |TAMS 0x00000000fd300000, 0x00000000fd300000| Untracked 
|  20|0x00000000fd400000, 0x00000000fd400000, 0x00000000fd500000|  0%| F|  |TAMS 0x00000000fd400000, 0x00000000fd400000| Untracked 
|  21|0x00000000fd500000, 0x00000000fd53bb80, 0x00000000fd600000| 23%| S|CS|TAMS 0x00000000fd500000, 0x00000000fd500000| Complete 
|  22|0x00000000fd600000, 0x00000000fd700000, 0x00000000fd700000|100%| S|CS|TAMS 0x00000000fd600000, 0x00000000fd600000| Complete 
|  23|0x00000000fd700000, 0x00000000fd800000, 0x00000000fd800000|100%| S|CS|TAMS 0x00000000fd700000, 0x00000000fd700000| Complete 
|  24|0x00000000fd800000, 0x00000000fd900000, 0x00000000fd900000|100%| S|CS|TAMS 0x00000000fd800000, 0x00000000fd800000| Complete 
|  25|0x00000000fd900000, 0x00000000fda00000, 0x00000000fda00000|100%| S|CS|TAMS 0x00000000fd900000, 0x00000000fd900000| Complete 
|  26|0x00000000fda00000, 0x00000000fda00000, 0x00000000fdb00000|  0%| F|  |TAMS 0x00000000fda00000, 0x00000000fda00000| Untracked 
|  27|0x00000000fdb00000, 0x00000000fdb00000, 0x00000000fdc00000|  0%| F|  |TAMS 0x00000000fdb00000, 0x00000000fdb00000| Untracked 
|  28|0x00000000fdc00000, 0x00000000fdc00000, 0x00000000fdd00000|  0%| F|  |TAMS 0x00000000fdc00000, 0x00000000fdc00000| Untracked 
|  29|0x00000000fdd00000, 0x00000000fdd00000, 0x00000000fde00000|  0%| F|  |TAMS 0x00000000fdd00000, 0x00000000fdd00000| Untracked 
|  30|0x00000000fde00000, 0x00000000fde00000, 0x00000000fdf00000|  0%| F|  |TAMS 0x00000000fde00000, 0x00000000fde00000| Untracked 
|  31|0x00000000fdf00000, 0x00000000fdf00000, 0x00000000fe000000|  0%| F|  |TAMS 0x00000000fdf00000, 0x00000000fdf00000| Untracked 
|  32|0x00000000fe000000, 0x00000000fe000000, 0x00000000fe100000|  0%| F|  |TAMS 0x00000000fe000000, 0x00000000fe000000| Untracked 
|  33|0x00000000fe100000, 0x00000000fe100000, 0x00000000fe200000|  0%| F|  |TAMS 0x00000000fe100000, 0x00000000fe100000| Untracked 
|  34|0x00000000fe200000, 0x00000000fe200000, 0x00000000fe300000|  0%| F|  |TAMS 0x00000000fe200000, 0x00000000fe200000| Untracked 
|  35|0x00000000fe300000, 0x00000000fe300000, 0x00000000fe400000|  0%| F|  |TAMS 0x00000000fe300000, 0x00000000fe300000| Untracked 
|  36|0x00000000fe400000, 0x00000000fe400000, 0x00000000fe500000|  0%| F|  |TAMS 0x00000000fe400000, 0x00000000fe400000| Untracked 
|  37|0x00000000fe500000, 0x00000000fe500000, 0x00000000fe600000|  0%| F|  |TAMS 0x00000000fe500000, 0x00000000fe500000| Untracked 
|  38|0x00000000fe600000, 0x00000000fe600000, 0x00000000fe700000|  0%| F|  |TAMS 0x00000000fe600000, 0x00000000fe600000| Untracked 
|  39|0x00000000fe700000, 0x00000000fe700000, 0x00000000fe800000|  0%| F|  |TAMS 0x00000000fe700000, 0x00000000fe700000| Untracked 
|  40|0x00000000fe800000, 0x00000000fe800000, 0x00000000fe900000|  0%| F|  |TAMS 0x00000000fe800000, 0x00000000fe800000| Untracked 
|  41|0x00000000fe900000, 0x00000000fe900000, 0x00000000fea00000|  0%| F|  |TAMS 0x00000000fe900000, 0x00000000fe900000| Untracked 
|  42|0x00000000fea00000, 0x00000000fea00000, 0x00000000feb00000|  0%| F|  |TAMS 0x00000000fea00000, 0x00000000fea00000| Untracked 
|  43|0x00000000feb00000, 0x00000000feb00000, 0x00000000fec00000|  0%| F|  |TAMS 0x00000000feb00000, 0x00000000feb00000| Untracked 
|  44|0x00000000fec00000, 0x00000000fec00000, 0x00000000fed00000|  0%| F|  |TAMS 0x00000000fec00000, 0x00000000fec00000| Untracked 
|  45|0x00000000fed00000, 0x00000000fed00000, 0x00000000fee00000|  0%| F|  |TAMS 0x00000000fed00000, 0x00000000fed00000| Untracked 
|  46|0x00000000fee00000, 0x00000000fee00000, 0x00000000fef00000|  0%| F|  |TAMS 0x00000000fee00000, 0x00000000fee00000| Untracked 
|  47|0x00000000fef00000, 0x00000000fef00000, 0x00000000ff000000|  0%| F|  |TAMS 0x00000000fef00000, 0x00000000fef00000| Untracked 
|  48|0x00000000ff000000, 0x00000000ff000000, 0x00000000ff100000|  0%| F|  |TAMS 0x00000000ff000000, 0x00000000ff000000| Untracked 
|  49|0x00000000ff100000, 0x00000000ff100000, 0x00000000ff200000|  0%| F|  |TAMS 0x00000000ff100000, 0x00000000ff100000| Untracked 
|  50|0x00000000ff200000, 0x00000000ff200000, 0x00000000ff300000|  0%| F|  |TAMS 0x00000000ff200000, 0x00000000ff200000| Untracked 
|  51|0x00000000ff300000, 0x00000000ff300000, 0x00000000ff400000|  0%| F|  |TAMS 0x00000000ff300000, 0x00000000ff300000| Untracked 
|  52|0x00000000ff400000, 0x00000000ff400000, 0x00000000ff500000|  0%| F|  |TAMS 0x00000000ff400000, 0x00000000ff400000| Untracked 
|  53|0x00000000ff500000, 0x00000000ff567220, 0x00000000ff600000| 40%| E|  |TAMS 0x00000000ff500000, 0x00000000ff500000| Complete 
|  54|0x00000000ff600000, 0x00000000ff700000, 0x00000000ff700000|100%| E|CS|TAMS 0x00000000ff600000, 0x00000000ff600000| Complete 
|  55|0x00000000ff700000, 0x00000000ff800000, 0x00000000ff800000|100%| E|CS|TAMS 0x00000000ff700000, 0x00000000ff700000| Complete 
|  56|0x00000000ff800000, 0x00000000ff900000, 0x00000000ff900000|100%| E|CS|TAMS 0x00000000ff800000, 0x00000000ff800000| Complete 
|  57|0x00000000ff900000, 0x00000000ffa00000, 0x00000000ffa00000|100%| E|CS|TAMS 0x00000000ff900000, 0x00000000ff900000| Complete 
|  58|0x00000000ffa00000, 0x00000000ffb00000, 0x00000000ffb00000|100%| E|CS|TAMS 0x00000000ffa00000, 0x00000000ffa00000| Complete 
|  59|0x00000000ffb00000, 0x00000000ffc00000, 0x00000000ffc00000|100%| E|CS|TAMS 0x00000000ffb00000, 0x00000000ffb00000| Complete 
|  60|0x00000000ffc00000, 0x00000000ffd00000, 0x00000000ffd00000|100%| E|CS|TAMS 0x00000000ffc00000, 0x00000000ffc00000| Complete 
|  61|0x00000000ffd00000, 0x00000000ffe00000, 0x00000000ffe00000|100%| E|CS|TAMS 0x00000000ffd00000, 0x00000000ffd00000| Complete 
|  62|0x00000000ffe00000, 0x00000000fff00000, 0x00000000fff00000|100%| E|CS|TAMS 0x00000000ffe00000, 0x00000000ffe00000| Complete 
|  63|0x00000000fff00000, 0x0000000100000000, 0x0000000100000000|100%| E|CS|TAMS 0x00000000fff00000, 0x00000000fff00000| Complete 

Card table byte_map: [0x0000023c9a0e0000,0x0000023c9a100000] _byte_map_base: 0x0000023c99900000

Marking Bits (Prev, Next): (CMBitMap*) 0x0000023c9a311960, (CMBitMap*) 0x0000023c9a3119a0
 Prev Bits: [0x0000023c9a120000, 0x0000023c9a220000)
 Next Bits: [0x0000023cb0e60000, 0x0000023cb0f60000)

Polling page: 0x0000023c982b0000

Metaspace:

Usage:
  Non-class:      9.20 MB used.
      Class:      1.36 MB used.
       Both:     10.57 MB used.

Virtual space:
  Non-class space:       64.00 MB reserved,       9.25 MB ( 14%) committed,  1 nodes.
      Class space:        1.00 GB reserved,       1.44 MB ( <1%) committed,  1 nodes.
             Both:        1.06 GB reserved,      10.69 MB ( <1%) committed. 

Chunk freelists:
   Non-Class:  5.94 MB
       Class:  14.51 MB
        Both:  20.45 MB

MaxMetaspaceSize: unlimited
CompressedClassSpaceSize: 1.00 GB
Initial GC threshold: 21.00 MB
Current GC threshold: 21.00 MB
CDS: on
MetaspaceReclaimPolicy: balanced
 - commit_granule_bytes: 65536.
 - commit_granule_words: 8192.
 - virtual_space_node_default_size: 8388608.
 - enlarge_chunks_in_place: 1.
 - new_chunks_are_fully_committed: 0.
 - uncommit_free_chunks: 1.
 - use_allocation_guard: 0.
 - handle_deallocations: 1.


Internal statistics:

num_allocs_failed_limit: 0.
num_arena_births: 90.
num_arena_deaths: 0.
num_vsnodes_births: 2.
num_vsnodes_deaths: 0.
num_space_committed: 171.
num_space_uncommitted: 0.
num_chunks_returned_to_freelist: 0.
num_chunks_taken_from_freelist: 386.
num_chunk_merges: 0.
num_chunk_splits: 256.
num_chunks_enlarged: 212.
num_inconsistent_stats: 0.

CodeHeap 'non-profiled nmethods': size=120000Kb used=1250Kb max_used=1250Kb free=118749Kb
 bounds [0x0000023ca9930000, 0x0000023ca9ba0000, 0x0000023cb0e60000]
CodeHeap 'profiled nmethods': size=120000Kb used=4000Kb max_used=4000Kb free=115999Kb
 bounds [0x0000023ca1e60000, 0x0000023ca2250000, 0x0000023ca9390000]
CodeHeap 'non-nmethods': size=5760Kb used=1189Kb max_used=1261Kb free=4570Kb
 bounds [0x0000023ca9390000, 0x0000023ca9600000, 0x0000023ca9930000]
 total_blobs=2645 nmethods=2161 adapters=396
 compilation: enabled
              stopped_count=0, restarted_count=0
 full_count=0

Compilation events (20 events):
Event: 411.319 Thread 0x0000023c9a3a5e90 nmethod 2154 0x0000023ca9a62b90 code [0x0000023ca9a62d20, 0x0000023ca9a62df8]
Event: 411.688 Thread 0x0000023c9a3a5e90 2155       4       java.util.concurrent.locks.AbstractQueuedSynchronizer$ConditionObject::canReacquire (38 bytes)
Event: 411.689 Thread 0x0000023c9a3a5e90 nmethod 2155 0x0000023ca9a62f10 code [0x0000023ca9a630a0, 0x0000023ca9a63158]
Event: 454.519 Thread 0x0000023cb34c6040 2156       3       org.gradle.internal.logging.sink.GroupingProgressLogEventGenerator$OperationGroup::shouldPrintHeader (37 bytes)
Event: 454.520 Thread 0x0000023cb34c6040 nmethod 2156 0x0000023ca2244710 code [0x0000023ca22448e0, 0x0000023ca2244c08]
Event: 489.719 Thread 0x0000023c9a3a5e90 2157       4       java.util.concurrent.TimeUnit::toMillis (69 bytes)
Event: 489.720 Thread 0x0000023c9a3a5e90 nmethod 2157 0x0000023ca9a63210 code [0x0000023ca9a633a0, 0x0000023ca9a634b8]
Event: 489.729 Thread 0x0000023c9a3a5e90 2158       4       org.gradle.internal.logging.console.MultiLineBuildProgressArea::redraw (203 bytes)
Event: 489.817 Thread 0x0000023c9a3a5e90 nmethod 2158 0x0000023ca9a63590 code [0x0000023ca9a63900, 0x0000023ca9a651b8]
Event: 491.249 Thread 0x0000023c9a3a5e90 2159       4       org.gradle.internal.logging.sink.GroupingProgressLogEventGenerator::onUpdateNow (54 bytes)
Event: 491.297 Thread 0x0000023c9a3a5e90 nmethod 2159 0x0000023ca9a66b10 code [0x0000023ca9a66dc0, 0x0000023ca9a67a20]
Event: 492.519 Thread 0x0000023cb34c6040 2160       3       com.google.common.collect.Lists::reverse (59 bytes)
Event: 492.523 Thread 0x0000023cb34c6040 nmethod 2160 0x0000023ca2244d10 code [0x0000023ca2244fe0, 0x0000023ca2246458]
Event: 493.631 Thread 0x0000023cb34c6040 2161       3       java.util.ArrayList::listIterator (15 bytes)
Event: 493.632 Thread 0x0000023cb34c6040 nmethod 2161 0x0000023ca2246890 code [0x0000023ca2246a80, 0x0000023ca2246fb8]
Event: 493.632 Thread 0x0000023cb34c6040 2162       3       java.util.ArrayList$ListItr::<init> (16 bytes)
Event: 493.633 Thread 0x0000023cb34c6040 nmethod 2162 0x0000023ca2247190 code [0x0000023ca2247340, 0x0000023ca22475d8]
Event: 493.633 Thread 0x0000023cb34c6040 2163       3       org.gradle.internal.logging.console.DefaultColorMap$ForegroundColor::off (9 bytes)
Event: 493.634 Thread 0x0000023cb34c6040 nmethod 2163 0x0000023ca2247710 code [0x0000023ca2247900, 0x0000023ca2247f38]
Event: 500.347 Thread 0x0000023c9a3a5e90 2164       4       java.lang.ThreadLocal$ThreadLocalMap::getEntry (42 bytes)

GC Heap History (6 events):
Event: 1.863 GC heap before
{Heap before GC invocations=0 (full 0):
 garbage-first heap   total 65536K, used 12288K [0x00000000fc000000, 0x0000000100000000)
  region size 1024K, 13 young (13312K), 0 survivors (0K)
 Metaspace       used 1652K, committed 1792K, reserved 1114112K
  class space    used 156K, committed 192K, reserved 1048576K
}
Event: 1.871 GC heap after
{Heap after GC invocations=1 (full 0):
 garbage-first heap   total 65536K, used 1560K [0x00000000fc000000, 0x0000000100000000)
  region size 1024K, 2 young (2048K), 2 survivors (2048K)
 Metaspace       used 1652K, committed 1792K, reserved 1114112K
  class space    used 156K, committed 192K, reserved 1048576K
}
Event: 2.867 GC heap before
{Heap before GC invocations=1 (full 0):
 garbage-first heap   total 65536K, used 23064K [0x00000000fc000000, 0x0000000100000000)
  region size 1024K, 20 young (20480K), 2 survivors (2048K)
 Metaspace       used 3319K, committed 3392K, reserved 1114112K
  class space    used 388K, committed 448K, reserved 1048576K
}
Event: 2.876 GC heap after
{Heap after GC invocations=2 (full 0):
 garbage-first heap   total 65536K, used 10906K [0x00000000fc000000, 0x0000000100000000)
  region size 1024K, 3 young (3072K), 3 survivors (3072K)
 Metaspace       used 3319K, committed 3392K, reserved 1114112K
  class space    used 388K, committed 448K, reserved 1048576K
}
Event: 241.309 GC heap before
{Heap before GC invocations=2 (full 0):
 garbage-first heap   total 65536K, used 46746K [0x00000000fc000000, 0x0000000100000000)
  region size 1024K, 38 young (38912K), 3 survivors (3072K)
 Metaspace       used 10801K, committed 10944K, reserved 1114112K
  class space    used 1396K, committed 1472K, reserved 1048576K
}
Event: 241.320 GC heap after
{Heap after GC invocations=3 (full 0):
 garbage-first heap   total 65536K, used 13031K [0x00000000fc000000, 0x0000000100000000)
  region size 1024K, 5 young (5120K), 5 survivors (5120K)
 Metaspace       used 10801K, committed 10944K, reserved 1114112K
  class space    used 1396K, committed 1472K, reserved 1048576K
}

Dll operation events (13 events):
Event: 0.032 Loaded shared library C:\Program Files\Eclipse Adoptium\jdk-17.0.18.8-hotspot\bin\java.dll
Event: 0.059 Loaded shared library C:\Program Files\Eclipse Adoptium\jdk-17.0.18.8-hotspot\bin\jsvml.dll
Event: 0.196 Loaded shared library C:\Program Files\Eclipse Adoptium\jdk-17.0.18.8-hotspot\bin\net.dll
Event: 0.200 Loaded shared library C:\Program Files\Eclipse Adoptium\jdk-17.0.18.8-hotspot\bin\nio.dll
Event: 0.268 Loaded shared library C:\Program Files\Eclipse Adoptium\jdk-17.0.18.8-hotspot\bin\zip.dll
Event: 0.340 Loaded shared library C:\Program Files\Eclipse Adoptium\jdk-17.0.18.8-hotspot\bin\verify.dll
Event: 1.976 Loaded shared library C:\Program Files\Eclipse Adoptium\jdk-17.0.18.8-hotspot\bin\jimage.dll
Event: 3.144 Loaded shared library D:\gradle-cache\native\c067742578af261105cb4f569cf0c3c89f3d7b1fecec35dd04571415982c5e48\windows-amd64\native-platform.dll
Event: 3.193 Loaded shared library D:\gradle-cache\native\jansi\1.18\windows64\jansi.dll
Event: 3.638 Loaded shared library C:\Program Files\Eclipse Adoptium\jdk-17.0.18.8-hotspot\bin\management.dll
Event: 3.651 Loaded shared library C:\Program Files\Eclipse Adoptium\jdk-17.0.18.8-hotspot\bin\management_ext.dll
Event: 12.698 Loaded shared library C:\Program Files\Eclipse Adoptium\jdk-17.0.18.8-hotspot\bin\extnet.dll
Event: 12.819 Loaded shared library C:\Program Files\Eclipse Adoptium\jdk-17.0.18.8-hotspot\bin\sunmscapi.dll

Deoptimization events (20 events):
Event: 340.505 Thread 0x0000023c9a2f2540 DEOPT PACKING pc=0x0000023ca9a1c768 sp=0x000000fb080fcfd0
Event: 340.505 Thread 0x0000023c9a2f2540 DEOPT UNPACKING pc=0x0000023ca93e69a3 sp=0x000000fb080fcf70 mode 2
Event: 357.676 Thread 0x0000023c9a2f2540 Uncommon trap: trap_request=0xffffff45 fr.pc=0x0000023ca9a28708 relative=0x00000000000024a8
Event: 357.676 Thread 0x0000023c9a2f2540 Uncommon trap: reason=unstable_if action=reinterpret pc=0x0000023ca9a28708 method=org.gradle.internal.logging.sink.OutputEventTransformer.onOutput(Lorg/gradle/internal/logging/events/OutputEvent;)V @ 99 c2
Event: 357.676 Thread 0x0000023c9a2f2540 DEOPT PACKING pc=0x0000023ca9a28708 sp=0x000000fb080fd220
Event: 357.676 Thread 0x0000023c9a2f2540 DEOPT UNPACKING pc=0x0000023ca93e69a3 sp=0x000000fb080fd228 mode 2
Event: 358.079 Thread 0x0000023cf97fd350 Uncommon trap: trap_request=0xffffff45 fr.pc=0x0000023ca9a133b0 relative=0x0000000000005ad0
Event: 358.079 Thread 0x0000023cf97fd350 Uncommon trap: reason=unstable_if action=reinterpret pc=0x0000023ca9a133b0 method=org.gradle.internal.logging.console.BuildStatusRenderer.onOutput(Lorg/gradle/internal/logging/events/OutputEvent;)V @ 155 c2
Event: 358.079 Thread 0x0000023cf97fd350 DEOPT PACKING pc=0x0000023ca9a133b0 sp=0x000000fb097ff1d0
Event: 358.079 Thread 0x0000023cf97fd350 DEOPT UNPACKING pc=0x0000023ca93e69a3 sp=0x000000fb097ff220 mode 2
Event: 395.048 Thread 0x0000023cf97fd350 Uncommon trap: trap_request=0xffffff45 fr.pc=0x0000023ca9a0bf30 relative=0x0000000000000fd0
Event: 395.048 Thread 0x0000023cf97fd350 Uncommon trap: reason=unstable_if action=reinterpret pc=0x0000023ca9a0bf30 method=org.gradle.internal.logging.sink.GroupingProgressLogEventGenerator.onOutput(Lorg/gradle/internal/logging/events/OutputEvent;)V @ 22 c2
Event: 395.048 Thread 0x0000023cf97fd350 DEOPT PACKING pc=0x0000023ca9a0bf30 sp=0x000000fb097ff190
Event: 395.050 Thread 0x0000023cf97fd350 DEOPT UNPACKING pc=0x0000023ca93e69a3 sp=0x000000fb097ff0c8 mode 2
Event: 395.675 Thread 0x0000023c9a2f2540 DEOPT PACKING pc=0x0000023ca223b094 sp=0x000000fb080fd220
Event: 395.675 Thread 0x0000023c9a2f2540 DEOPT UNPACKING pc=0x0000023ca93e7143 sp=0x000000fb080fc698 mode 0
Event: 395.711 Thread 0x0000023cf97fd350 Uncommon trap: trap_request=0xffffff45 fr.pc=0x0000023ca9a05b20 relative=0x0000000000000080
Event: 395.711 Thread 0x0000023cf97fd350 Uncommon trap: reason=unstable_if action=reinterpret pc=0x0000023ca9a05b20 method=org.gradle.internal.operations.OperationIdentifier.equals(Ljava/lang/Object;)Z @ 2 c2
Event: 395.711 Thread 0x0000023cf97fd350 DEOPT PACKING pc=0x0000023ca9a05b20 sp=0x000000fb097ff020
Event: 395.711 Thread 0x0000023cf97fd350 DEOPT UNPACKING pc=0x0000023ca93e69a3 sp=0x000000fb097fefb0 mode 2

Classes loaded (20 events):
Event: 13.174 Loading class jdk/internal/logger/LoggerFinderLoader$TemporaryLoggerFinder
Event: 13.175 Loading class jdk/internal/logger/LoggerFinderLoader$TemporaryLoggerFinder done
Event: 13.175 Loading class sun/util/logging/internal/LoggingProviderImpl$JULWrapper
Event: 13.176 Loading class sun/util/logging/PlatformLogger$ConfigurableBridge$LoggerConfiguration
Event: 13.177 Loading class sun/util/logging/PlatformLogger$ConfigurableBridge$LoggerConfiguration done
Event: 13.177 Loading class sun/util/logging/internal/LoggingProviderImpl$JULWrapper done
Event: 13.178 Loading class java/io/ObjectInputFilter
Event: 13.178 Loading class java/io/ObjectInputFilter done
Event: 13.182 Loading class java/io/ObjectInputFilter$Config$BuiltinFilterFactory
Event: 13.182 Loading class java/io/ObjectInputFilter$Config$BuiltinFilterFactory done
Event: 13.182 Loading class jdk/internal/access/JavaObjectInputFilterAccess
Event: 13.182 Loading class jdk/internal/access/JavaObjectInputFilterAccess done
Event: 13.183 Loading class java/lang/System$Logger$Level
Event: 13.183 Loading class java/lang/System$Logger$Level done
Event: 13.183 Loading class java/io/Bits
Event: 13.183 Loading class java/io/Bits done
Event: 77.975 Loading class java/util/ArrayList$ListItr
Event: 77.975 Loading class java/util/ArrayList$ListItr done
Event: 241.128 Loading class jdk/internal/misc/ScopedMemoryAccess$Scope$Handle
Event: 241.130 Loading class jdk/internal/misc/ScopedMemoryAccess$Scope$Handle done

Classes unloaded (0 events):
No events

Classes redefined (0 events):
No events

Internal exceptions (20 events):
Event: 3.082 Thread 0x0000023c9a2f2540 Exception <a 'java/lang/NoSuchMethodError'{0x00000000ffde7308}: 'int java.lang.invoke.DirectMethodHandle$Holder.invokeSpecial(java.lang.Object, java.lang.Object, java.lang.Object)'> (0x00000000ffde7308) 
thrown [s\src\hotspot\share\interpreter\linkResolver.cpp, line 759]
Event: 3.087 Thread 0x0000023c9a2f2540 Exception <a 'java/lang/NoSuchMethodError'{0x00000000ffdfa418}: 'java.lang.Object java.lang.invoke.Invokers$Holder.invokeExact_MT(java.lang.Object, java.lang.Object, java.lang.Object, java.lang.Object)'> (0x00000000ffdfa418) 
thrown [s\src\hotspot\share\interpreter\linkResolver.cpp, line 759]
Event: 3.100 Thread 0x0000023c9a2f2540 Exception <a 'java/lang/NoSuchMethodError'{0x00000000ffc2c700}: 'java.lang.Object java.lang.invoke.DirectMethodHandle$Holder.invokeVirtual(java.lang.Object, java.lang.Object, java.lang.Object)'> (0x00000000ffc2c700) 
thrown [s\src\hotspot\share\interpreter\linkResolver.cpp, line 759]
Event: 3.349 Thread 0x0000023c9a2f2540 Exception <a 'java/lang/NoSuchMethodError'{0x00000000ff894398}: 'java.lang.Object java.lang.invoke.DirectMethodHandle$Holder.newInvokeSpecial(java.lang.Object, java.lang.Object, java.lang.Object, java.lang.Object, java.lang.Object)'> (0x00000000ff894398) 
thrown [s\src\hotspot\share\interpreter\linkResolver.cpp, line 759]
Event: 3.521 Thread 0x0000023c9a2f2540 Exception <a 'java/lang/NoSuchMethodError'{0x00000000ff598598}: 'void java.lang.invoke.DirectMethodHandle$Holder.invokeSpecial(java.lang.Object, java.lang.Object, java.lang.Object)'> (0x00000000ff598598) 
thrown [s\src\hotspot\share\interpreter\linkResolver.cpp, line 759]
Event: 3.556 Thread 0x0000023c9a2f2540 Implicit null exception at 0x0000023ca999688f to 0x0000023ca9996e00
Event: 3.556 Thread 0x0000023c9a2f2540 Implicit null exception at 0x0000023ca9976c8f to 0x0000023ca9977218
Event: 3.634 Thread 0x0000023c9a2f2540 Exception <a 'java/lang/NoSuchMethodError'{0x00000000ff30d820}: 'java.lang.Object java.lang.invoke.DirectMethodHandle$Holder.invokeStaticInit(java.lang.Object)'> (0x00000000ff30d820) 
thrown [s\src\hotspot\share\interpreter\linkResolver.cpp, line 759]
Event: 3.731 Thread 0x0000023c9a2f2540 Exception <a 'java/lang/NoSuchMethodError'{0x00000000ff3af718}: 'int java.lang.invoke.DirectMethodHandle$Holder.invokeVirtual(java.lang.Object, java.lang.Object, java.lang.Object)'> (0x00000000ff3af718) 
thrown [s\src\hotspot\share\interpreter\linkResolver.cpp, line 759]
Event: 3.763 Thread 0x0000023c9a2f2540 Exception <a 'java/lang/NoSuchMethodError'{0x00000000ff231320}: 'java.lang.Object java.lang.invoke.DirectMethodHandle$Holder.invokeStaticInit(java.lang.Object, int, int, int, int)'> (0x00000000ff231320) 
thrown [s\src\hotspot\share\interpreter\linkResolver.cpp, line 759]
Event: 4.876 Thread 0x0000023c9a2f2540 Exception <a 'java/lang/NoSuchMethodError'{0x00000000ff287118}: 'java.lang.Object java.lang.invoke.DirectMethodHandle$Holder.invokeStaticInit(java.lang.Object, java.lang.Object, int, int, int, int)'> (0x00000000ff287118) 
thrown [s\src\hotspot\share\interpreter\linkResolver.cpp, line 759]
Event: 4.893 Thread 0x0000023c9a2f2540 Exception <a 'java/lang/NoSuchMethodError'{0x00000000ff2a99c8}: 'int java.lang.invoke.DirectMethodHandle$Holder.invokeStatic(java.lang.Object)'> (0x00000000ff2a99c8) 
thrown [s\src\hotspot\share\interpreter\linkResolver.cpp, line 759]
Event: 4.893 Thread 0x0000023c9a2f2540 Exception <a 'java/lang/NoSuchMethodError'{0x00000000ff2ad120}: 'int java.lang.invoke.DirectMethodHandle$Holder.invokeStaticInit(java.lang.Object)'> (0x00000000ff2ad120) 
thrown [s\src\hotspot\share\interpreter\linkResolver.cpp, line 759]
Event: 5.245 Thread 0x0000023c9a2f2540 Exception <a 'java/lang/NoSuchMethodError'{0x00000000ff0a9920}: 'java.lang.Object java.lang.invoke.DirectMethodHandle$Holder.invokeSpecialIFC(java.lang.Object, java.lang.Object, java.lang.Object, java.lang.Object)'> (0x00000000ff0a9920) 
thrown [s\src\hotspot\share\interpreter\linkResolver.cpp, line 759]
Event: 5.745 Thread 0x0000023cf9cc2750 Exception <a 'java/lang/NoSuchMethodError'{0x00000000fe48f660}: 'void java.lang.invoke.DirectMethodHandle$Holder.invokeStatic(java.lang.Object, long)'> (0x00000000fe48f660) 
thrown [s\src\hotspot\share\interpreter\linkResolver.cpp, line 759]
Event: 5.746 Thread 0x0000023cf9cc2750 Exception <a 'java/lang/NoSuchMethodError'{0x00000000fe494fb8}: 'java.lang.Object java.lang.invoke.DirectMethodHandle$Holder.newInvokeSpecial(java.lang.Object, long)'> (0x00000000fe494fb8) 
thrown [s\src\hotspot\share\interpreter\linkResolver.cpp, line 759]
Event: 5.751 Thread 0x0000023cf9cc2750 Exception <a 'java/lang/NoSuchMethodError'{0x00000000fe49fb50}: 'java.lang.Object java.lang.invoke.DirectMethodHandle$Holder.invokeStaticInit(java.lang.Object, java.lang.Object, long, java.lang.Object)'> (0x00000000fe49fb50) 
thrown [s\src\hotspot\share\interpreter\linkResolver.cpp, line 759]
Event: 5.754 Thread 0x0000023cf9cc2750 Exception <a 'java/lang/NoSuchMethodError'{0x00000000fe4a61d8}: 'java.lang.Object java.lang.invoke.DirectMethodHandle$Holder.newInvokeSpecial(java.lang.Object, java.lang.Object, long)'> (0x00000000fe4a61d8) 
thrown [s\src\hotspot\share\interpreter\linkResolver.cpp, line 759]
Event: 5.755 Thread 0x0000023cf9cc2750 Exception <a 'java/lang/NoSuchMethodError'{0x00000000fe4aa4c8}: 'java.lang.Object java.lang.invoke.Invokers$Holder.linkToTargetMethod(java.lang.Object, long, java.lang.Object)'> (0x00000000fe4aa4c8) 
thrown [s\src\hotspot\share\interpreter\linkResolver.cpp, line 759]
Event: 12.700 Thread 0x0000023c9a2f2540 Exception <a 'java/lang/NoSuchMethodError'{0x00000000fe45f870}: 'void java.lang.invoke.DirectMethodHandle$Holder.invokeStatic(java.lang.Object, java.lang.Object, java.lang.Object)'> (0x00000000fe45f870) 
thrown [s\src\hotspot\share\interpreter\linkResolver.cpp, line 759]

VM Operations (20 events):
Event: 399.340 Executing VM operation: Cleanup
Event: 399.340 Executing VM operation: Cleanup done
Event: 401.340 Executing VM operation: Cleanup
Event: 401.340 Executing VM operation: Cleanup done
Event: 406.380 Executing VM operation: Cleanup
Event: 406.380 Executing VM operation: Cleanup done
Event: 411.402 Executing VM operation: Cleanup
Event: 411.402 Executing VM operation: Cleanup done
Event: 413.411 Executing VM operation: Cleanup
Event: 413.411 Executing VM operation: Cleanup done
Event: 415.419 Executing VM operation: Cleanup
Event: 415.419 Executing VM operation: Cleanup done
Event: 421.411 Executing VM operation: HandshakeAllThreads
Event: 421.411 Executing VM operation: HandshakeAllThreads done
Event: 489.991 Executing VM operation: Cleanup
Event: 489.991 Executing VM operation: Cleanup done
Event: 490.996 Executing VM operation: Cleanup
Event: 490.996 Executing VM operation: Cleanup done
Event: 495.019 Executing VM operation: Cleanup
Event: 495.019 Executing VM operation: Cleanup done

Memory protections (0 events):
No events

Nmethod flushes (0 events):
No events

Events (20 events):
Event: 0.159 Thread 0x0000023c9a2f2540 Thread added: 0x0000023cb34c6950
Event: 0.187 Thread 0x0000023c9a2f2540 Thread added: 0x0000023cb3702120
Event: 0.190 Thread 0x0000023c9a2f2540 Thread added: 0x0000023cb3704a60
Event: 1.978 Thread 0x0000023cb34c6040 Thread added: 0x0000023cb38198f0
Event: 2.909 Thread 0x0000023cb38198f0 Thread exited: 0x0000023cb38198f0
Event: 3.004 Thread 0x0000023cb34c6040 Thread added: 0x0000023cf9dee040
Event: 3.253 Thread 0x0000023c9a2f2540 Thread added: 0x0000023cf97fd350
Event: 3.533 Thread 0x0000023cf9dee040 Thread exited: 0x0000023cf9dee040
Event: 5.518 Thread 0x0000023cb34c6040 Thread added: 0x0000023cf9afe8e0
Event: 5.727 Thread 0x0000023c9a2f2540 Thread added: 0x0000023cf9cc2750
Event: 5.778 Thread 0x0000023cf9afe8e0 Thread exited: 0x0000023cf9afe8e0
Event: 5.799 Thread 0x0000023cf9cc2750 Thread added: 0x0000023cf9cbf9c0
Event: 5.802 Thread 0x0000023cf9cc2750 Thread added: 0x0000023cf9cbf4b0
Event: 6.015 Thread 0x0000023cf9cbf9c0 Thread exited: 0x0000023cf9cbf9c0
Event: 12.266 Thread 0x0000023cf9cc2750 Thread exited: 0x0000023cf9cc2750
Event: 12.267 Thread 0x0000023cf9cbf4b0 Thread exited: 0x0000023cf9cbf4b0
Event: 12.869 Thread 0x0000023cb34c6040 Thread added: 0x0000023cf99d0590
Event: 13.008 Thread 0x0000023cf99d0590 Thread exited: 0x0000023cf99d0590
Event: 240.859 Thread 0x0000023cb34c6040 Thread added: 0x0000023cfa482010
Event: 241.460 Thread 0x0000023cfa482010 Thread exited: 0x0000023cfa482010


Dynamic libraries:
0x00007ff7152c0000 - 0x00007ff7152ce000 	C:\Program Files\Eclipse Adoptium\jdk-17.0.18.8-hotspot\bin\java.exe
0x00007fff2e5d0000 - 0x00007fff2e7c8000 	C:\WINDOWS\SYSTEM32\ntdll.dll
0x00007fff2d360000 - 0x00007fff2d422000 	C:\WINDOWS\System32\KERNEL32.DLL
0x00007fff2bcb0000 - 0x00007fff2bfa6000 	C:\WINDOWS\System32\KERNELBASE.dll
0x00007fff2c410000 - 0x00007fff2c510000 	C:\WINDOWS\System32\ucrtbase.dll
0x00007fff22de0000 - 0x00007fff22dfe000 	C:\Program Files\Eclipse Adoptium\jdk-17.0.18.8-hotspot\bin\VCRUNTIME140.dll
0x00007fff184a0000 - 0x00007fff184b8000 	C:\Program Files\Eclipse Adoptium\jdk-17.0.18.8-hotspot\bin\jli.dll
0x00007fff2d750000 - 0x00007fff2d8f1000 	C:\WINDOWS\System32\USER32.dll
0x00007fff2c3e0000 - 0x00007fff2c402000 	C:\WINDOWS\System32\win32u.dll
0x00007fff2d670000 - 0x00007fff2d69b000 	C:\WINDOWS\System32\GDI32.dll
0x00007fff1adc0000 - 0x00007fff1b05b000 	C:\WINDOWS\WinSxS\amd64_microsoft.windows.common-controls_6595b64144ccf1df_6.0.19041.6456_none_60b8a6cb71f64256\COMCTL32.dll
0x00007fff2c2c0000 - 0x00007fff2c3d9000 	C:\WINDOWS\System32\gdi32full.dll
0x00007fff2c220000 - 0x00007fff2c2bd000 	C:\WINDOWS\System32\msvcp_win.dll
0x00007fff2e4f0000 - 0x00007fff2e58e000 	C:\WINDOWS\System32\msvcrt.dll
0x00007fff2d4f0000 - 0x00007fff2d51f000 	C:\WINDOWS\System32\IMM32.DLL
0x00007fff28080000 - 0x00007fff2808c000 	C:\Program Files\Eclipse Adoptium\jdk-17.0.18.8-hotspot\bin\vcruntime140_1.dll
0x00007ffeff460000 - 0x00007ffeff4ed000 	C:\Program Files\Eclipse Adoptium\jdk-17.0.18.8-hotspot\bin\msvcp140.dll
0x00007ffe9f580000 - 0x00007ffea01eb000 	C:\Program Files\Eclipse Adoptium\jdk-17.0.18.8-hotspot\bin\server\jvm.dll
0x00007fff2e310000 - 0x00007fff2e3c1000 	C:\WINDOWS\System32\ADVAPI32.dll
0x00007fff2d9f0000 - 0x00007fff2da8f000 	C:\WINDOWS\System32\sechost.dll
0x00007fff2c6c0000 - 0x00007fff2c7e0000 	C:\WINDOWS\System32\RPCRT4.dll
0x00007fff2c5c0000 - 0x00007fff2c5e7000 	C:\WINDOWS\System32\bcrypt.dll
0x00007fff2e3e0000 - 0x00007fff2e44b000 	C:\WINDOWS\System32\WS2_32.dll
0x00007fff2bab0000 - 0x00007fff2bafb000 	C:\WINDOWS\SYSTEM32\POWRPROF.dll
0x00007fff1b100000 - 0x00007fff1b10a000 	C:\WINDOWS\SYSTEM32\VERSION.dll
0x00007fff1b0a0000 - 0x00007fff1b0c7000 	C:\WINDOWS\SYSTEM32\WINMM.dll
0x00007fff2ba90000 - 0x00007fff2baa2000 	C:\WINDOWS\SYSTEM32\UMPDC.dll
0x00007fff2a430000 - 0x00007fff2a442000 	C:\WINDOWS\SYSTEM32\kernel.appcore.dll
0x00007fff28060000 - 0x00007fff2806a000 	C:\Program Files\Eclipse Adoptium\jdk-17.0.18.8-hotspot\bin\jimage.dll
0x00007fff1b1e0000 - 0x00007fff1b3e1000 	C:\WINDOWS\SYSTEM32\DBGHELP.DLL
0x00007fff12910000 - 0x00007fff12944000 	C:\WINDOWS\SYSTEM32\dbgcore.DLL
0x00007fff2c110000 - 0x00007fff2c192000 	C:\WINDOWS\System32\bcryptPrimitives.dll
0x00007fff10760000 - 0x00007fff10785000 	C:\Program Files\Eclipse Adoptium\jdk-17.0.18.8-hotspot\bin\java.dll
0x00007ffeff380000 - 0x00007ffeff457000 	C:\Program Files\Eclipse Adoptium\jdk-17.0.18.8-hotspot\bin\jsvml.dll
0x00007fff2cac0000 - 0x00007fff2d230000 	C:\WINDOWS\System32\SHELL32.dll
0x00007fff29250000 - 0x00007fff299f5000 	C:\WINDOWS\SYSTEM32\windows.storage.dll
0x00007fff2df00000 - 0x00007fff2e254000 	C:\WINDOWS\System32\combase.dll
0x00007fff2b540000 - 0x00007fff2b56b000 	C:\WINDOWS\SYSTEM32\Wldp.dll
0x00007fff2c5f0000 - 0x00007fff2c6bd000 	C:\WINDOWS\System32\OLEAUT32.dll
0x00007fff2e260000 - 0x00007fff2e30d000 	C:\WINDOWS\System32\SHCORE.dll
0x00007fff2d490000 - 0x00007fff2d4eb000 	C:\WINDOWS\System32\shlwapi.dll
0x00007fff2bb90000 - 0x00007fff2bbb4000 	C:\WINDOWS\SYSTEM32\profapi.dll
0x00007fff10270000 - 0x00007fff1028a000 	C:\Program Files\Eclipse Adoptium\jdk-17.0.18.8-hotspot\bin\net.dll
0x00007fff23c90000 - 0x00007fff23d9a000 	C:\WINDOWS\SYSTEM32\WINHTTP.dll
0x00007fff2b320000 - 0x00007fff2b38a000 	C:\WINDOWS\system32\mswsock.dll
0x00007fff0fe40000 - 0x00007fff0fe56000 	C:\Program Files\Eclipse Adoptium\jdk-17.0.18.8-hotspot\bin\nio.dll
0x00007fff0fcb0000 - 0x00007fff0fcc8000 	C:\Program Files\Eclipse Adoptium\jdk-17.0.18.8-hotspot\bin\zip.dll
0x00007fff27eb0000 - 0x00007fff27ec0000 	C:\Program Files\Eclipse Adoptium\jdk-17.0.18.8-hotspot\bin\verify.dll
0x00007fff0fb20000 - 0x00007fff0fb47000 	D:\gradle-cache\native\c067742578af261105cb4f569cf0c3c89f3d7b1fecec35dd04571415982c5e48\windows-amd64\native-platform.dll
0x00007fff26650000 - 0x00007fff2665a000 	D:\gradle-cache\native\jansi\1.18\windows64\jansi.dll
0x00007fff234e0000 - 0x00007fff234ea000 	C:\Program Files\Eclipse Adoptium\jdk-17.0.18.8-hotspot\bin\management.dll
0x00007fff1ad30000 - 0x00007fff1ad3c000 	C:\Program Files\Eclipse Adoptium\jdk-17.0.18.8-hotspot\bin\management_ext.dll
0x00007fff2c7e0000 - 0x00007fff2c7e8000 	C:\WINDOWS\System32\PSAPI.DLL
0x00007fff2b580000 - 0x00007fff2b598000 	C:\WINDOWS\SYSTEM32\CRYPTSP.dll
0x00007fff2ac60000 - 0x00007fff2ac98000 	C:\WINDOWS\system32\rsaenh.dll
0x00007fff2bb50000 - 0x00007fff2bb7e000 	C:\WINDOWS\SYSTEM32\USERENV.dll
0x00007fff2b4b0000 - 0x00007fff2b4bc000 	C:\WINDOWS\SYSTEM32\CRYPTBASE.dll
0x00007fff2b020000 - 0x00007fff2b05b000 	C:\WINDOWS\SYSTEM32\IPHLPAPI.DLL
0x00007fff2e3d0000 - 0x00007fff2e3d8000 	C:\WINDOWS\System32\NSI.dll
0x00007fff21b30000 - 0x00007fff21b47000 	C:\WINDOWS\SYSTEM32\dhcpcsvc6.DLL
0x00007fff21ab0000 - 0x00007fff21acd000 	C:\WINDOWS\SYSTEM32\dhcpcsvc.DLL
0x00007fff2b060000 - 0x00007fff2b12a000 	C:\WINDOWS\SYSTEM32\DNSAPI.dll
0x00007fff157b0000 - 0x00007fff157b9000 	C:\Program Files\Eclipse Adoptium\jdk-17.0.18.8-hotspot\bin\extnet.dll
0x00007fff152a0000 - 0x00007fff152ae000 	C:\Program Files\Eclipse Adoptium\jdk-17.0.18.8-hotspot\bin\sunmscapi.dll
0x00007fff2bfb0000 - 0x00007fff2c10d000 	C:\WINDOWS\System32\CRYPT32.dll
0x00007fff2b690000 - 0x00007fff2b6b7000 	C:\WINDOWS\SYSTEM32\ncrypt.dll
0x00007fff2b650000 - 0x00007fff2b68b000 	C:\WINDOWS\SYSTEM32\NTASN1.dll
0x00007fff15cb0000 - 0x00007fff15cb7000 	C:\WINDOWS\system32\wshunix.dll

dbghelp: loaded successfully - version: 4.0.5 - missing functions: none
symbol engine: initialized successfully - sym options: 0x614 - pdb path: .;C:\Program Files\Eclipse Adoptium\jdk-17.0.18.8-hotspot\bin;C:\WINDOWS\SYSTEM32;C:\WINDOWS\WinSxS\amd64_microsoft.windows.common-controls_6595b64144ccf1df_6.0.19041.6456_none_60b8a6cb71f64256;C:\Program Files\Eclipse Adoptium\jdk-17.0.18.8-hotspot\bin\server;D:\gradle-cache\native\c067742578af261105cb4f569cf0c3c89f3d7b1fecec35dd04571415982c5e48\windows-amd64;D:\gradle-cache\native\jansi\1.18\windows64

VM Arguments:
jvm_args: -Xmx64m -Xms64m -Dorg.gradle.appname=gradlew 
java_command: org.gradle.wrapper.GradleWrapperMain app:installDebug -PreactNativeDevServerPort=8081
java_class_path (initial): E:\varxus\app\h\GlassMarket\android\\gradle\wrapper\gradle-wrapper.jar
Launcher Type: SUN_STANDARD

[Global flags]
     intx CICompilerCount                          = 3                                         {product} {ergonomic}
     uint ConcGCThreads                            = 1                                         {product} {ergonomic}
     uint G1ConcRefinementThreads                  = 4                                         {product} {ergonomic}
   size_t G1HeapRegionSize                         = 1048576                                   {product} {ergonomic}
    uintx GCDrainStackTargetSize                   = 64                                        {product} {ergonomic}
   size_t InitialHeapSize                          = 67108864                                  {product} {command line}
   size_t MarkStackSize                            = 4194304                                   {product} {ergonomic}
   size_t MaxHeapSize                              = 67108864                                  {product} {command line}
   size_t MaxNewSize                               = 39845888                                  {product} {ergonomic}
   size_t MinHeapDeltaBytes                        = 1048576                                   {product} {ergonomic}
   size_t MinHeapSize                              = 67108864                                  {product} {command line}
    uintx NonNMethodCodeHeapSize                   = 5832780                                {pd product} {ergonomic}
    uintx NonProfiledCodeHeapSize                  = 122912730                              {pd product} {ergonomic}
    uintx ProfiledCodeHeapSize                     = 122912730                              {pd product} {ergonomic}
    uintx ReservedCodeCacheSize                    = 251658240                              {pd product} {ergonomic}
     bool SegmentedCodeCache                       = true                                      {product} {ergonomic}
   size_t SoftMaxHeapSize                          = 67108864                               {manageable} {ergonomic}
     bool UseCompressedClassPointers               = true                           {product lp64_product} {ergonomic}
     bool UseCompressedOops                        = true                           {product lp64_product} {ergonomic}
     bool UseG1GC                                  = true                                      {product} {ergonomic}
     bool UseLargePagesIndividualAllocation        = false                                  {pd product} {ergonomic}

Logging:
Log output configuration:
 #0: stdout all=warning uptime,level,tags
 #1: stderr all=off uptime,level,tags

Environment Variables:
JAVA_HOME=C:\Program Files\Eclipse Adoptium\jdk-17.0.18.8-hotspot
CLASSPATH=E:\varxus\app\h\GlassMarket\android\\gradle\wrapper\gradle-wrapper.jar
PATH=E:\varxus\app\h\GlassMarket\node_modules\.bin;E:\varxus\app\h\GlassMarket\node_modules\.bin;E:\varxus\app\h\node_modules\.bin;E:\varxus\app\node_modules\.bin;E:\varxus\node_modules\.bin;E:\node_modules\.bin;C:\Users\Sajeel Ahmad\AppData\Roaming\npm\node_modules\npm\node_modules\@npmcli\run-script\lib\node-gyp-bin;C:\Program Files\Eclipse Adoptium\jdk-17.0.18.8-hotspot\bin;C:\Users\Sajeel Ahmad\AppData\Roaming\npm;C:\Users\Sajeel Ahmad\AppData\Roaming\npm;C:\Program Files\nodejs\;C:\Users\Sajeel Ahmad\AppData\Roaming\npm;C:\Program Files\nodejs\;C:\Program Files\Java\jdk-26\bin;D:\Android\Sdk\platform-tools;D:\Android\Sdk\emulator;C:\WINDOWS\system32;C:\WINDOWS;C:\WINDOWS\System32\Wbem;C:\WINDOWS\System32\WindowsPowerShell\v1.0\;C:\WINDOWS\System32\OpenSSH\;C:\Program Files\Git\cmd;C:\Program Files\PostgreSQL\16\bin;C:\Program Files\dotnet\;C:\Program Files\nodejs\;C:\Program Files\PuTTY\;C:\Users\Sajeel Ahmad\AppData\Local\Microsoft\WindowsApps;C:\Users\Sajeel Ahmad\AppData\Local\Programs\Microsoft VS Code\bin;C:\Users\Sajeel Ahmad\AppData\Roaming\npm;C:\Users\Sajeel Ahmad\AppData\Local\Programs\cursor\resources\app\bin;C:\Program Files\Java\jdk-17\bin;D:\Android\Sdk\platform-tools;D:\Android\Sdk\emulator;C:\Users\Sajeel Ahmad\AppData\Local\Microsoft\WindowsApps;;C:\Users\Sajeel Ahmad\AppData\Local\Programs\Microsoft VS Code\bin;D:\Users\Sajeel Ahmad\AppData\Local\Programs\cursor\resources\app\bin;C:\Users\Sajeel Ahmad\AppData\Roaming\npm
USERNAME=Sajeel Ahmad
OS=Windows_NT
PROCESSOR_IDENTIFIER=Intel64 Family 6 Model 78 Stepping 3, GenuineIntel
TMP=C:\Users\SAJEEL~1\AppData\Local\Temp
TEMP=C:\Users\SAJEEL~1\AppData\Local\Temp



Periodic native trim disabled


---------------  S Y S T E M  ---------------

OS:
 Windows 10 , 64 bit Build 19041 (10.0.19041.5915)
OS uptime: 0 days 11:15 hours
Hyper-V role detected

CPU: total 4 (initial active 4) (2 cores per cpu, 2 threads per core) family 6 model 78 stepping 3 microcode 0xcc, cx8, cmov, fxsr, ht, mmx, 3dnowpref, sse, sse2, sse3, ssse3, sse4.1, sse4.2, popcnt, lzcnt, tsc, tscinvbit, avx, avx2, aes, erms, clmul, bmi1, bmi2, rtm, adx, fma, vzeroupper, clflush, clflushopt, hv
Processor Information for all 4 processors :
  Max Mhz: 2496, Current Mhz: 798, Mhz Limit: 798

Memory: 4k page, system-wide physical 8058M (425M free)
TotalPageFile size 13949M (AvailPageFile size 157M)
current process WorkingSet (physical memory assigned to process): 45M, peak: 128M
current process commit charge ("private bytes"): 159M, peak: 180M

vm_info: OpenJDK 64-Bit Server VM (17.0.18+8) for windows-amd64 JRE (17.0.18+8), built on Jan 20 2026 22:28:22 by "admin" with MS VC++ 17.12 (VS2022)

END.
